[2026-01-04T22:45:58.975081] Saved: audit/100_records/run_8/final/B0DX7JCTT6.json
[2026-01-04T22:45:58.975488] Saved: audit/100_records/run_8/final/B0F47VTGSN.json
[2026-01-04T22:45:58.975790] Saved: audit/100_records/run_8/final/B0DYV8BKHY.json
[2026-01-04T22:45:58.976268] Saved: audit/100_records/run_8/final/B0CRSR8NZ4.json
[2026-01-04T22:45:58.976644] Saved: audit/100_records/run_8/final/B0F94G1PLD.json
[2026-01-04T22:45:58.976889] Saved: audit/100_records/run_8/final/B0D9W7H2VN.json
[2026-01-04T22:45:58.977138] Saved: audit/100_records/run_8/final/B0F48YTHV6.json
[2026-01-04T22:45:58.977602] Saved: audit/100_records/run_8/final/B0DT98X7C5.json
[2026-01-04T22:45:58.978246] Saved: audit/100_records/run_8/final/B003W0XMC8.json
[2026-01-04T22:45:58.978729] Saved: audit/100_records/run_8/final/B07661Z3YX.json
[2026-01-04T22:45:58.979049] Saved: audit/100_records/run_8/final/B07B5NW3LB.json
[2026-01-04T22:45:58.979331] Saved: audit/100_records/run_8/final/B0B9D4MM5Y.json
[2026-01-04T22:45:58.980102] Saved: audit/100_records/run_8/final/B00ORTRKRG.json
[2026-01-04T22:45:58.980626] Saved: audit/100_records/run_8/final/B0DYYKZJ9P.json
[2026-01-04T22:45:58.980962] Saved: audit/100_records/run_8/final/B00JIW5W90.json
[2026-01-04T22:45:58.981280] Saved: audit/100_records/run_8/final/B08249R3DT.json
[2026-01-04T22:45:58.981568] Saved: audit/100_records/run_8/final/B0B6HNQ6ST.json
[2026-01-04T22:45:58.981802] Saved: audit/100_records/run_8/final/B0F3XF36YF.json
[2026-01-04T22:45:58.982016] Saved: audit/100_records/run_8/final/B0DXVBS3CR.json
[2026-01-04T22:45:58.983375] Saved: audit/100_records/run_8/final/B0DWH2V3X5.json
[2026-01-04T22:45:58.983624] Saved: audit/100_records/run_8/final/B07534S4HQ.json
[2026-01-04T22:45:58.983859] Saved: audit/100_records/run_8/final/B0CLYZV7XF.json
[2026-01-04T22:45:58.984089] Saved: audit/100_records/run_8/final/B0FD3C138L.json
[2026-01-04T22:45:58.984327] Saved: audit/100_records/run_8/final/B07FJZ92MN.json
[2026-01-04T22:45:58.984556] Saved: audit/100_records/run_8/final/B0F321184C.json
[2026-01-04T22:45:58.984781] Saved: audit/100_records/run_8/final/B0DSZV5FCW.json
[2026-01-04T22:45:58.984985] Saved: audit/100_records/run_8/final/B081LFG6S4.json
[2026-01-04T22:45:58.985195] Saved: audit/100_records/run_8/final/B0F7848CK8.json
[2026-01-04T22:45:58.985405] Saved: audit/100_records/run_8/final/B0FDV4VJGD.json
[2026-01-04T22:45:58.985623] Saved: audit/100_records/run_8/final/B0CRKNCY5D.json
[2026-01-04T22:45:58.985982] Saved: audit/100_records/run_8/final/B077XK525F.json
[2026-01-04T22:45:58.986201] Saved: audit/100_records/run_8/final/B0DXX8PSYY.json
[2026-01-04T22:45:58.986418] Saved: audit/100_records/run_8/final/B0FD41XD7D.json
[2026-01-04T22:45:58.986631] Saved: audit/100_records/run_8/final/B0F2JNBG5Z.json
[2026-01-04T22:45:58.986908] Saved: audit/100_records/run_8/final/B0FD1WF2HJ.json
[2026-01-04T22:45:58.987114] Saved: audit/100_records/run_8/final/B0DSBQKLFL.json
[2026-01-04T22:45:58.987319] Saved: audit/100_records/run_8/final/B0F79V21TG.json
[2026-01-04T22:45:58.987522] Saved: audit/100_records/run_8/final/B08RMLXQFR.json
[2026-01-04T22:45:58.987739] Saved: audit/100_records/run_8/final/B0CS6J2YW7.json
[2026-01-04T22:45:58.988251] Saved: audit/100_records/run_8/final/B08C5NX1ML.json
[2026-01-04T22:45:58.988475] Saved: audit/100_records/run_8/final/B083JP1G11.json
[2026-01-04T22:45:58.988660] Saved: audit/100_records/run_8/final/B0C173H9J3.json
[2026-01-04T22:45:58.988850] Saved: audit/100_records/run_8/final/B0DQQFHBNJ.json
[2026-01-04T22:45:58.989754] Saved: audit/100_records/run_8/final/B00X4PDXPW.json
[2026-01-04T22:45:58.989989] Saved: audit/100_records/run_8/final/B0FF4D1YD8.json
[2026-01-04T22:45:58.990188] Saved: audit/100_records/run_8/final/B0DGGQ3XL8.json
[2026-01-04T22:45:58.990370] Saved: audit/100_records/run_8/final/B0F9CNJ4PF.json
[2026-01-04T22:45:58.990608] Saved: audit/100_records/run_8/final/B0FDH4WMJY.json
[2026-01-04T22:45:58.990804] Saved: audit/100_records/run_8/final/B07DNTYN7D.json
[2026-01-04T22:45:58.991060] Saved: audit/100_records/run_8/final/B0DQFBTG4K.json
[2026-01-04T22:45:58.991284] Saved: audit/100_records/run_8/final/B0785GPGXM.json
[2026-01-04T22:45:58.991489] Saved: audit/100_records/run_8/final/B0D5R231NR.json
[2026-01-04T22:45:58.991684] Saved: audit/100_records/run_8/final/B0DCG6HDHM.json
[2026-01-04T22:45:58.991970] Saved: audit/100_records/run_8/final/B0FFHS6LJ7.json
[2026-01-04T22:45:58.992167] Saved: audit/100_records/run_8/final/B0DM63Y1QR.json
[2026-01-04T22:45:58.992351] Saved: audit/100_records/run_8/final/B0F79VBBDD.json
[2026-01-04T22:45:58.992526] Saved: audit/100_records/run_8/final/B0CC1Z9H9J.json
[2026-01-04T22:45:58.992784] Saved: audit/100_records/run_8/final/B0F3QJ841K.json
[2026-01-04T22:45:58.992969] Saved: audit/100_records/run_8/final/B08XMRQM8F.json
[2026-01-04T22:45:58.993149] Saved: audit/100_records/run_8/final/B07SLC4F3Q.json
[2026-01-04T22:45:58.993347] Saved: audit/100_records/run_8/final/B07BZT4NR7.json
[2026-01-04T22:45:58.993523] Saved: audit/100_records/run_8/final/B0CGB15Y1B.json
[2026-01-04T22:45:58.993773] Saved: audit/100_records/run_8/final/B0D73JWQSJ.json
[2026-01-04T22:45:58.993959] Saved: audit/100_records/run_8/final/B0FBMFX7TK.json
[2026-01-04T22:45:58.994130] Saved: audit/100_records/run_8/final/B0DTKRM9SG.json
[2026-01-04T22:45:58.994293] Saved: audit/100_records/run_8/final/B0CGVWMH91.json
[2026-01-04T22:45:58.994488] Saved: audit/100_records/run_8/final/B0DSQMLMZ7.json
[2026-01-04T22:45:58.994712] Saved: audit/100_records/run_8/final/B0D7VVDC9M.json
[2026-01-04T22:45:58.994894] Saved: audit/100_records/run_8/final/B0D2XJSVGR.json
[2026-01-04T22:45:58.995067] Saved: audit/100_records/run_8/final/B0BH6FHLHM.json
[2026-01-04T22:45:58.995324] Saved: audit/100_records/run_8/final/B0DN2YNDNP.json
[2026-01-04T22:45:58.995495] Saved: audit/100_records/run_8/final/B0BKXSF3ZN.json
[2026-01-04T22:45:58.995680] Saved: audit/100_records/run_8/final/B0BD74DHWZ.json
[2026-01-04T22:45:58.995858] Saved: audit/100_records/run_8/final/B0F1DY5YC5.json
[2026-01-04T22:45:58.996024] Saved: audit/100_records/run_8/final/B0F293JPVV.json
[2026-01-04T22:45:58.996543] Saved: audit/100_records/run_8/final/B0F1DB7T64.json
[2026-01-04T22:45:58.996737] Saved: audit/100_records/run_8/final/B01M72N45A.json
[2026-01-04T22:45:58.997199] Saved: audit/100_records/run_8/final/B0F69PMFS4.json
[2026-01-04T22:45:58.997388] Saved: audit/100_records/run_8/final/B0F2F7H3R6.json
[2026-01-04T22:45:58.997572] Saved: audit/100_records/run_8/final/B0CR4JHJF6.json
[2026-01-04T22:45:58.997768] Saved: audit/100_records/run_8/final/B0DZHBRK94.json
[2026-01-04T22:45:58.997940] Saved: audit/100_records/run_8/final/B07GJL3RBD.json
[2026-01-04T22:45:58.998115] Saved: audit/100_records/run_8/final/B0F7C9DWG6.json
[2026-01-04T22:45:58.998285] Saved: audit/100_records/run_8/final/B086RYBTBF.json
[2026-01-04T22:45:58.998469] Saved: audit/100_records/run_8/final/B07VN5QTWG.json
[2026-01-04T22:45:58.998682] Saved: audit/100_records/run_8/final/B088FFV6YV.json
[2026-01-04T22:45:58.998874] Saved: audit/100_records/run_8/final/B0D2M79C6Y.json
[2026-01-04T22:45:58.999056] Saved: audit/100_records/run_8/final/B0F8PB7N9H.json
[2026-01-04T22:45:58.999248] Saved: audit/100_records/run_8/final/B08BGWRSX2.json
[2026-01-04T22:45:58.999432] Saved: audit/100_records/run_8/final/B0DNFN8T7Q.json
[2026-01-04T22:45:58.999590] Saved: audit/100_records/run_8/final/B0DB8J22CB.json
[2026-01-04T22:45:58.999849] Saved: audit/100_records/run_8/final/B0D93N7GZM.json
[2026-01-04T22:45:59.000016] Saved: audit/100_records/run_8/final/B0F3VLXJ42.json
[2026-01-04T22:45:59.000169] Saved: audit/100_records/run_8/final/B0FDB59YWX.json
[2026-01-04T22:45:59.000319] Saved: audit/100_records/run_8/final/B09SD3F2XN.json
[2026-01-04T22:45:59.000553] Saved: audit/100_records/run_8/final/B0B4MBM3D6.json
[2026-01-04T22:45:59.000731] Saved: audit/100_records/run_8/final/B0FC4GYHK5.json
[2026-01-04T22:45:59.000887] Saved: audit/100_records/run_8/final/B0D5Z131HZ.json
[2026-01-04T22:45:59.001095] Saved: audit/100_records/run_8/final/B09Z1F981N.json
[2026-01-04T22:45:59.001285] Saved: audit/100_records/run_8/final/B0D2L5D3QB.json
