[2026-01-04T22:43:47.961097] RUN START: uncoded_100_records | Run: run_8
[2026-01-04T22:43:47.961772] ================================================================================
[2026-01-04T22:43:47.961808] STARTING PRODUCTION ORCHESTRATOR
[2026-01-04T22:43:47.961837] ================================================================================
[2026-01-04T22:43:47.961863] Input file: data/input/uncoded_100_records.csv
[2026-01-04T22:43:47.961888] Total records: 100
[2026-01-04T22:43:47.961913] Max workers: 100
[2026-01-04T22:43:47.961937] Batch size: 100
[2026-01-04T22:43:47.961960] File ID: 100_records
[2026-01-04T22:43:47.961982] Run ID: run_8
[2026-01-04T22:45:59.001363] Batch 1 complete: 100 products processed
[2026-01-04T22:45:59.006612] ================================================================================
[2026-01-04T22:45:59.006658] PROCESSING COMPLETE
[2026-01-04T22:45:59.006697] ================================================================================
[2026-01-04T22:45:59.006735] Success: 24, Filtered: 0, Errors: 6
[2026-01-04T22:45:59.006772] Total cost: $0.0000
[2026-01-04T22:45:59.006812] Total tokens: 0 (input: 0, output: 0)
[2026-01-04T22:45:59.006849] Total duration: 131.05s
[2026-01-04T22:45:59.006883] Output CSV: data/output/100_records/run_8/uncoded_100_records.csv
[2026-01-04T22:45:59.007026] Run manifest saved: audit/100_records/run_8/run_manifest.json
