[2026-01-01T02:25:47.200874] RUN START: uncoded_amz_p5_2025 | Run: run_1
[2026-01-01T02:25:47.201261] ================================================================================
[2026-01-01T02:25:47.201303] STARTING PRODUCTION ORCHESTRATOR
[2026-01-01T02:25:47.201337] ================================================================================
[2026-01-01T02:25:47.201366] Input file: data/input/uncoded_amz_p5_2025.csv
[2026-01-01T02:25:47.201396] Total records: 31446
[2026-01-01T02:25:47.201427] Max workers: 5
[2026-01-01T02:25:47.201461] Batch size: 100
[2026-01-01T02:25:47.201495] File ID: amz_p5_2025
[2026-01-01T02:25:47.201528] Run ID: run_1
[2026-01-01T02:25:47.243321] Batch 1 complete: 100 products processed
[2026-01-01T02:25:47.266846] Batch 2 complete: 100 products processed
[2026-01-01T02:25:47.290181] Batch 3 complete: 100 products processed
[2026-01-01T02:25:47.312931] Batch 4 complete: 100 products processed
[2026-01-01T02:25:47.334436] Batch 5 complete: 100 products processed
[2026-01-01T02:25:47.356058] Batch 6 complete: 100 products processed
[2026-01-01T02:25:47.378466] Batch 7 complete: 100 products processed
[2026-01-01T02:25:47.401310] Batch 8 complete: 100 products processed
[2026-01-01T02:25:47.422547] Batch 9 complete: 100 products processed
[2026-01-01T02:25:47.445207] Batch 10 complete: 100 products processed
[2026-01-01T02:25:47.467517] Batch 11 complete: 100 products processed
[2026-01-01T02:25:47.488399] Batch 12 complete: 100 products processed
[2026-01-01T02:25:47.509187] Batch 13 complete: 100 products processed
[2026-01-01T02:25:47.530284] Batch 14 complete: 100 products processed
[2026-01-01T02:25:47.551229] Batch 15 complete: 100 products processed
[2026-01-01T02:25:47.572368] Batch 16 complete: 100 products processed
[2026-01-01T02:25:47.594570] Batch 17 complete: 100 products processed
[2026-01-01T02:25:47.616860] Batch 18 complete: 100 products processed
[2026-01-01T02:25:47.638542] Batch 19 complete: 100 products processed
[2026-01-01T02:25:47.660912] Batch 20 complete: 100 products processed
[2026-01-01T02:25:47.682696] Batch 21 complete: 100 products processed
[2026-01-01T02:25:47.704900] Batch 22 complete: 100 products processed
[2026-01-01T02:25:47.727295] Batch 23 complete: 100 products processed
[2026-01-01T02:25:47.748373] Batch 24 complete: 100 products processed
[2026-01-01T02:25:47.769923] Batch 25 complete: 100 products processed
[2026-01-01T02:25:47.791202] Batch 26 complete: 100 products processed
[2026-01-01T02:25:47.813671] Batch 27 complete: 100 products processed
[2026-01-01T02:25:47.835824] Batch 28 complete: 100 products processed
[2026-01-01T02:25:47.858441] Batch 29 complete: 100 products processed
[2026-01-01T02:25:47.879331] Batch 30 complete: 100 products processed
[2026-01-01T02:25:47.899880] Batch 31 complete: 100 products processed
[2026-01-01T02:25:47.921258] Batch 32 complete: 100 products processed
[2026-01-01T02:25:47.943470] Batch 33 complete: 100 products processed
[2026-01-01T02:25:47.964868] Batch 34 complete: 100 products processed
[2026-01-01T02:25:47.986939] Batch 35 complete: 100 products processed
[2026-01-01T02:25:48.008072] Batch 36 complete: 100 products processed
[2026-01-01T02:25:48.030450] Batch 37 complete: 100 products processed
[2026-01-01T02:25:48.052409] Batch 38 complete: 100 products processed
[2026-01-01T02:25:48.074762] Batch 39 complete: 100 products processed
[2026-01-01T02:25:48.096945] Batch 40 complete: 100 products processed
[2026-01-01T02:25:48.117739] Batch 41 complete: 100 products processed
[2026-01-01T02:25:48.139871] Batch 42 complete: 100 products processed
[2026-01-01T02:25:48.161297] Batch 43 complete: 100 products processed
[2026-01-01T02:25:48.182679] Batch 44 complete: 100 products processed
[2026-01-01T02:25:48.204236] Batch 45 complete: 100 products processed
[2026-01-01T02:25:48.225371] Batch 46 complete: 100 products processed
[2026-01-01T02:25:48.253178] Batch 47 complete: 100 products processed
[2026-01-01T02:25:48.275627] Batch 48 complete: 100 products processed
[2026-01-01T02:25:48.298230] Batch 49 complete: 100 products processed
[2026-01-01T02:25:48.320514] Batch 50 complete: 100 products processed
[2026-01-01T02:25:48.341884] Batch 51 complete: 100 products processed
[2026-01-01T02:25:48.363048] Batch 52 complete: 100 products processed
[2026-01-01T02:25:48.384652] Batch 53 complete: 100 products processed
[2026-01-01T02:25:48.406357] Batch 54 complete: 100 products processed
[2026-01-01T02:25:48.428605] Batch 55 complete: 100 products processed
[2026-01-01T02:25:48.450863] Batch 56 complete: 100 products processed
[2026-01-01T02:25:48.472938] Batch 57 complete: 100 products processed
[2026-01-01T02:25:48.495337] Batch 58 complete: 100 products processed
[2026-01-01T02:25:48.517599] Batch 59 complete: 100 products processed
[2026-01-01T02:25:48.540657] Batch 60 complete: 100 products processed
[2026-01-01T02:25:48.563325] Batch 61 complete: 100 products processed
[2026-01-01T02:25:48.586224] Batch 62 complete: 100 products processed
[2026-01-01T02:25:48.607037] Batch 63 complete: 100 products processed
[2026-01-01T02:25:48.627545] Batch 64 complete: 100 products processed
[2026-01-01T02:25:48.648838] Batch 65 complete: 100 products processed
[2026-01-01T02:25:48.671223] Batch 66 complete: 100 products processed
[2026-01-01T02:25:48.693210] Batch 67 complete: 100 products processed
[2026-01-01T02:25:48.715569] Batch 68 complete: 100 products processed
[2026-01-01T02:25:48.737589] Batch 69 complete: 100 products processed
[2026-01-01T02:25:48.760005] Batch 70 complete: 100 products processed
[2026-01-01T02:25:48.781376] Batch 71 complete: 100 products processed
[2026-01-01T02:25:48.803063] Batch 72 complete: 100 products processed
[2026-01-01T02:25:48.825313] Batch 73 complete: 100 products processed
[2026-01-01T02:25:48.847175] Batch 74 complete: 100 products processed
[2026-01-01T02:25:48.869398] Batch 75 complete: 100 products processed
[2026-01-01T02:25:48.891967] Batch 76 complete: 100 products processed
[2026-01-01T02:25:48.914778] Batch 77 complete: 100 products processed
[2026-01-01T02:25:48.936936] Batch 78 complete: 100 products processed
[2026-01-01T02:25:48.959556] Batch 79 complete: 100 products processed
[2026-01-01T02:25:48.983533] Batch 80 complete: 100 products processed
[2026-01-01T02:25:49.005111] Batch 81 complete: 100 products processed
[2026-01-01T02:25:49.026963] Batch 82 complete: 100 products processed
[2026-01-01T02:25:49.050006] Batch 83 complete: 100 products processed
[2026-01-01T02:25:49.072905] Batch 84 complete: 100 products processed
[2026-01-01T02:25:49.094521] Batch 85 complete: 100 products processed
[2026-01-01T02:25:49.116829] Batch 86 complete: 100 products processed
[2026-01-01T02:25:49.138686] Batch 87 complete: 100 products processed
[2026-01-01T02:25:49.161635] Batch 88 complete: 100 products processed
[2026-01-01T02:25:49.183208] Batch 89 complete: 100 products processed
[2026-01-01T02:25:49.204749] Batch 90 complete: 100 products processed
[2026-01-01T02:25:49.227345] Batch 91 complete: 100 products processed
[2026-01-01T02:25:49.250216] Batch 92 complete: 100 products processed
[2026-01-01T02:25:49.273992] Batch 93 complete: 100 products processed
[2026-01-01T02:25:49.297030] Batch 94 complete: 100 products processed
[2026-01-01T02:25:49.319442] Batch 95 complete: 100 products processed
[2026-01-01T02:25:49.340837] Batch 96 complete: 100 products processed
[2026-01-01T02:25:49.362374] Batch 97 complete: 100 products processed
[2026-01-01T02:25:49.383289] Batch 98 complete: 100 products processed
[2026-01-01T02:25:49.404746] Batch 99 complete: 100 products processed
[2026-01-01T02:25:49.426648] Batch 100 complete: 100 products processed
[2026-01-01T02:25:49.447636] Batch 101 complete: 100 products processed
[2026-01-01T02:25:49.469156] Batch 102 complete: 100 products processed
[2026-01-01T02:25:49.490159] Batch 103 complete: 100 products processed
[2026-01-01T02:25:49.517746] Batch 104 complete: 100 products processed
[2026-01-01T02:25:49.540429] Batch 105 complete: 100 products processed
[2026-01-01T02:25:49.561390] Batch 106 complete: 100 products processed
[2026-01-01T02:25:49.583549] Batch 107 complete: 100 products processed
[2026-01-01T02:25:49.604831] Batch 108 complete: 100 products processed
[2026-01-01T02:25:49.626141] Batch 109 complete: 100 products processed
[2026-01-01T02:25:49.647821] Batch 110 complete: 100 products processed
[2026-01-01T02:25:49.670110] Batch 111 complete: 100 products processed
[2026-01-01T02:25:49.693535] Batch 112 complete: 100 products processed
[2026-01-01T02:25:49.716101] Batch 113 complete: 100 products processed
[2026-01-01T02:25:49.738846] Batch 114 complete: 100 products processed
[2026-01-01T02:25:49.761151] Batch 115 complete: 100 products processed
[2026-01-01T02:25:49.790137] Batch 116 complete: 100 products processed
[2026-01-01T02:25:49.813786] Batch 117 complete: 100 products processed
[2026-01-01T02:25:49.835369] Batch 118 complete: 100 products processed
[2026-01-01T02:25:49.856914] Batch 119 complete: 100 products processed
[2026-01-01T02:25:49.879336] Batch 120 complete: 100 products processed
[2026-01-01T02:25:49.901861] Batch 121 complete: 100 products processed
[2026-01-01T02:25:49.924410] Batch 122 complete: 100 products processed
[2026-01-01T02:25:49.946145] Batch 123 complete: 100 products processed
[2026-01-01T02:25:49.968441] Batch 124 complete: 100 products processed
[2026-01-01T02:25:49.991302] Batch 125 complete: 100 products processed
[2026-01-01T02:25:50.012273] Batch 126 complete: 100 products processed
[2026-01-01T02:25:50.034780] Batch 127 complete: 100 products processed
[2026-01-01T02:25:50.057007] Batch 128 complete: 100 products processed
[2026-01-01T02:25:50.079286] Batch 129 complete: 100 products processed
[2026-01-01T02:25:50.101571] Batch 130 complete: 100 products processed
[2026-01-01T02:25:50.124328] Batch 131 complete: 100 products processed
[2026-01-01T02:25:50.146610] Batch 132 complete: 100 products processed
[2026-01-01T02:25:50.168595] Batch 133 complete: 100 products processed
[2026-01-01T02:25:50.190963] Batch 134 complete: 100 products processed
[2026-01-01T02:25:50.213444] Batch 135 complete: 100 products processed
[2026-01-01T02:25:50.236108] Batch 136 complete: 100 products processed
[2026-01-01T02:25:50.258821] Batch 137 complete: 100 products processed
[2026-01-01T02:25:50.281506] Batch 138 complete: 100 products processed
[2026-01-01T02:25:50.304974] Batch 139 complete: 100 products processed
[2026-01-01T02:25:50.326803] Batch 140 complete: 100 products processed
[2026-01-01T02:25:50.349128] Batch 141 complete: 100 products processed
[2026-01-01T02:25:50.371796] Batch 142 complete: 100 products processed
[2026-01-01T02:25:50.394195] Batch 143 complete: 100 products processed
[2026-01-01T02:25:50.417227] Batch 144 complete: 100 products processed
[2026-01-01T02:25:50.438852] Batch 145 complete: 100 products processed
[2026-01-01T02:25:50.460509] Batch 146 complete: 100 products processed
[2026-01-01T02:25:50.483366] Batch 147 complete: 100 products processed
[2026-01-01T02:25:50.506749] Batch 148 complete: 100 products processed
[2026-01-01T02:25:50.530891] Batch 149 complete: 100 products processed
[2026-01-01T02:25:50.556141] Batch 150 complete: 100 products processed
[2026-01-01T02:25:50.582794] Batch 151 complete: 100 products processed
[2026-01-01T02:25:50.606750] Batch 152 complete: 100 products processed
[2026-01-01T02:25:50.629357] Batch 153 complete: 100 products processed
[2026-01-01T02:25:50.654900] Batch 154 complete: 100 products processed
[2026-01-01T02:25:50.679383] Batch 155 complete: 100 products processed
[2026-01-01T02:25:50.704747] Batch 156 complete: 100 products processed
[2026-01-01T02:25:50.727459] Batch 157 complete: 100 products processed
[2026-01-01T02:25:50.750449] Batch 158 complete: 100 products processed
[2026-01-01T02:25:50.774693] Batch 159 complete: 100 products processed
[2026-01-01T02:25:50.799605] Batch 160 complete: 100 products processed
[2026-01-01T02:25:50.823778] Batch 161 complete: 100 products processed
[2026-01-01T02:25:50.847168] Batch 162 complete: 100 products processed
[2026-01-01T02:25:50.868745] Batch 163 complete: 100 products processed
[2026-01-01T02:25:50.893004] Batch 164 complete: 100 products processed
[2026-01-01T02:25:50.917664] Batch 165 complete: 100 products processed
[2026-01-01T02:25:50.941221] Batch 166 complete: 100 products processed
[2026-01-01T02:25:50.991455] Batch 167 complete: 100 products processed
[2026-01-01T02:25:51.032442] Batch 168 complete: 100 products processed
[2026-01-01T02:25:51.054297] Batch 169 complete: 100 products processed
[2026-01-01T02:25:51.078920] Batch 170 complete: 100 products processed
[2026-01-01T02:25:51.104495] Batch 171 complete: 100 products processed
[2026-01-01T02:25:51.126328] Batch 172 complete: 100 products processed
[2026-01-01T02:25:51.149901] Batch 173 complete: 100 products processed
[2026-01-01T02:25:51.172657] Batch 174 complete: 100 products processed
[2026-01-01T02:25:51.197809] Batch 175 complete: 100 products processed
[2026-01-01T02:25:51.220560] Batch 176 complete: 100 products processed
[2026-01-01T02:25:51.247647] Batch 177 complete: 100 products processed
[2026-01-01T02:25:51.271682] Batch 178 complete: 100 products processed
[2026-01-01T02:25:51.295014] Batch 179 complete: 100 products processed
[2026-01-01T02:25:51.317997] Batch 180 complete: 100 products processed
[2026-01-01T02:25:51.341276] Batch 181 complete: 100 products processed
[2026-01-01T02:25:51.365264] Batch 182 complete: 100 products processed
[2026-01-01T02:25:51.387820] Batch 183 complete: 100 products processed
[2026-01-01T02:25:51.410694] Batch 184 complete: 100 products processed
[2026-01-01T02:25:51.433410] Batch 185 complete: 100 products processed
[2026-01-01T02:25:51.455618] Batch 186 complete: 100 products processed
[2026-01-01T02:25:51.478394] Batch 187 complete: 100 products processed
[2026-01-01T02:25:51.499020] Batch 188 complete: 100 products processed
[2026-01-01T02:25:51.521037] Batch 189 complete: 100 products processed
[2026-01-01T02:25:51.560918] Batch 190 complete: 100 products processed
[2026-01-01T02:25:51.583743] Batch 191 complete: 100 products processed
[2026-01-01T02:25:51.606604] Batch 192 complete: 100 products processed
[2026-01-01T02:25:51.628177] Batch 193 complete: 100 products processed
[2026-01-01T02:25:51.650497] Batch 194 complete: 100 products processed
[2026-01-01T02:25:51.673289] Batch 195 complete: 100 products processed
[2026-01-01T02:25:51.694317] Batch 196 complete: 100 products processed
[2026-01-01T02:25:51.715740] Batch 197 complete: 100 products processed
[2026-01-01T02:25:51.738209] Batch 198 complete: 100 products processed
[2026-01-01T02:25:51.760227] Batch 199 complete: 100 products processed
[2026-01-01T02:25:51.782879] Batch 200 complete: 100 products processed
[2026-01-01T02:25:51.805438] Batch 201 complete: 100 products processed
[2026-01-01T02:25:51.828054] Batch 202 complete: 100 products processed
[2026-01-01T02:25:51.851468] Batch 203 complete: 100 products processed
[2026-01-01T02:25:51.873294] Batch 204 complete: 100 products processed
[2026-01-01T02:25:51.895012] Batch 205 complete: 100 products processed
[2026-01-01T02:25:51.918044] Batch 206 complete: 100 products processed
[2026-01-01T02:25:51.940909] Batch 207 complete: 100 products processed
[2026-01-01T02:25:51.963585] Batch 208 complete: 100 products processed
[2026-01-01T02:25:51.986224] Batch 209 complete: 100 products processed
[2026-01-01T02:25:52.007649] Batch 210 complete: 100 products processed
[2026-01-01T02:25:52.029240] Batch 211 complete: 100 products processed
[2026-01-01T02:25:52.053530] Batch 212 complete: 100 products processed
[2026-01-01T02:25:52.078810] Batch 213 complete: 100 products processed
[2026-01-01T02:25:52.102620] Batch 214 complete: 100 products processed
[2026-01-01T02:25:52.129546] Batch 215 complete: 100 products processed
[2026-01-01T02:25:52.152892] Batch 216 complete: 100 products processed
[2026-01-01T02:25:52.175064] Batch 217 complete: 100 products processed
[2026-01-01T02:25:52.198197] Batch 218 complete: 100 products processed
[2026-01-01T02:25:52.223418] Batch 219 complete: 100 products processed
[2026-01-01T02:25:52.245632] Batch 220 complete: 100 products processed
[2026-01-01T02:25:52.267943] Batch 221 complete: 100 products processed
[2026-01-01T02:25:52.291743] Batch 222 complete: 100 products processed
[2026-01-01T02:25:52.315282] Batch 223 complete: 100 products processed
[2026-01-01T02:25:52.337506] Batch 224 complete: 100 products processed
[2026-01-01T02:25:52.385346] Batch 225 complete: 100 products processed
[2026-01-01T02:25:52.432440] Batch 226 complete: 100 products processed
[2026-01-01T02:25:52.456405] Batch 227 complete: 100 products processed
[2026-01-01T02:25:52.480317] Batch 228 complete: 100 products processed
[2026-01-01T02:25:52.502577] Batch 229 complete: 100 products processed
[2026-01-01T02:25:52.525907] Batch 230 complete: 100 products processed
[2026-01-01T02:25:52.548976] Batch 231 complete: 100 products processed
[2026-01-01T02:25:52.575469] Batch 232 complete: 100 products processed
[2026-01-01T02:25:52.599744] Batch 233 complete: 100 products processed
[2026-01-01T02:25:52.623479] Batch 234 complete: 100 products processed
[2026-01-01T02:25:52.645563] Batch 235 complete: 100 products processed
[2026-01-01T02:25:52.668801] Batch 236 complete: 100 products processed
[2026-01-01T02:25:52.692318] Batch 237 complete: 100 products processed
[2026-01-01T02:25:52.718030] Batch 238 complete: 100 products processed
[2026-01-01T02:25:52.740229] Batch 239 complete: 100 products processed
[2026-01-01T02:25:52.767344] Batch 240 complete: 100 products processed
[2026-01-01T02:25:52.788932] Batch 241 complete: 100 products processed
[2026-01-01T02:25:52.811483] Batch 242 complete: 100 products processed
[2026-01-01T02:25:52.834330] Batch 243 complete: 100 products processed
[2026-01-01T02:25:52.857111] Batch 244 complete: 100 products processed
[2026-01-01T02:25:52.880054] Batch 245 complete: 100 products processed
[2026-01-01T02:25:52.902718] Batch 246 complete: 100 products processed
[2026-01-01T02:25:52.925639] Batch 247 complete: 100 products processed
[2026-01-01T02:25:52.948150] Batch 248 complete: 100 products processed
[2026-01-01T02:25:52.970798] Batch 249 complete: 100 products processed
[2026-01-01T02:25:52.994072] Batch 250 complete: 100 products processed
[2026-01-01T02:25:53.016842] Batch 251 complete: 100 products processed
[2026-01-01T02:25:53.041188] Batch 252 complete: 100 products processed
[2026-01-01T02:25:53.064020] Batch 253 complete: 100 products processed
[2026-01-01T02:25:53.087376] Batch 254 complete: 100 products processed
[2026-01-01T02:25:53.110983] Batch 255 complete: 100 products processed
[2026-01-01T02:25:53.133481] Batch 256 complete: 100 products processed
[2026-01-01T02:25:53.156713] Batch 257 complete: 100 products processed
[2026-01-01T02:25:53.177909] Batch 258 complete: 100 products processed
[2026-01-01T02:25:53.199532] Batch 259 complete: 100 products processed
[2026-01-01T02:25:53.222931] Batch 260 complete: 100 products processed
[2026-01-01T02:25:53.244983] Batch 261 complete: 100 products processed
[2026-01-01T02:25:53.267907] Batch 262 complete: 100 products processed
[2026-01-01T02:25:53.291060] Batch 263 complete: 100 products processed
[2026-01-01T02:25:53.312722] Batch 264 complete: 100 products processed
[2026-01-01T02:25:53.335139] Batch 265 complete: 100 products processed
[2026-01-01T02:25:53.357024] Batch 266 complete: 100 products processed
[2026-01-01T02:25:53.380201] Batch 267 complete: 100 products processed
[2026-01-01T02:25:53.402844] Batch 268 complete: 100 products processed
[2026-01-01T02:25:53.425784] Batch 269 complete: 100 products processed
[2026-01-01T02:25:53.448822] Batch 270 complete: 100 products processed
[2026-01-01T02:25:53.471707] Batch 271 complete: 100 products processed
[2026-01-01T02:25:53.494609] Batch 272 complete: 100 products processed
[2026-01-01T02:25:53.517902] Batch 273 complete: 100 products processed
[2026-01-01T02:25:53.541116] Batch 274 complete: 100 products processed
[2026-01-01T02:25:53.564989] Batch 275 complete: 100 products processed
[2026-01-01T02:25:53.587831] Batch 276 complete: 100 products processed
[2026-01-01T02:25:53.611228] Batch 277 complete: 100 products processed
[2026-01-01T02:25:53.634854] Batch 278 complete: 100 products processed
[2026-01-01T02:25:53.658930] Batch 279 complete: 100 products processed
[2026-01-01T02:25:53.682883] Batch 280 complete: 100 products processed
[2026-01-01T02:25:53.705701] Batch 281 complete: 100 products processed
[2026-01-01T02:25:53.727324] Batch 282 complete: 100 products processed
[2026-01-01T02:25:53.748947] Batch 283 complete: 100 products processed
[2026-01-01T02:25:53.771838] Batch 284 complete: 100 products processed
[2026-01-01T02:25:53.792489] Batch 285 complete: 100 products processed
[2026-01-01T02:25:53.815279] Batch 286 complete: 100 products processed
[2026-01-01T02:25:53.837653] Batch 287 complete: 100 products processed
[2026-01-01T02:25:53.860591] Batch 288 complete: 100 products processed
[2026-01-01T02:25:53.883670] Batch 289 complete: 100 products processed
[2026-01-01T02:25:53.904592] Batch 290 complete: 100 products processed
[2026-01-01T02:25:53.926875] Batch 291 complete: 100 products processed
[2026-01-01T02:25:53.948477] Batch 292 complete: 100 products processed
[2026-01-01T02:25:53.971904] Batch 293 complete: 100 products processed
[2026-01-01T02:25:53.994920] Batch 294 complete: 100 products processed
[2026-01-01T02:25:54.017912] Batch 295 complete: 100 products processed
[2026-01-01T02:25:54.041616] Batch 296 complete: 100 products processed
[2026-01-01T02:25:54.064677] Batch 297 complete: 100 products processed
[2026-01-01T02:25:54.087924] Batch 298 complete: 100 products processed
[2026-01-01T02:25:54.109777] Batch 299 complete: 100 products processed
[2026-01-01T02:25:54.130975] Batch 300 complete: 100 products processed
[2026-01-01T02:25:54.154117] Batch 301 complete: 100 products processed
[2026-01-01T02:25:54.177524] Batch 302 complete: 100 products processed
[2026-01-01T02:25:54.201344] Batch 303 complete: 100 products processed
[2026-01-01T02:25:54.223943] Batch 304 complete: 100 products processed
[2026-01-01T02:25:54.247028] Batch 305 complete: 100 products processed
[2026-01-01T02:25:54.270643] Batch 306 complete: 100 products processed
[2026-01-01T02:25:54.293736] Batch 307 complete: 100 products processed
[2026-01-01T02:25:54.317598] Batch 308 complete: 100 products processed
[2026-01-01T02:25:54.341732] Batch 309 complete: 100 products processed
[2026-01-01T02:25:54.364560] Batch 310 complete: 100 products processed
[2026-01-01T02:25:54.387472] Batch 311 complete: 100 products processed
[2026-01-01T02:25:54.410318] Batch 312 complete: 100 products processed
[2026-01-01T02:25:54.432376] Batch 313 complete: 100 products processed
[2026-01-01T02:25:54.453861] Batch 314 complete: 100 products processed
[2026-01-01T02:25:54.463904] Batch 315 complete: 46 products processed
[2026-01-01T02:25:54.563012] ================================================================================
[2026-01-01T02:25:54.563137] PROCESSING COMPLETE
[2026-01-01T02:25:54.563178] ================================================================================
[2026-01-01T02:25:54.563212] Success: 0, Filtered: 0, Errors: 0
[2026-01-01T02:25:54.563246] Total duration: 7.36s
[2026-01-01T02:25:54.563400] Run manifest saved: audit/amz_p5_2025/run_1/run_manifest.json
