[2025-12-23T20:03:56.141437] INFO: ==================================================
[2025-12-23T20:03:56.141613] INFO: STEP 1: SUBCATEGORY FILTERING
[2025-12-23T20:03:56.141650] INFO: ==================================================
[2025-12-23T20:03:56.141682] INFO: Input: 31,446 products
[2025-12-23T20:03:57.033379] INFO: 
[2025-12-23T20:03:57.033541] INFO: Results:
[2025-12-23T20:03:57.033594] INFO:   Removed by subcategory:   25,283
[2025-12-23T20:03:57.033634] INFO:   Removed by title keyword: 390
[2025-12-23T20:03:57.033666] INFO:   Total removed:            25,673
[2025-12-23T20:03:57.033699] INFO:   Not in lookup (kept):     4
[2025-12-23T20:03:57.033730] INFO:   Remapped (supplements):   6,159
[2025-12-23T20:03:57.033760] INFO:   Total passed forward:     5,773
[2025-12-23T20:03:57.033787] INFO: 
[2025-12-23T20:03:57.033822] INFO: Anomalies - Unknown subcategories:
[2025-12-23T20:03:57.033853] INFO:   - 'intimate moisturizers': 4 product(s)
[2025-12-23T20:03:57.033879] INFO: 
[2025-12-23T20:03:57.034043] INFO: Unknown subcategories saved: audit/amz_p5_2025/run_2/unknown_subcategories.csv
[2025-12-23T20:03:57.034076] INFO: 
[2025-12-23T20:03:57.087819] INFO: All removed products: audit/amz_p5_2025/run_2/step1_subcategory_filtering/removed_all.csv
[2025-12-23T20:03:57.142202] INFO: Subcategory removals: audit/amz_p5_2025/run_2/step1_subcategory_filtering/removed_by_subcategory.csv
[2025-12-23T20:03:57.144144] INFO: Title keyword removals: audit/amz_p5_2025/run_2/step1_subcategory_filtering/removed_by_title_keyword.csv
[2025-12-23T20:03:57.144188] INFO: ==================================================
