[2026-01-01T02:34:35.452305] RUN START: uncoded_100_records | Run: run_3
[2026-01-01T02:34:35.452838] ================================================================================
[2026-01-01T02:34:35.452884] STARTING PRODUCTION ORCHESTRATOR
[2026-01-01T02:34:35.452918] ================================================================================
[2026-01-01T02:34:35.452949] Input file: data/input/uncoded_100_records.csv
[2026-01-01T02:34:35.452978] Total records: 100
[2026-01-01T02:34:35.453006] Max workers: 100
[2026-01-01T02:34:35.453034] Batch size: 100
[2026-01-01T02:34:35.453062] File ID: 100_records
[2026-01-01T02:34:35.453089] Run ID: run_3
[2026-01-01T02:37:06.133785] Batch 1 complete: 100 products processed
[2026-01-01T02:37:06.136869] ================================================================================
[2026-01-01T02:37:06.136908] PROCESSING COMPLETE
[2026-01-01T02:37:06.136943] ================================================================================
[2026-01-01T02:37:06.136976] Success: 30, Filtered: 0, Errors: 0
[2026-01-01T02:37:06.137011] Total cost: $0.0000
[2026-01-01T02:37:06.137046] Total tokens: 0 (input: 0, output: 0)
[2026-01-01T02:37:06.137079] Total duration: 150.69s
[2026-01-01T02:37:06.137112] Output CSV: data/output/100_records/run_3/uncoded_100_records.csv
[2026-01-01T02:37:06.137236] Run manifest saved: audit/100_records/run_3/run_manifest.json
