[2026-01-01T02:34:35.453349] ============================================================
[2026-01-01T02:34:35.453415] STEP 3: POST-PROCESSING (Business Rules, HF, HLC)
[2026-01-01T02:34:35.453446] ============================================================
[2026-01-01T02:34:51.768539] [B00ORTRKRG] Applying business rules...
[2026-01-01T02:34:51.768790] [B00ORTRKRG] Category: None, Subcategory: None, Primary: None
[2026-01-01T02:34:51.768926] [B00ORTRKRG] High Level Category: REMOVE
[2026-01-01T02:34:51.769106] [B00ORTRKRG] COMPLETE in 16.31s
[2026-01-01T02:34:52.675784] [B0785GPGXM] Applying business rules...
[2026-01-01T02:34:52.676139] [B0785GPGXM] Category: None, Subcategory: None, Primary: None
[2026-01-01T02:34:52.676334] [B0785GPGXM] High Level Category: REMOVE
[2026-01-01T02:34:52.676516] [B0785GPGXM] COMPLETE in 17.19s
[2026-01-01T02:34:55.948165] [B0FBMFX7TK] Applying business rules...
[2026-01-01T02:34:55.948494] [B0FBMFX7TK] Category: , Subcategory: , Primary: value
[2026-01-01T02:34:55.950790] [B0FBMFX7TK] Health Focus: SLEEP
[2026-01-01T02:34:55.951045] [B0FBMFX7TK] High Level Category: REMOVE
[2026-01-01T02:34:55.951304] [B0FBMFX7TK] COMPLETE in 20.46s
[2026-01-01T02:34:58.197115] [B083JP1G11] Applying business rules...
[2026-01-01T02:34:58.197456] [B083JP1G11] Category: , Subcategory: , Primary: value
[2026-01-01T02:34:58.197789] [B083JP1G11] Health Focus: SLEEP
[2026-01-01T02:34:58.197886] [B083JP1G11] High Level Category: REMOVE
[2026-01-01T02:34:58.198075] [B083JP1G11] COMPLETE in 22.71s
[2026-01-01T02:34:59.108083] [B07BZT4NR7] Applying business rules...
[2026-01-01T02:34:59.108369] [B07BZT4NR7] Category: , Subcategory: , Primary: value
[2026-01-01T02:34:59.108654] [B07BZT4NR7] Health Focus: SLEEP
[2026-01-01T02:34:59.108748] [B07BZT4NR7] High Level Category: REMOVE
[2026-01-01T02:34:59.108890] [B07BZT4NR7] COMPLETE in 23.62s
[2026-01-01T02:35:01.168616] [B0D2M79C6Y] Applying business rules...
[2026-01-01T02:35:01.168700] [B0D2M79C6Y] Category: None, Subcategory: None, Primary: None
[2026-01-01T02:35:01.168744] [B0D2M79C6Y] High Level Category: REMOVE
[2026-01-01T02:35:01.168791] [B0D2M79C6Y] COMPLETE in 25.67s
[2026-01-01T02:35:02.236600] [B0FDH4WMJY] Applying business rules...
[2026-01-01T02:35:02.236996] [B0FDH4WMJY] Category: None, Subcategory: None, Primary: None
[2026-01-01T02:35:02.237232] [B0FDH4WMJY] High Level Category: REMOVE
[2026-01-01T02:35:02.237445] [B0FDH4WMJY] COMPLETE in 26.75s
[2026-01-01T02:35:05.357033] [B0D2L5D3QB] Applying business rules...
[2026-01-01T02:35:05.357266] [B0D2L5D3QB] Category: None, Subcategory: None, Primary: None
[2026-01-01T02:35:05.357367] [B0D2L5D3QB] High Level Category: REMOVE
[2026-01-01T02:35:05.357474] [B0D2L5D3QB] COMPLETE in 29.85s
[2026-01-01T02:35:18.211776] [B0DWH2V3X5] Applying business rules...
[2026-01-01T02:35:18.212161] [B0DWH2V3X5] Category: HERBAL REMEDIES, Subcategory: SINGLES, Primary: elderberry
[2026-01-01T02:35:18.212346] [B0DWH2V3X5] Health Focus: IMMUNE HEALTH
[2026-01-01T02:35:18.212447] [B0DWH2V3X5] High Level Category: PRIORITY VMS
[2026-01-01T02:35:18.212551] [B0DWH2V3X5] COMPLETE in 42.74s
[2026-01-01T02:35:31.858602] [B0BH6FHLHM] Applying business rules...
[2026-01-01T02:35:31.863375] [B0BH6FHLHM] Category: PROBIOTICS+, Subcategory: PREBIOTICS AND PROBIOTICS, Primary: probiotic
[2026-01-01T02:35:31.863972] [B0BH6FHLHM] Health Focus: BEAUTY
[2026-01-01T02:35:31.864349] [B0BH6FHLHM] High Level Category: PRIORITY VMS
[2026-01-01T02:35:31.864594] [B0BH6FHLHM] COMPLETE in 56.37s
[2026-01-01T02:35:33.541151] [B077XK525F] Applying business rules...
[2026-01-01T02:35:33.541572] [B077XK525F] Category: UNKNOWN, Subcategory: UNKNOWN, Primary: abrotanum
[2026-01-01T02:35:33.541839] [B077XK525F] Health Focus: UNKNOWN
[2026-01-01T02:35:33.541934] [B077XK525F] High Level Category: PRIORITY VMS
[2026-01-01T02:35:33.542048] [B077XK525F] COMPLETE in 58.06s
[2026-01-01T02:35:36.658562] [B0FD1WF2HJ] Applying business rules...
[2026-01-01T02:35:36.658713] [B0FD1WF2HJ] Category: , Subcategory: , Primary: red clover blossoms
[2026-01-01T02:35:36.659720] [B0FD1WF2HJ] Health Focus: REPRODUCTIVE HEALTH
[2026-01-01T02:35:36.659811] [B0FD1WF2HJ] High Level Category: REMOVE
[2026-01-01T02:35:36.659902] [B0FD1WF2HJ] COMPLETE in 61.18s
[2026-01-01T02:35:41.854700] [B07661Z3YX] Applying business rules...
[2026-01-01T02:35:41.855234] [B07661Z3YX] Category: BASIC VITAMINS & MINERALS, Subcategory: COENZYME Q10, Primary: coq10
[2026-01-01T02:35:41.855611] [B07661Z3YX] Health Focus: UNKNOWN
[2026-01-01T02:35:41.855835] [B07661Z3YX] High Level Category: PRIORITY VMS
[2026-01-01T02:35:41.856000] [B07661Z3YX] COMPLETE in 66.40s
[2026-01-01T02:35:42.532901] [B0FFHS6LJ7] Applying business rules...
[2026-01-01T02:35:42.533028] [B0FFHS6LJ7] Category: UNKNOWN, Subcategory: UNKNOWN, Primary: nopal cactus
[2026-01-01T02:35:42.533321] [B0FFHS6LJ7] Health Focus: BONE HEALTH
[2026-01-01T02:35:42.533454] [B0FFHS6LJ7] High Level Category: PRIORITY VMS
[2026-01-01T02:35:42.533515] [B0FFHS6LJ7] COMPLETE in 67.04s
[2026-01-01T02:35:46.298350] [B088FFV6YV] Applying business rules...
[2026-01-01T02:35:46.298620] [B088FFV6YV] Category: HERBAL REMEDIES, Subcategory: SINGLES, Primary: spirulina
[2026-01-01T02:35:46.298821] [B088FFV6YV] Health Focus: UNKNOWN
[2026-01-01T02:35:46.298907] [B088FFV6YV] High Level Category: PRIORITY VMS
[2026-01-01T02:35:46.299003] [B088FFV6YV] COMPLETE in 70.80s
[2026-01-01T02:35:46.335682] [B0F3VLXJ42] Applying business rules...
[2026-01-01T02:35:46.335998] [B0F3VLXJ42] Category: SPORTS NUTRITION, Subcategory: PROTEIN, Primary: protein
[2026-01-01T02:35:46.336291] [B0F3VLXJ42] Health Focus: CARDIOVASCULAR HEALTH
[2026-01-01T02:35:46.336445] [B0F3VLXJ42] High Level Category: PRIORITY VMS
[2026-01-01T02:35:46.336574] [B0F3VLXJ42] COMPLETE in 70.83s
[2026-01-01T02:35:49.503172] [B0DSQMLMZ7] Applying business rules...
[2026-01-01T02:35:49.503926] [B0DSQMLMZ7] Category: SPORTS NUTRITION, Subcategory: PROTEIN, Primary: protein
[2026-01-01T02:35:49.504501] [B0DSQMLMZ7] Health Focus: CARDIOVASCULAR HEALTH
[2026-01-01T02:35:49.504679] [B0DSQMLMZ7] High Level Category: PRIORITY VMS
[2026-01-01T02:35:49.504849] [B0DSQMLMZ7] COMPLETE in 74.01s
[2026-01-01T02:35:51.536681] [B0DM63Y1QR] Applying business rules...
[2026-01-01T02:35:51.536808] [B0DM63Y1QR] Category: ACTIVE NUTRITION, Subcategory: PERFORMANCE NUTRITION, Primary: creatine monohydrate
[2026-01-01T02:35:51.537110] [B0DM63Y1QR] Health Focus: UNKNOWN
[2026-01-01T02:35:51.537151] [B0DM63Y1QR] High Level Category: NON-PRIORITY VMS
[2026-01-01T02:35:51.537221] [B0DM63Y1QR] COMPLETE in 76.05s
[2026-01-01T02:35:51.747412] [B0F94G1PLD] Applying business rules...
[2026-01-01T02:35:51.747998] [B0F94G1PLD] Category: BASIC VITAMINS & MINERALS, Subcategory: LETTER VITAMINS, Primary: vitamin
[2026-01-01T02:35:51.748191] [B0F94G1PLD] Health Focus: BEAUTY
[2026-01-01T02:35:51.748247] [B0F94G1PLD] High Level Category: PRIORITY VMS
[2026-01-01T02:35:51.748305] [B0F94G1PLD] COMPLETE in 76.29s
[2026-01-01T02:35:56.622093] [B0F3QJ841K] Applying business rules...
[2026-01-01T02:35:56.622668] [B0F3QJ841K] Category: BASIC VITAMINS & MINERALS, Subcategory: MINERALS, Primary: magnesium
[2026-01-01T02:35:56.623029] [B0F3QJ841K] Health Focus: MOOD & STRESS SUPPORT
[2026-01-01T02:35:56.623225] [B0F3QJ841K] High Level Category: PRIORITY VMS
[2026-01-01T02:35:56.623442] [B0F3QJ841K] COMPLETE in 81.13s
[2026-01-01T02:35:58.286220] [B0B4MBM3D6] Applying business rules...
[2026-01-01T02:35:58.286643] [B0B4MBM3D6] Category: FATTY ACIDS, Subcategory: HEMP/CBD, Primary: lobelia
[2026-01-01T02:35:58.286700] [B0B4MBM3D6] Health Focus: COUGH, COLD & FLU
[2026-01-01T02:35:58.286740] [B0B4MBM3D6] High Level Category: PRIORITY VMS
[2026-01-01T02:35:58.286805] [B0B4MBM3D6] COMPLETE in 82.78s
[2026-01-01T02:36:00.947763] [B0DQFBTG4K] Applying business rules...
[2026-01-01T02:36:00.948807] [B0DQFBTG4K] Category: SPORTS NUTRITION, Subcategory: PROTEIN, Primary: protein
[2026-01-01T02:36:00.949470] [B0DQFBTG4K] Health Focus: CARDIOVASCULAR HEALTH
[2026-01-01T02:36:00.949772] [B0DQFBTG4K] High Level Category: PRIORITY VMS
[2026-01-01T02:36:00.950081] [B0DQFBTG4K] COMPLETE in 85.46s
[2026-01-01T02:36:01.077736] [B0FC4GYHK5] Applying business rules...
[2026-01-01T02:36:01.078191] [B0FC4GYHK5] Category: UNKNOWN, Subcategory: UNKNOWN, Primary: herbal formula
[2026-01-01T02:36:01.078440] [B0FC4GYHK5] Health Focus: REPRODUCTIVE HEALTH
[2026-01-01T02:36:01.078528] [B0FC4GYHK5] High Level Category: PRIORITY VMS
[2026-01-01T02:36:01.078614] [B0FC4GYHK5] COMPLETE in 85.57s
[2026-01-01T02:36:01.818100] [B0DT98X7C5] Applying business rules...
[2026-01-01T02:36:01.822297] [B0DT98X7C5] Category: BASIC VITAMINS & MINERALS, Subcategory: DHEA & PREGNENOLONE & HORMONES, Primary: melatonin
[2026-01-01T02:36:01.822649] [B0DT98X7C5] Health Focus: SLEEP
[2026-01-01T02:36:01.823195] [B0DT98X7C5] High Level Category: PRIORITY VMS
[2026-01-01T02:36:01.823453] [B0DT98X7C5] COMPLETE in 86.37s
[2026-01-01T02:36:07.097133] [B0D93N7GZM] Applying business rules...
[2026-01-01T02:36:07.097550] [B0D93N7GZM] Category: BASIC VITAMINS & MINERALS, Subcategory: MINERALS, Primary: magnesium glycinate
[2026-01-01T02:36:07.098276] [B0D93N7GZM] Health Focus: DIGESTIVE HEALTH
[2026-01-01T02:36:07.098442] [B0D93N7GZM] High Level Category: PRIORITY VMS
[2026-01-01T02:36:07.098621] [B0D93N7GZM] COMPLETE in 91.59s
[2026-01-01T02:36:17.564596] [B09Z1F981N] Applying business rules...
[2026-01-01T02:36:17.565340] [B09Z1F981N] Category: UNKNOWN, Subcategory: UNKNOWN, Primary: electrolytes
[2026-01-01T02:36:17.565761] [B09Z1F981N] Health Focus: ENERGY SUPPORT
[2026-01-01T02:36:17.565966] [B09Z1F981N] High Level Category: PRIORITY VMS
[2026-01-01T02:36:17.566126] [B09Z1F981N] COMPLETE in 102.06s
[2026-01-01T02:36:18.322099] [B0CRSR8NZ4] Applying business rules...
[2026-01-01T02:36:18.322596] [B0CRSR8NZ4] Category: COMBINED MULTIVITAMINS, Subcategory: NON-SPECIFIC, Primary: multivitamin
[2026-01-01T02:36:18.322902] [B0CRSR8NZ4] Health Focus: OVERALL HEALTH
[2026-01-01T02:36:18.323026] [B0CRSR8NZ4] High Level Category: PRIORITY VMS
[2026-01-01T02:36:18.323164] [B0CRSR8NZ4] COMPLETE in 102.87s
[2026-01-01T02:36:23.961125] [B0DN2YNDNP] Applying business rules...
[2026-01-01T02:36:23.961995] [B0DN2YNDNP] Category: FATTY ACIDS, Subcategory: HEMP/CBD, Primary: mushroom
[2026-01-01T02:36:23.966446] [B0DN2YNDNP] Health Focus: IMMUNE HEALTH
[2026-01-01T02:36:23.966828] [B0DN2YNDNP] High Level Category: PRIORITY VMS
[2026-01-01T02:36:23.967369] [B0DN2YNDNP] COMPLETE in 108.47s
[2026-01-01T02:36:41.776996] [B0D73JWQSJ] Applying business rules...
[2026-01-01T02:36:41.777454] [B0D73JWQSJ] Category: HERBAL REMEDIES, Subcategory: FORMULAS, Primary: acv
[2026-01-01T02:36:41.777847] [B0D73JWQSJ] Health Focus: UNKNOWN
[2026-01-01T02:36:41.778001] [B0D73JWQSJ] High Level Category: PRIORITY VMS
[2026-01-01T02:36:41.778181] [B0D73JWQSJ] COMPLETE in 126.28s
[2026-01-01T02:37:06.085592] [B0F69PMFS4] Applying business rules...
[2026-01-01T02:37:06.086788] [B0F69PMFS4] Category: , Subcategory: , Primary: value
[2026-01-01T02:37:06.089155] [B0F69PMFS4] Health Focus: SLEEP
[2026-01-01T02:37:06.089778] [B0F69PMFS4] High Level Category: REMOVE
[2026-01-01T02:37:06.090301] [B0F69PMFS4] COMPLETE in 150.59s
