[2026-01-02T17:30:06.389997] Saved: audit/100_records/run_5/final/B0DX7JCTT6.json
[2026-01-02T17:30:06.390335] Saved: audit/100_records/run_5/final/B0F47VTGSN.json
[2026-01-02T17:30:06.390845] Saved: audit/100_records/run_5/final/B0DYV8BKHY.json
[2026-01-02T17:30:06.391376] Saved: audit/100_records/run_5/final/B0CRSR8NZ4.json
[2026-01-02T17:30:06.391713] Saved: audit/100_records/run_5/final/B0F94G1PLD.json
[2026-01-02T17:30:06.391979] Saved: audit/100_records/run_5/final/B0D9W7H2VN.json
[2026-01-02T17:30:06.392251] Saved: audit/100_records/run_5/final/B0F48YTHV6.json
[2026-01-02T17:30:06.392641] Saved: audit/100_records/run_5/final/B0DT98X7C5.json
[2026-01-02T17:30:06.392880] Saved: audit/100_records/run_5/final/B003W0XMC8.json
[2026-01-02T17:30:06.393176] Saved: audit/100_records/run_5/final/B07661Z3YX.json
[2026-01-02T17:30:06.393586] Saved: audit/100_records/run_5/final/B07B5NW3LB.json
[2026-01-02T17:30:06.394333] Saved: audit/100_records/run_5/final/B0B9D4MM5Y.json
[2026-01-02T17:30:06.394733] Saved: audit/100_records/run_5/final/B00ORTRKRG.json
[2026-01-02T17:30:06.395039] Saved: audit/100_records/run_5/final/B0DYYKZJ9P.json
[2026-01-02T17:30:06.395326] Saved: audit/100_records/run_5/final/B00JIW5W90.json
[2026-01-02T17:30:06.395520] Saved: audit/100_records/run_5/final/B08249R3DT.json
[2026-01-02T17:30:06.395695] Saved: audit/100_records/run_5/final/B0B6HNQ6ST.json
[2026-01-02T17:30:06.396025] Saved: audit/100_records/run_5/final/B0F3XF36YF.json
[2026-01-02T17:30:06.396478] Saved: audit/100_records/run_5/final/B0DXVBS3CR.json
[2026-01-02T17:30:06.397582] Saved: audit/100_records/run_5/final/B0DWH2V3X5.json
[2026-01-02T17:30:06.397777] Saved: audit/100_records/run_5/final/B07534S4HQ.json
[2026-01-02T17:30:06.397956] Saved: audit/100_records/run_5/final/B0CLYZV7XF.json
[2026-01-02T17:30:06.398135] Saved: audit/100_records/run_5/final/B0FD3C138L.json
[2026-01-02T17:30:06.398307] Saved: audit/100_records/run_5/final/B07FJZ92MN.json
[2026-01-02T17:30:06.398462] Saved: audit/100_records/run_5/final/B0F321184C.json
[2026-01-02T17:30:06.398626] Saved: audit/100_records/run_5/final/B0DSZV5FCW.json
[2026-01-02T17:30:06.398781] Saved: audit/100_records/run_5/final/B081LFG6S4.json
[2026-01-02T17:30:06.398957] Saved: audit/100_records/run_5/final/B0F7848CK8.json
[2026-01-02T17:30:06.399118] Saved: audit/100_records/run_5/final/B0FDV4VJGD.json
[2026-01-02T17:30:06.399273] Saved: audit/100_records/run_5/final/B0CRKNCY5D.json
[2026-01-02T17:30:06.399539] Saved: audit/100_records/run_5/final/B077XK525F.json
[2026-01-02T17:30:06.399725] Saved: audit/100_records/run_5/final/B0DXX8PSYY.json
[2026-01-02T17:30:06.399896] Saved: audit/100_records/run_5/final/B0FD41XD7D.json
[2026-01-02T17:30:06.400070] Saved: audit/100_records/run_5/final/B0F2JNBG5Z.json
[2026-01-02T17:30:06.400295] Saved: audit/100_records/run_5/final/B0FD1WF2HJ.json
[2026-01-02T17:30:06.401770] Saved: audit/100_records/run_5/final/B0DSBQKLFL.json
[2026-01-02T17:30:06.402026] Saved: audit/100_records/run_5/final/B0F79V21TG.json
[2026-01-02T17:30:06.402218] Saved: audit/100_records/run_5/final/B08RMLXQFR.json
[2026-01-02T17:30:06.402393] Saved: audit/100_records/run_5/final/B0CS6J2YW7.json
[2026-01-02T17:30:06.402558] Saved: audit/100_records/run_5/final/B08C5NX1ML.json
[2026-01-02T17:30:06.402765] Saved: audit/100_records/run_5/final/B083JP1G11.json
[2026-01-02T17:30:06.402929] Saved: audit/100_records/run_5/final/B0C173H9J3.json
[2026-01-02T17:30:06.403080] Saved: audit/100_records/run_5/final/B0DQQFHBNJ.json
[2026-01-02T17:30:06.403286] Saved: audit/100_records/run_5/final/B00X4PDXPW.json
[2026-01-02T17:30:06.403458] Saved: audit/100_records/run_5/final/B0FF4D1YD8.json
[2026-01-02T17:30:06.403619] Saved: audit/100_records/run_5/final/B0DGGQ3XL8.json
[2026-01-02T17:30:06.403888] Saved: audit/100_records/run_5/final/B0F9CNJ4PF.json
[2026-01-02T17:30:06.404058] Saved: audit/100_records/run_5/final/B0FDH4WMJY.json
[2026-01-02T17:30:06.404228] Saved: audit/100_records/run_5/final/B07DNTYN7D.json
[2026-01-02T17:30:06.404451] Saved: audit/100_records/run_5/final/B0DQFBTG4K.json
[2026-01-02T17:30:06.404747] Saved: audit/100_records/run_5/final/B0785GPGXM.json
[2026-01-02T17:30:06.404908] Saved: audit/100_records/run_5/final/B0D5R231NR.json
[2026-01-02T17:30:06.405063] Saved: audit/100_records/run_5/final/B0DCG6HDHM.json
[2026-01-02T17:30:06.405318] Saved: audit/100_records/run_5/final/B0FFHS6LJ7.json
[2026-01-02T17:30:06.405522] Saved: audit/100_records/run_5/final/B0DM63Y1QR.json
[2026-01-02T17:30:06.405675] Saved: audit/100_records/run_5/final/B0F79VBBDD.json
[2026-01-02T17:30:06.405831] Saved: audit/100_records/run_5/final/B0CC1Z9H9J.json
[2026-01-02T17:30:06.406034] Saved: audit/100_records/run_5/final/B0F3QJ841K.json
[2026-01-02T17:30:06.406280] Saved: audit/100_records/run_5/final/B08XMRQM8F.json
[2026-01-02T17:30:06.406562] Saved: audit/100_records/run_5/final/B07SLC4F3Q.json
[2026-01-02T17:30:06.406730] Saved: audit/100_records/run_5/final/B07BZT4NR7.json
[2026-01-02T17:30:06.406874] Saved: audit/100_records/run_5/final/B0CGB15Y1B.json
[2026-01-02T17:30:06.407156] Saved: audit/100_records/run_5/final/B0D73JWQSJ.json
[2026-01-02T17:30:06.407317] Saved: audit/100_records/run_5/final/B0FBMFX7TK.json
[2026-01-02T17:30:06.407483] Saved: audit/100_records/run_5/final/B0DTKRM9SG.json
[2026-01-02T17:30:06.407632] Saved: audit/100_records/run_5/final/B0CGVWMH91.json
[2026-01-02T17:30:06.407849] Saved: audit/100_records/run_5/final/B0DSQMLMZ7.json
[2026-01-02T17:30:06.408036] Saved: audit/100_records/run_5/final/B0D7VVDC9M.json
[2026-01-02T17:30:06.408191] Saved: audit/100_records/run_5/final/B0D2XJSVGR.json
[2026-01-02T17:30:06.408365] Saved: audit/100_records/run_5/final/B0BH6FHLHM.json
[2026-01-02T17:30:06.408572] Saved: audit/100_records/run_5/final/B0DN2YNDNP.json
[2026-01-02T17:30:06.408728] Saved: audit/100_records/run_5/final/B0BKXSF3ZN.json
[2026-01-02T17:30:06.408857] Saved: audit/100_records/run_5/final/B0BD74DHWZ.json
[2026-01-02T17:30:06.408986] Saved: audit/100_records/run_5/final/B0F1DY5YC5.json
[2026-01-02T17:30:06.409127] Saved: audit/100_records/run_5/final/B0F293JPVV.json
[2026-01-02T17:30:06.409262] Saved: audit/100_records/run_5/final/B0F1DB7T64.json
[2026-01-02T17:30:06.409397] Saved: audit/100_records/run_5/final/B01M72N45A.json
[2026-01-02T17:30:06.409712] Saved: audit/100_records/run_5/final/B0F69PMFS4.json
[2026-01-02T17:30:06.410093] Saved: audit/100_records/run_5/final/B0F2F7H3R6.json
[2026-01-02T17:30:06.410283] Saved: audit/100_records/run_5/final/B0CR4JHJF6.json
[2026-01-02T17:30:06.410430] Saved: audit/100_records/run_5/final/B0DZHBRK94.json
[2026-01-02T17:30:06.410575] Saved: audit/100_records/run_5/final/B07GJL3RBD.json
[2026-01-02T17:30:06.410723] Saved: audit/100_records/run_5/final/B0F7C9DWG6.json
[2026-01-02T17:30:06.410862] Saved: audit/100_records/run_5/final/B086RYBTBF.json
[2026-01-02T17:30:06.411133] Saved: audit/100_records/run_5/final/B07VN5QTWG.json
[2026-01-02T17:30:06.411342] Saved: audit/100_records/run_5/final/B088FFV6YV.json
[2026-01-02T17:30:06.411519] Saved: audit/100_records/run_5/final/B0D2M79C6Y.json
[2026-01-02T17:30:06.411664] Saved: audit/100_records/run_5/final/B0F8PB7N9H.json
[2026-01-02T17:30:06.411801] Saved: audit/100_records/run_5/final/B08BGWRSX2.json
[2026-01-02T17:30:06.411931] Saved: audit/100_records/run_5/final/B0DNFN8T7Q.json
[2026-01-02T17:30:06.412061] Saved: audit/100_records/run_5/final/B0DB8J22CB.json
[2026-01-02T17:30:06.412286] Saved: audit/100_records/run_5/final/B0D93N7GZM.json
[2026-01-02T17:30:06.412457] Saved: audit/100_records/run_5/final/B0F3VLXJ42.json
[2026-01-02T17:30:06.412590] Saved: audit/100_records/run_5/final/B0FDB59YWX.json
[2026-01-02T17:30:06.412709] Saved: audit/100_records/run_5/final/B09SD3F2XN.json
[2026-01-02T17:30:06.413569] Saved: audit/100_records/run_5/final/B0B4MBM3D6.json
[2026-01-02T17:30:06.413754] Saved: audit/100_records/run_5/final/B0FC4GYHK5.json
[2026-01-02T17:30:06.413886] Saved: audit/100_records/run_5/final/B0D5Z131HZ.json
[2026-01-02T17:30:06.414058] Saved: audit/100_records/run_5/final/B09Z1F981N.json
[2026-01-02T17:30:06.414208] Saved: audit/100_records/run_5/final/B0D2L5D3QB.json
