[2026-01-02T17:27:57.816604] RUN START: uncoded_100_records | Run: run_5
[2026-01-02T17:27:57.817303] ================================================================================
[2026-01-02T17:27:57.817342] STARTING PRODUCTION ORCHESTRATOR
[2026-01-02T17:27:57.817372] ================================================================================
[2026-01-02T17:27:57.817397] Input file: data/input/uncoded_100_records.csv
[2026-01-02T17:27:57.817422] Total records: 100
[2026-01-02T17:27:57.817446] Max workers: 100
[2026-01-02T17:27:57.817470] Batch size: 100
[2026-01-02T17:27:57.817494] File ID: 100_records
[2026-01-02T17:27:57.817518] Run ID: run_5
[2026-01-02T17:30:06.414278] Batch 1 complete: 100 products processed
[2026-01-02T17:30:06.417370] ================================================================================
[2026-01-02T17:30:06.417418] PROCESSING COMPLETE
[2026-01-02T17:30:06.417462] ================================================================================
[2026-01-02T17:30:06.417501] Success: 30, Filtered: 0, Errors: 0
[2026-01-02T17:30:06.417542] Total cost: $0.0000
[2026-01-02T17:30:06.417580] Total tokens: 0 (input: 0, output: 0)
[2026-01-02T17:30:06.417620] Total duration: 128.60s
[2026-01-02T17:30:06.417659] Output CSV: data/output/100_records/run_5/uncoded_100_records.csv
[2026-01-02T17:30:06.417798] Run manifest saved: audit/100_records/run_5/run_manifest.json
