[2026-01-02T17:27:57.817745] ============================================================
[2026-01-02T17:27:57.817800] STEP 3: POST-PROCESSING (Business Rules, HF, HLC)
[2026-01-02T17:27:57.817825] ============================================================
[2026-01-02T17:28:12.200070] [B0FBMFX7TK] Applying business rules...
[2026-01-02T17:28:12.200234] [B0FBMFX7TK] Category: None, Subcategory: None, Primary: None
[2026-01-02T17:28:12.200344] [B0FBMFX7TK] High Level Category: REMOVE
[2026-01-02T17:28:12.201046] Saved: audit/100_records/run_5/step3_postprocess/B0FBMFX7TK.json
[2026-01-02T17:28:12.201239] [B0FBMFX7TK] COMPLETE in 14.35s
[2026-01-02T17:28:16.824262] [B00ORTRKRG] Applying business rules...
[2026-01-02T17:28:16.824464] [B00ORTRKRG] Category: , Subcategory: , Primary: value
[2026-01-02T17:28:16.828040] [B00ORTRKRG] Health Focus: SLEEP
[2026-01-02T17:28:16.828406] [B00ORTRKRG] High Level Category: REMOVE
[2026-01-02T17:28:16.829031] Saved: audit/100_records/run_5/step3_postprocess/B00ORTRKRG.json
[2026-01-02T17:28:16.829157] [B00ORTRKRG] COMPLETE in 19.00s
[2026-01-02T17:28:20.322740] [B083JP1G11] Applying business rules...
[2026-01-02T17:28:20.322915] [B083JP1G11] Category: , Subcategory: , Primary: value
[2026-01-02T17:28:20.323251] [B083JP1G11] Health Focus: SLEEP
[2026-01-02T17:28:20.323375] [B083JP1G11] High Level Category: REMOVE
[2026-01-02T17:28:20.323833] Saved: audit/100_records/run_5/step3_postprocess/B083JP1G11.json
[2026-01-02T17:28:20.323965] [B083JP1G11] COMPLETE in 22.48s
[2026-01-02T17:28:20.941265] [B07BZT4NR7] Applying business rules...
[2026-01-02T17:28:20.941644] [B07BZT4NR7] Category: , Subcategory: , Primary: value
[2026-01-02T17:28:20.942102] [B07BZT4NR7] Health Focus: SLEEP
[2026-01-02T17:28:20.942407] [B07BZT4NR7] High Level Category: REMOVE
[2026-01-02T17:28:20.943370] Saved: audit/100_records/run_5/step3_postprocess/B07BZT4NR7.json
[2026-01-02T17:28:20.943658] [B07BZT4NR7] COMPLETE in 23.10s
[2026-01-02T17:28:26.940729] [B0FDH4WMJY] Applying business rules...
[2026-01-02T17:28:26.940887] [B0FDH4WMJY] Category: None, Subcategory: None, Primary: None
[2026-01-02T17:28:26.941004] [B0FDH4WMJY] High Level Category: REMOVE
[2026-01-02T17:28:26.941521] Saved: audit/100_records/run_5/step3_postprocess/B0FDH4WMJY.json
[2026-01-02T17:28:26.941671] [B0FDH4WMJY] COMPLETE in 29.10s
[2026-01-02T17:28:27.077287] [B0D2L5D3QB] Applying business rules...
[2026-01-02T17:28:27.077408] [B0D2L5D3QB] Category: None, Subcategory: None, Primary: None
[2026-01-02T17:28:27.077484] [B0D2L5D3QB] High Level Category: REMOVE
[2026-01-02T17:28:27.077822] Saved: audit/100_records/run_5/step3_postprocess/B0D2L5D3QB.json
[2026-01-02T17:28:27.077911] [B0D2L5D3QB] COMPLETE in 29.22s
[2026-01-02T17:28:33.944105] [B0DWH2V3X5] Applying business rules...
[2026-01-02T17:28:33.944363] [B0DWH2V3X5] Category: HERBAL REMEDIES, Subcategory: SINGLES, Primary: elderberry
[2026-01-02T17:28:33.944562] [B0DWH2V3X5] Health Focus: IMMUNE HEALTH
[2026-01-02T17:28:33.944672] [B0DWH2V3X5] High Level Category: PRIORITY VMS
[2026-01-02T17:28:33.945171] Saved: audit/100_records/run_5/step3_postprocess/B0DWH2V3X5.json
[2026-01-02T17:28:33.945303] [B0DWH2V3X5] COMPLETE in 36.12s
[2026-01-02T17:28:36.827787] [B077XK525F] Applying business rules...
[2026-01-02T17:28:36.827853] [B077XK525F] Category: UNKNOWN, Subcategory: UNKNOWN, Primary: abrotanum
[2026-01-02T17:28:36.827948] [B077XK525F] Health Focus: UNKNOWN
[2026-01-02T17:28:36.827977] [B077XK525F] High Level Category: PRIORITY VMS
[2026-01-02T17:28:36.828263] Saved: audit/100_records/run_5/step3_postprocess/B077XK525F.json
[2026-01-02T17:28:36.828302] [B077XK525F] COMPLETE in 38.99s
[2026-01-02T17:28:39.404436] [B0F94G1PLD] Applying business rules...
[2026-01-02T17:28:39.404544] [B0F94G1PLD] Category: None, Subcategory: None, Primary: None
[2026-01-02T17:28:39.404636] [B0F94G1PLD] High Level Category: REMOVE
[2026-01-02T17:28:39.405022] Saved: audit/100_records/run_5/step3_postprocess/B0F94G1PLD.json
[2026-01-02T17:28:39.405120] [B0F94G1PLD] COMPLETE in 41.59s
[2026-01-02T17:28:42.522674] [B0DM63Y1QR] Applying business rules...
[2026-01-02T17:28:42.523141] [B0DM63Y1QR] Category: ACTIVE NUTRITION, Subcategory: PERFORMANCE NUTRITION, Primary: creatine monohydrate
[2026-01-02T17:28:42.523960] [B0DM63Y1QR] Health Focus: UNKNOWN
[2026-01-02T17:28:42.524256] [B0DM63Y1QR] High Level Category: NON-PRIORITY VMS
[2026-01-02T17:28:42.524892] Saved: audit/100_records/run_5/step3_postprocess/B0DM63Y1QR.json
[2026-01-02T17:28:42.525018] [B0DM63Y1QR] COMPLETE in 44.68s
[2026-01-02T17:28:44.862279] [B0785GPGXM] Applying business rules...
[2026-01-02T17:28:44.862575] [B0785GPGXM] Category: UNKNOWN, Subcategory: UNKNOWN, Primary: spigelia
[2026-01-02T17:28:44.862937] [B0785GPGXM] Health Focus: URINARY TRACT HEALTH
[2026-01-02T17:28:44.863146] [B0785GPGXM] High Level Category: PRIORITY VMS
[2026-01-02T17:28:44.863958] Saved: audit/100_records/run_5/step3_postprocess/B0785GPGXM.json
[2026-01-02T17:28:44.864125] [B0785GPGXM] COMPLETE in 47.02s
[2026-01-02T17:28:50.534500] [B0FFHS6LJ7] Applying business rules...
[2026-01-02T17:28:50.534893] [B0FFHS6LJ7] Category: UNKNOWN, Subcategory: UNKNOWN, Primary: nopal cactus
[2026-01-02T17:28:50.535646] [B0FFHS6LJ7] Health Focus: BONE HEALTH
[2026-01-02T17:28:50.536019] [B0FFHS6LJ7] High Level Category: PRIORITY VMS
[2026-01-02T17:28:50.538393] Saved: audit/100_records/run_5/step3_postprocess/B0FFHS6LJ7.json
[2026-01-02T17:28:50.538698] [B0FFHS6LJ7] COMPLETE in 52.69s
[2026-01-02T17:28:54.014680] [B0F3VLXJ42] Applying business rules...
[2026-01-02T17:28:54.014936] [B0F3VLXJ42] Category: SPORTS NUTRITION, Subcategory: PROTEIN, Primary: protein
[2026-01-02T17:28:54.015255] [B0F3VLXJ42] Health Focus: CARDIOVASCULAR HEALTH
[2026-01-02T17:28:54.015373] [B0F3VLXJ42] High Level Category: PRIORITY VMS
[2026-01-02T17:28:54.015830] Saved: audit/100_records/run_5/step3_postprocess/B0F3VLXJ42.json
[2026-01-02T17:28:54.015961] [B0F3VLXJ42] COMPLETE in 56.16s
[2026-01-02T17:28:56.608263] [B09Z1F981N] Applying business rules...
[2026-01-02T17:28:56.608362] [B09Z1F981N] Category: None, Subcategory: None, Primary: None
[2026-01-02T17:28:56.608517] [B09Z1F981N] High Level Category: REMOVE
[2026-01-02T17:28:56.608911] Saved: audit/100_records/run_5/step3_postprocess/B09Z1F981N.json
[2026-01-02T17:28:56.609046] [B09Z1F981N] COMPLETE in 58.75s
[2026-01-02T17:28:59.298044] [B0FD1WF2HJ] Applying business rules...
[2026-01-02T17:28:59.298258] [B0FD1WF2HJ] Category: FATTY ACIDS, Subcategory: HEMP/CBD, Primary: red clover blossoms
[2026-01-02T17:28:59.299306] [B0FD1WF2HJ] Health Focus: REPRODUCTIVE HEALTH
[2026-01-02T17:28:59.299700] [B0FD1WF2HJ] High Level Category: PRIORITY VMS
[2026-01-02T17:28:59.300364] Saved: audit/100_records/run_5/step3_postprocess/B0FD1WF2HJ.json
[2026-01-02T17:28:59.300464] [B0FD1WF2HJ] COMPLETE in 61.46s
[2026-01-02T17:29:00.209127] [B0DSQMLMZ7] Applying business rules...
[2026-01-02T17:29:00.209439] [B0DSQMLMZ7] Category: SPORTS NUTRITION, Subcategory: PROTEIN, Primary: protein
[2026-01-02T17:29:00.209751] [B0DSQMLMZ7] Health Focus: CARDIOVASCULAR HEALTH
[2026-01-02T17:29:00.209870] [B0DSQMLMZ7] High Level Category: PRIORITY VMS
[2026-01-02T17:29:00.210484] Saved: audit/100_records/run_5/step3_postprocess/B0DSQMLMZ7.json
[2026-01-02T17:29:00.210603] [B0DSQMLMZ7] COMPLETE in 62.36s
[2026-01-02T17:29:02.572205] [B088FFV6YV] Applying business rules...
[2026-01-02T17:29:02.572380] [B088FFV6YV] Category: HERBAL REMEDIES, Subcategory: SINGLES, Primary: spirulina
[2026-01-02T17:29:02.572597] [B088FFV6YV] Health Focus: UNKNOWN
[2026-01-02T17:29:02.572698] [B088FFV6YV] High Level Category: PRIORITY VMS
[2026-01-02T17:29:02.573253] Saved: audit/100_records/run_5/step3_postprocess/B088FFV6YV.json
[2026-01-02T17:29:02.573438] [B088FFV6YV] COMPLETE in 64.72s
[2026-01-02T17:29:06.175412] [B0DQFBTG4K] Applying business rules...
[2026-01-02T17:29:06.175682] [B0DQFBTG4K] Category: SPORTS NUTRITION, Subcategory: PROTEIN, Primary: protein
[2026-01-02T17:29:06.176017] [B0DQFBTG4K] Health Focus: CARDIOVASCULAR HEALTH
[2026-01-02T17:29:06.176206] [B0DQFBTG4K] High Level Category: PRIORITY VMS
[2026-01-02T17:29:06.176933] Saved: audit/100_records/run_5/step3_postprocess/B0DQFBTG4K.json
[2026-01-02T17:29:06.177161] [B0DQFBTG4K] COMPLETE in 68.33s
[2026-01-02T17:29:07.639077] [B0D2M79C6Y] Applying business rules...
[2026-01-02T17:29:07.639207] [B0D2M79C6Y] Category: , Subcategory: , Primary: pronerve6
[2026-01-02T17:29:07.639422] [B0D2M79C6Y] Health Focus: UNKNOWN
[2026-01-02T17:29:07.639536] [B0D2M79C6Y] High Level Category: REMOVE
[2026-01-02T17:29:07.640027] Saved: audit/100_records/run_5/step3_postprocess/B0D2M79C6Y.json
[2026-01-02T17:29:07.640147] [B0D2M79C6Y] COMPLETE in 69.78s
[2026-01-02T17:29:07.845056] [B0BH6FHLHM] Applying business rules...
[2026-01-02T17:29:07.845305] [B0BH6FHLHM] Category: PROBIOTICS+, Subcategory: PREBIOTICS AND PROBIOTICS, Primary: probiotic
[2026-01-02T17:29:07.845663] [B0BH6FHLHM] Health Focus: BEAUTY
[2026-01-02T17:29:07.846977] [B0BH6FHLHM] High Level Category: PRIORITY VMS
[2026-01-02T17:29:07.848611] Saved: audit/100_records/run_5/step3_postprocess/B0BH6FHLHM.json
[2026-01-02T17:29:07.848833] [B0BH6FHLHM] COMPLETE in 70.00s
[2026-01-02T17:29:08.421059] [B07661Z3YX] Applying business rules...
[2026-01-02T17:29:08.421175] [B07661Z3YX] Category: , Subcategory: , Primary: value
[2026-01-02T17:29:08.421383] [B07661Z3YX] Health Focus: SLEEP
[2026-01-02T17:29:08.421491] [B07661Z3YX] High Level Category: REMOVE
[2026-01-02T17:29:08.421877] Saved: audit/100_records/run_5/step3_postprocess/B07661Z3YX.json
[2026-01-02T17:29:08.421974] [B07661Z3YX] COMPLETE in 70.60s
[2026-01-02T17:29:09.850369] [B0FC4GYHK5] Applying business rules...
[2026-01-02T17:29:09.850488] [B0FC4GYHK5] Category: UNKNOWN, Subcategory: UNKNOWN, Primary: herbal
[2026-01-02T17:29:09.850685] [B0FC4GYHK5] Health Focus: WEIGHT MANAGEMENT
[2026-01-02T17:29:09.850794] [B0FC4GYHK5] High Level Category: PRIORITY VMS
[2026-01-02T17:29:09.851235] Saved: audit/100_records/run_5/step3_postprocess/B0FC4GYHK5.json
[2026-01-02T17:29:09.851377] [B0FC4GYHK5] COMPLETE in 71.99s
[2026-01-02T17:29:11.267367] [B0F3QJ841K] Applying business rules...
[2026-01-02T17:29:11.267518] [B0F3QJ841K] Category: BASIC VITAMS & MINERALS, Subcategory: MINERALS, Primary: magnesium
[2026-01-02T17:29:11.267653] [B0F3QJ841K] Health Focus: MOOD & STRESS SUPPORT
[2026-01-02T17:29:11.267753] [B0F3QJ841K] High Level Category: PRIORITY VMS
[2026-01-02T17:29:11.268271] Saved: audit/100_records/run_5/step3_postprocess/B0F3QJ841K.json
[2026-01-02T17:29:11.268389] [B0F3QJ841K] COMPLETE in 73.42s
[2026-01-02T17:29:16.734916] [B0B4MBM3D6] Applying business rules...
[2026-01-02T17:29:16.735216] [B0B4MBM3D6] Category: FATTY ACIDS, Subcategory: HEMP/CBD, Primary: lobelia
[2026-01-02T17:29:16.735448] [B0B4MBM3D6] Health Focus: COUGH, COLD & FLU
[2026-01-02T17:29:16.735588] [B0B4MBM3D6] High Level Category: PRIORITY VMS
[2026-01-02T17:29:16.736538] Saved: audit/100_records/run_5/step3_postprocess/B0B4MBM3D6.json
[2026-01-02T17:29:16.736826] [B0B4MBM3D6] COMPLETE in 78.88s
[2026-01-02T17:29:23.708603] [B0DN2YNDNP] Applying business rules...
[2026-01-02T17:29:23.708803] [B0DN2YNDNP] Category: FATTY ACIDS, Subcategory: HEMP/CBD, Primary: mushroom
[2026-01-02T17:29:23.709097] [B0DN2YNDNP] Health Focus: IMMUNE HEALTH
[2026-01-02T17:29:23.709215] [B0DN2YNDNP] High Level Category: PRIORITY VMS
[2026-01-02T17:29:23.709793] Saved: audit/100_records/run_5/step3_postprocess/B0DN2YNDNP.json
[2026-01-02T17:29:23.709915] [B0DN2YNDNP] COMPLETE in 85.86s
[2026-01-02T17:29:27.673534] [B0D93N7GZM] Applying business rules...
[2026-01-02T17:29:27.673835] [B0D93N7GZM] Category: BASIC VITAMINS & MINERALS, Subcategory: MINERALS, Primary: magnesium glycinate
[2026-01-02T17:29:27.674336] [B0D93N7GZM] Health Focus: DIGESTIVE HEALTH
[2026-01-02T17:29:27.674461] [B0D93N7GZM] High Level Category: PRIORITY VMS
[2026-01-02T17:29:27.674978] Saved: audit/100_records/run_5/step3_postprocess/B0D93N7GZM.json
[2026-01-02T17:29:27.675102] [B0D93N7GZM] COMPLETE in 89.82s
[2026-01-02T17:29:28.111969] [B0CRSR8NZ4] Applying business rules...
[2026-01-02T17:29:28.112157] [B0CRSR8NZ4] Category: COMBINED MULTIVITAMINS, Subcategory: NON-SPECIFIC, Primary: multivitamin
[2026-01-02T17:29:28.112534] [B0CRSR8NZ4] Health Focus: OVERALL HEALTH
[2026-01-02T17:29:28.112676] [B0CRSR8NZ4] High Level Category: PRIORITY VMS
[2026-01-02T17:29:28.113505] Saved: audit/100_records/run_5/step3_postprocess/B0CRSR8NZ4.json
[2026-01-02T17:29:28.113656] [B0CRSR8NZ4] COMPLETE in 90.29s
[2026-01-02T17:29:34.355120] [B0D73JWQSJ] Applying business rules...
[2026-01-02T17:29:34.355336] [B0D73JWQSJ] Category: UNKNOWN, Subcategory: UNKNOWN, Primary: acv
[2026-01-02T17:29:34.355658] [B0D73JWQSJ] Health Focus: UNKNOWN
[2026-01-02T17:29:34.355835] [B0D73JWQSJ] High Level Category: PRIORITY VMS
[2026-01-02T17:29:34.357273] Saved: audit/100_records/run_5/step3_postprocess/B0D73JWQSJ.json
[2026-01-02T17:29:34.357686] [B0D73JWQSJ] COMPLETE in 96.51s
[2026-01-02T17:29:38.431136] [B0DT98X7C5] Applying business rules...
[2026-01-02T17:29:38.431379] [B0DT98X7C5] Category: BASIC VITAMINS & MINERALS, Subcategory: DHEA & PREGNENOLONE & HORMONES, Primary: melatonin
[2026-01-02T17:29:38.431596] [B0DT98X7C5] Health Focus: SLEEP
[2026-01-02T17:29:38.431720] [B0DT98X7C5] High Level Category: PRIORITY VMS
[2026-01-02T17:29:38.432323] Saved: audit/100_records/run_5/step3_postprocess/B0DT98X7C5.json
[2026-01-02T17:29:38.432459] [B0DT98X7C5] COMPLETE in 100.61s
[2026-01-02T17:30:06.368015] [B0F69PMFS4] Applying business rules...
[2026-01-02T17:30:06.368277] [B0F69PMFS4] Category: UNKNOWN, Subcategory: UNKNOWN, Primary: electrolyte
[2026-01-02T17:30:06.368581] [B0F69PMFS4] Health Focus: ENERGY SUPPORT
[2026-01-02T17:30:06.368700] [B0F69PMFS4] High Level Category: PRIORITY VMS
[2026-01-02T17:30:06.369441] Saved: audit/100_records/run_5/step3_postprocess/B0F69PMFS4.json
[2026-01-02T17:30:06.369575] [B0F69PMFS4] COMPLETE in 128.51s
