[2026-01-01T04:39:27.190709] ============================================================
[2026-01-01T04:39:27.190809] STEP 4: OUTPUT GENERATION
[2026-01-01T04:39:27.190843] ============================================================
[2026-01-01T04:41:13.266810] Saving 100 results to CSV...
[2026-01-01T04:41:13.276184] Saved CSV: data/output/amz_2025_p6/run_1/uncoded_amz_2025_p6.csv (100 records)
[2026-01-01T04:41:13.276278] CSV has 45 columns
[2026-01-01T04:42:24.126763] Saving 200 results to CSV...
[2026-01-01T04:42:24.133943] Saved CSV: data/output/amz_2025_p6/run_1/uncoded_amz_2025_p6.csv (200 records)
[2026-01-01T04:42:24.134074] CSV has 45 columns
[2026-01-01T04:43:51.578367] Saving 300 results to CSV...
[2026-01-01T04:43:51.590188] Saved CSV: data/output/amz_2025_p6/run_1/uncoded_amz_2025_p6.csv (300 records)
[2026-01-01T04:43:51.590396] CSV has 45 columns
[2026-01-01T04:45:42.892924] Saving 400 results to CSV...
[2026-01-01T04:45:42.904694] Saved CSV: data/output/amz_2025_p6/run_1/uncoded_amz_2025_p6.csv (400 records)
[2026-01-01T04:45:42.904831] CSV has 45 columns
[2026-01-01T04:46:32.530226] Saving 500 results to CSV...
[2026-01-01T04:46:32.536429] Saved CSV: data/output/amz_2025_p6/run_1/uncoded_amz_2025_p6.csv (500 records)
[2026-01-01T04:46:32.536560] CSV has 45 columns
[2026-01-01T04:48:08.786178] Saving 600 results to CSV...
[2026-01-01T04:48:08.805065] Saved CSV: data/output/amz_2025_p6/run_1/uncoded_amz_2025_p6.csv (600 records)
[2026-01-01T04:48:08.805313] CSV has 45 columns
[2026-01-01T04:50:06.958161] Saving 700 results to CSV...
[2026-01-01T04:50:06.976876] Saved CSV: data/output/amz_2025_p6/run_1/uncoded_amz_2025_p6.csv (700 records)
[2026-01-01T04:50:06.977053] CSV has 45 columns
[2026-01-01T04:51:22.440722] Saving 800 results to CSV...
[2026-01-01T04:51:22.458202] Saved CSV: data/output/amz_2025_p6/run_1/uncoded_amz_2025_p6.csv (800 records)
[2026-01-01T04:51:22.458335] CSV has 45 columns
[2026-01-01T04:52:13.719233] Saving 900 results to CSV...
[2026-01-01T04:52:13.740563] Saved CSV: data/output/amz_2025_p6/run_1/uncoded_amz_2025_p6.csv (900 records)
[2026-01-01T04:52:13.740807] CSV has 45 columns
[2026-01-01T04:53:42.103671] Saving 1000 results to CSV...
[2026-01-01T04:53:42.122972] Saved CSV: data/output/amz_2025_p6/run_1/uncoded_amz_2025_p6.csv (1000 records)
[2026-01-01T04:53:42.123114] CSV has 45 columns
[2026-01-01T04:55:58.920401] Saving 1100 results to CSV...
[2026-01-01T04:55:58.938679] Saved CSV: data/output/amz_2025_p6/run_1/uncoded_amz_2025_p6.csv (1100 records)
[2026-01-01T04:55:58.938835] CSV has 45 columns
[2026-01-01T04:57:38.092199] Saving 1200 results to CSV...
[2026-01-01T04:57:38.105502] Saved CSV: data/output/amz_2025_p6/run_1/uncoded_amz_2025_p6.csv (1200 records)
[2026-01-01T04:57:38.105603] CSV has 45 columns
[2026-01-01T04:59:13.903703] Saving 1300 results to CSV...
[2026-01-01T04:59:13.930462] Saved CSV: data/output/amz_2025_p6/run_1/uncoded_amz_2025_p6.csv (1300 records)
[2026-01-01T04:59:13.930611] CSV has 45 columns
[2026-01-01T05:00:53.729692] Saving 1400 results to CSV...
[2026-01-01T05:00:53.755903] Saved CSV: data/output/amz_2025_p6/run_1/uncoded_amz_2025_p6.csv (1400 records)
[2026-01-01T05:00:53.756121] CSV has 45 columns
[2026-01-01T05:01:57.044256] Saving 1500 results to CSV...
[2026-01-01T05:01:57.067586] Saved CSV: data/output/amz_2025_p6/run_1/uncoded_amz_2025_p6.csv (1500 records)
[2026-01-01T05:01:57.067691] CSV has 45 columns
[2026-01-01T05:03:33.526636] Saving 1600 results to CSV...
[2026-01-01T05:03:33.554562] Saved CSV: data/output/amz_2025_p6/run_1/uncoded_amz_2025_p6.csv (1600 records)
[2026-01-01T05:03:33.554724] CSV has 45 columns
[2026-01-01T05:04:58.088663] Saving 1700 results to CSV...
[2026-01-01T05:04:58.115862] Saved CSV: data/output/amz_2025_p6/run_1/uncoded_amz_2025_p6.csv (1700 records)
[2026-01-01T05:04:58.115989] CSV has 45 columns
[2026-01-01T05:06:23.170736] Saving 1800 results to CSV...
[2026-01-01T05:06:23.198700] Saved CSV: data/output/amz_2025_p6/run_1/uncoded_amz_2025_p6.csv (1800 records)
[2026-01-01T05:06:23.198852] CSV has 45 columns
[2026-01-01T05:08:36.564046] Saving 1900 results to CSV...
[2026-01-01T05:08:36.602336] Saved CSV: data/output/amz_2025_p6/run_1/uncoded_amz_2025_p6.csv (1900 records)
[2026-01-01T05:08:36.602486] CSV has 45 columns
[2026-01-01T05:10:10.158017] Saving 2000 results to CSV...
[2026-01-01T05:10:10.191460] Saved CSV: data/output/amz_2025_p6/run_1/uncoded_amz_2025_p6.csv (2000 records)
[2026-01-01T05:10:10.191593] CSV has 45 columns
[2026-01-01T05:11:20.870501] Saving 2100 results to CSV...
[2026-01-01T05:11:20.904076] Saved CSV: data/output/amz_2025_p6/run_1/uncoded_amz_2025_p6.csv (2100 records)
[2026-01-01T05:11:20.904241] CSV has 45 columns
[2026-01-01T05:12:33.212295] Saving 2200 results to CSV...
[2026-01-01T05:12:33.244034] Saved CSV: data/output/amz_2025_p6/run_1/uncoded_amz_2025_p6.csv (2200 records)
[2026-01-01T05:12:33.244167] CSV has 45 columns
[2026-01-01T05:14:08.040392] Saving 2300 results to CSV...
[2026-01-01T05:14:08.075292] Saved CSV: data/output/amz_2025_p6/run_1/uncoded_amz_2025_p6.csv (2300 records)
[2026-01-01T05:14:08.075411] CSV has 45 columns
[2026-01-01T05:15:13.359961] Saving 2400 results to CSV...
[2026-01-01T05:15:13.397202] Saved CSV: data/output/amz_2025_p6/run_1/uncoded_amz_2025_p6.csv (2400 records)
[2026-01-01T05:15:13.397332] CSV has 45 columns
[2026-01-01T05:16:21.048069] Saving 2500 results to CSV...
[2026-01-01T05:16:21.083754] Saved CSV: data/output/amz_2025_p6/run_1/uncoded_amz_2025_p6.csv (2500 records)
[2026-01-01T05:16:21.083890] CSV has 45 columns
[2026-01-01T05:17:30.065491] Saving 2600 results to CSV...
[2026-01-01T05:17:30.164089] Saved CSV: data/output/amz_2025_p6/run_1/uncoded_amz_2025_p6.csv (2600 records)
[2026-01-01T05:17:30.164250] CSV has 45 columns
[2026-01-01T05:19:00.391898] Saving 2700 results to CSV...
[2026-01-01T05:19:00.431218] Saved CSV: data/output/amz_2025_p6/run_1/uncoded_amz_2025_p6.csv (2700 records)
[2026-01-01T05:19:00.431338] CSV has 45 columns
[2026-01-01T05:21:18.007452] Saving 2800 results to CSV...
[2026-01-01T05:21:18.050131] Saved CSV: data/output/amz_2025_p6/run_1/uncoded_amz_2025_p6.csv (2800 records)
[2026-01-01T05:21:18.050361] CSV has 45 columns
[2026-01-01T05:22:42.587303] Saving 2900 results to CSV...
[2026-01-01T05:22:42.629032] Saved CSV: data/output/amz_2025_p6/run_1/uncoded_amz_2025_p6.csv (2900 records)
[2026-01-01T05:22:42.629207] CSV has 45 columns
[2026-01-01T05:23:48.275209] Saving 3000 results to CSV...
[2026-01-01T05:23:48.320087] Saved CSV: data/output/amz_2025_p6/run_1/uncoded_amz_2025_p6.csv (3000 records)
[2026-01-01T05:23:48.320231] CSV has 45 columns
[2026-01-01T05:25:15.419641] Saving 3100 results to CSV...
[2026-01-01T05:25:15.461421] Saved CSV: data/output/amz_2025_p6/run_1/uncoded_amz_2025_p6.csv (3100 records)
[2026-01-01T05:25:15.461545] CSV has 45 columns
[2026-01-01T05:26:33.414934] Saving 3200 results to CSV...
[2026-01-01T05:26:33.457108] Saved CSV: data/output/amz_2025_p6/run_1/uncoded_amz_2025_p6.csv (3200 records)
[2026-01-01T05:26:33.457226] CSV has 45 columns
[2026-01-01T05:27:37.486097] Saving 3300 results to CSV...
[2026-01-01T05:27:37.529778] Saved CSV: data/output/amz_2025_p6/run_1/uncoded_amz_2025_p6.csv (3300 records)
[2026-01-01T05:27:37.529922] CSV has 45 columns
[2026-01-01T05:29:32.004851] Saving 3400 results to CSV...
[2026-01-01T05:29:32.033943] Saved CSV: data/output/amz_2025_p6/run_1/uncoded_amz_2025_p6.csv (3400 records)
[2026-01-01T05:29:32.034070] CSV has 45 columns
[2026-01-01T05:31:39.387022] Saving 3500 results to CSV...
[2026-01-01T05:31:39.450578] Saved CSV: data/output/amz_2025_p6/run_1/uncoded_amz_2025_p6.csv (3500 records)
[2026-01-01T05:31:39.450715] CSV has 45 columns
[2026-01-01T05:35:24.663717] Saving 3600 results to CSV...
[2026-01-01T05:35:24.702393] Saved CSV: data/output/amz_2025_p6/run_1/uncoded_amz_2025_p6.csv (3600 records)
[2026-01-01T05:35:24.702478] CSV has 45 columns
[2026-01-01T05:36:37.778111] Saving 3700 results to CSV...
[2026-01-01T05:36:37.815744] Saved CSV: data/output/amz_2025_p6/run_1/uncoded_amz_2025_p6.csv (3700 records)
[2026-01-01T05:36:37.815857] CSV has 45 columns
[2026-01-01T05:37:51.817495] Saving 3800 results to CSV...
[2026-01-01T05:37:51.883733] Saved CSV: data/output/amz_2025_p6/run_1/uncoded_amz_2025_p6.csv (3800 records)
[2026-01-01T05:37:51.883858] CSV has 45 columns
[2026-01-01T05:39:14.104513] Saving 3900 results to CSV...
[2026-01-01T05:39:14.154188] Saved CSV: data/output/amz_2025_p6/run_1/uncoded_amz_2025_p6.csv (3900 records)
[2026-01-01T05:39:14.154287] CSV has 45 columns
[2026-01-01T06:36:40.971537] Saving 4000 results to CSV...
[2026-01-01T06:36:41.024465] Saved CSV: data/output/amz_2025_p6/run_1/uncoded_amz_2025_p6.csv (4000 records)
[2026-01-01T06:36:41.024564] CSV has 45 columns
[2026-01-01T06:38:11.703238] Saving 4100 results to CSV...
[2026-01-01T06:38:11.747658] Saved CSV: data/output/amz_2025_p6/run_1/uncoded_amz_2025_p6.csv (4100 records)
[2026-01-01T06:38:11.747763] CSV has 45 columns
[2026-01-01T06:39:30.739397] Saving 4200 results to CSV...
[2026-01-01T06:39:30.792995] Saved CSV: data/output/amz_2025_p6/run_1/uncoded_amz_2025_p6.csv (4200 records)
[2026-01-01T06:39:30.793128] CSV has 45 columns
[2026-01-01T06:41:10.048036] Saving 4300 results to CSV...
[2026-01-01T06:41:10.098819] Saved CSV: data/output/amz_2025_p6/run_1/uncoded_amz_2025_p6.csv (4300 records)
[2026-01-01T06:41:10.098924] CSV has 45 columns
[2026-01-01T06:46:21.529984] Saving 4400 results to CSV...
[2026-01-01T06:46:21.585681] Saved CSV: data/output/amz_2025_p6/run_1/uncoded_amz_2025_p6.csv (4400 records)
[2026-01-01T06:46:21.585796] CSV has 45 columns
[2026-01-01T06:53:26.871091] Saving 4500 results to CSV...
[2026-01-01T06:53:26.926949] Saved CSV: data/output/amz_2025_p6/run_1/uncoded_amz_2025_p6.csv (4500 records)
[2026-01-01T06:53:26.927062] CSV has 45 columns
[2026-01-01T08:57:45.247683] Saving 4600 results to CSV...
[2026-01-01T08:57:45.296991] Saved CSV: data/output/amz_2025_p6/run_1/uncoded_amz_2025_p6.csv (4600 records)
[2026-01-01T08:57:45.297086] CSV has 45 columns
[2026-01-01T08:58:55.616716] Saving 4700 results to CSV...
[2026-01-01T08:58:55.679609] Saved CSV: data/output/amz_2025_p6/run_1/uncoded_amz_2025_p6.csv (4700 records)
[2026-01-01T08:58:55.679721] CSV has 45 columns
[2026-01-01T09:39:09.623588] Saving 4800 results to CSV...
[2026-01-01T09:39:09.679813] Saved CSV: data/output/amz_2025_p6/run_1/uncoded_amz_2025_p6.csv (4800 records)
[2026-01-01T09:39:09.679913] CSV has 45 columns
[2026-01-01T09:40:35.664147] Saving 4900 results to CSV...
[2026-01-01T09:40:35.718917] Saved CSV: data/output/amz_2025_p6/run_1/uncoded_amz_2025_p6.csv (4900 records)
[2026-01-01T09:40:35.719023] CSV has 45 columns
[2026-01-01T09:42:36.224290] Saving 5000 results to CSV...
[2026-01-01T09:42:36.289078] Saved CSV: data/output/amz_2025_p6/run_1/uncoded_amz_2025_p6.csv (5000 records)
[2026-01-01T09:42:36.289248] CSV has 45 columns
[2026-01-01T09:44:32.205140] Saving 5100 results to CSV...
[2026-01-01T09:44:32.260095] Saved CSV: data/output/amz_2025_p6/run_1/uncoded_amz_2025_p6.csv (5100 records)
[2026-01-01T09:44:32.260207] CSV has 45 columns
[2026-01-01T09:46:15.622822] Saving 5200 results to CSV...
[2026-01-01T09:46:15.699821] Saved CSV: data/output/amz_2025_p6/run_1/uncoded_amz_2025_p6.csv (5200 records)
[2026-01-01T09:46:15.699939] CSV has 45 columns
[2026-01-01T09:58:20.900385] Saving 5300 results to CSV...
[2026-01-01T09:58:20.959566] Saved CSV: data/output/amz_2025_p6/run_1/uncoded_amz_2025_p6.csv (5300 records)
[2026-01-01T09:58:20.959662] CSV has 45 columns
[2026-01-01T09:59:45.670759] Saving 5400 results to CSV...
[2026-01-01T09:59:45.730361] Saved CSV: data/output/amz_2025_p6/run_1/uncoded_amz_2025_p6.csv (5400 records)
[2026-01-01T09:59:45.730484] CSV has 45 columns
[2026-01-01T10:01:14.651599] Saving 5500 results to CSV...
[2026-01-01T10:01:14.712372] Saved CSV: data/output/amz_2025_p6/run_1/uncoded_amz_2025_p6.csv (5500 records)
[2026-01-01T10:01:14.712471] CSV has 45 columns
[2026-01-01T10:02:55.934201] Saving 5600 results to CSV...
[2026-01-01T10:02:55.995194] Saved CSV: data/output/amz_2025_p6/run_1/uncoded_amz_2025_p6.csv (5600 records)
[2026-01-01T10:02:55.995288] CSV has 45 columns
[2026-01-01T10:04:25.509271] Saving 5700 results to CSV...
[2026-01-01T10:04:25.570583] Saved CSV: data/output/amz_2025_p6/run_1/uncoded_amz_2025_p6.csv (5700 records)
[2026-01-01T10:04:25.570694] CSV has 45 columns
[2026-01-01T11:49:28.390500] Saving 5800 results to CSV...
[2026-01-01T11:49:28.467347] Saved CSV: data/output/amz_2025_p6/run_1/uncoded_amz_2025_p6.csv (5800 records)
[2026-01-01T11:49:28.467437] CSV has 45 columns
[2026-01-01T11:51:44.681012] Saving 5900 results to CSV...
[2026-01-01T11:51:44.742051] Saved CSV: data/output/amz_2025_p6/run_1/uncoded_amz_2025_p6.csv (5900 records)
[2026-01-01T11:51:44.742149] CSV has 45 columns
[2026-01-01T11:53:35.991027] Saving 6000 results to CSV...
[2026-01-01T11:53:36.059056] Saved CSV: data/output/amz_2025_p6/run_1/uncoded_amz_2025_p6.csv (6000 records)
[2026-01-01T11:53:36.059158] CSV has 45 columns
[2026-01-01T11:56:03.241806] Saving 6100 results to CSV...
[2026-01-01T11:56:03.316408] Saved CSV: data/output/amz_2025_p6/run_1/uncoded_amz_2025_p6.csv (6100 records)
[2026-01-01T11:56:03.316511] CSV has 45 columns
[2026-01-01T11:58:16.134991] Saving 6200 results to CSV...
[2026-01-01T11:58:16.326192] Saved CSV: data/output/amz_2025_p6/run_1/uncoded_amz_2025_p6.csv (6200 records)
[2026-01-01T11:58:16.326289] CSV has 45 columns
[2026-01-01T12:00:04.085657] Saving 6300 results to CSV...
[2026-01-01T12:00:04.159324] Saved CSV: data/output/amz_2025_p6/run_1/uncoded_amz_2025_p6.csv (6300 records)
[2026-01-01T12:00:04.159424] CSV has 45 columns
[2026-01-01T12:04:40.100429] Saving 6400 results to CSV...
[2026-01-01T12:04:40.167497] Saved CSV: data/output/amz_2025_p6/run_1/uncoded_amz_2025_p6.csv (6400 records)
[2026-01-01T12:04:40.167596] CSV has 45 columns
[2026-01-01T12:07:13.638271] Saving 6500 results to CSV...
[2026-01-01T12:07:13.707597] Saved CSV: data/output/amz_2025_p6/run_1/uncoded_amz_2025_p6.csv (6500 records)
[2026-01-01T12:07:13.707695] CSV has 45 columns
[2026-01-01T12:09:52.006746] Saving 6600 results to CSV...
[2026-01-01T12:09:52.086881] Saved CSV: data/output/amz_2025_p6/run_1/uncoded_amz_2025_p6.csv (6600 records)
[2026-01-01T12:09:52.086979] CSV has 45 columns
[2026-01-01T12:11:46.430952] Saving 6700 results to CSV...
[2026-01-01T12:11:46.501684] Saved CSV: data/output/amz_2025_p6/run_1/uncoded_amz_2025_p6.csv (6700 records)
[2026-01-01T12:11:46.501794] CSV has 45 columns
[2026-01-01T12:14:07.393555] Saving 6800 results to CSV...
[2026-01-01T12:14:07.458409] Saved CSV: data/output/amz_2025_p6/run_1/uncoded_amz_2025_p6.csv (6800 records)
[2026-01-01T12:14:07.458511] CSV has 45 columns
[2026-01-01T12:16:01.866150] Saving 6900 results to CSV...
[2026-01-01T12:16:01.942123] Saved CSV: data/output/amz_2025_p6/run_1/uncoded_amz_2025_p6.csv (6900 records)
[2026-01-01T12:16:01.942219] CSV has 45 columns
[2026-01-01T12:18:29.029816] Saving 7000 results to CSV...
[2026-01-01T12:18:29.105653] Saved CSV: data/output/amz_2025_p6/run_1/uncoded_amz_2025_p6.csv (7000 records)
[2026-01-01T12:18:29.105745] CSV has 45 columns
[2026-01-01T12:21:04.464093] Saving 7100 results to CSV...
[2026-01-01T12:21:04.529604] Saved CSV: data/output/amz_2025_p6/run_1/uncoded_amz_2025_p6.csv (7100 records)
[2026-01-01T12:21:04.529702] CSV has 45 columns
[2026-01-01T12:23:00.694507] Saving 7200 results to CSV...
[2026-01-01T12:23:00.773061] Saved CSV: data/output/amz_2025_p6/run_1/uncoded_amz_2025_p6.csv (7200 records)
[2026-01-01T12:23:00.773168] CSV has 45 columns
[2026-01-01T12:24:30.906610] Saving 7300 results to CSV...
[2026-01-01T12:24:30.976687] Saved CSV: data/output/amz_2025_p6/run_1/uncoded_amz_2025_p6.csv (7300 records)
[2026-01-01T12:24:30.976793] CSV has 45 columns
[2026-01-01T12:26:43.863584] Saving 7400 results to CSV...
[2026-01-01T12:26:43.934542] Saved CSV: data/output/amz_2025_p6/run_1/uncoded_amz_2025_p6.csv (7400 records)
[2026-01-01T12:26:43.934631] CSV has 45 columns
[2026-01-01T12:28:28.785674] Saving 7500 results to CSV...
[2026-01-01T12:28:28.880147] Saved CSV: data/output/amz_2025_p6/run_1/uncoded_amz_2025_p6.csv (7500 records)
[2026-01-01T12:28:28.880269] CSV has 45 columns
[2026-01-01T13:42:51.528526] Saving 7600 results to CSV...
[2026-01-01T13:42:51.601783] Saved CSV: data/output/amz_2025_p6/run_1/uncoded_amz_2025_p6.csv (7600 records)
[2026-01-01T13:42:51.601874] CSV has 45 columns
[2026-01-01T13:44:46.924354] Saving 7700 results to CSV...
[2026-01-01T13:44:47.004536] Saved CSV: data/output/amz_2025_p6/run_1/uncoded_amz_2025_p6.csv (7700 records)
[2026-01-01T13:44:47.004625] CSV has 45 columns
[2026-01-01T13:46:34.338736] Saving 7800 results to CSV...
[2026-01-01T13:46:34.411729] Saved CSV: data/output/amz_2025_p6/run_1/uncoded_amz_2025_p6.csv (7800 records)
[2026-01-01T13:46:34.411833] CSV has 45 columns
[2026-01-01T14:46:06.721731] Saving 7900 results to CSV...
[2026-01-01T14:46:06.814764] Saved CSV: data/output/amz_2025_p6/run_1/uncoded_amz_2025_p6.csv (7900 records)
[2026-01-01T14:46:06.814859] CSV has 45 columns
[2026-01-01T14:47:32.337494] Saving 8000 results to CSV...
[2026-01-01T14:47:32.431695] Saved CSV: data/output/amz_2025_p6/run_1/uncoded_amz_2025_p6.csv (8000 records)
[2026-01-01T14:47:32.431782] CSV has 45 columns
[2026-01-01T14:48:50.980806] Saving 8100 results to CSV...
[2026-01-01T14:48:51.061588] Saved CSV: data/output/amz_2025_p6/run_1/uncoded_amz_2025_p6.csv (8100 records)
[2026-01-01T14:48:51.061687] CSV has 45 columns
[2026-01-01T14:50:31.227813] Saving 8200 results to CSV...
[2026-01-01T14:50:31.318344] Saved CSV: data/output/amz_2025_p6/run_1/uncoded_amz_2025_p6.csv (8200 records)
[2026-01-01T14:50:31.318439] CSV has 45 columns
[2026-01-01T15:48:16.183883] Saving 8300 results to CSV...
[2026-01-01T15:48:16.272884] Saved CSV: data/output/amz_2025_p6/run_1/uncoded_amz_2025_p6.csv (8300 records)
[2026-01-01T15:48:16.272976] CSV has 45 columns
[2026-01-01T15:49:49.443546] Saving 8400 results to CSV...
[2026-01-01T15:49:49.542766] Saved CSV: data/output/amz_2025_p6/run_1/uncoded_amz_2025_p6.csv (8400 records)
[2026-01-01T15:49:49.542857] CSV has 45 columns
[2026-01-01T15:51:57.572536] Saving 8500 results to CSV...
[2026-01-01T15:51:57.658265] Saved CSV: data/output/amz_2025_p6/run_1/uncoded_amz_2025_p6.csv (8500 records)
[2026-01-01T15:51:57.658355] CSV has 45 columns
[2026-01-01T15:53:34.545831] Saving 8600 results to CSV...
[2026-01-01T15:53:34.644560] Saved CSV: data/output/amz_2025_p6/run_1/uncoded_amz_2025_p6.csv (8600 records)
[2026-01-01T15:53:34.644671] CSV has 45 columns
[2026-01-01T15:55:06.711659] Saving 8700 results to CSV...
[2026-01-01T15:55:06.812472] Saved CSV: data/output/amz_2025_p6/run_1/uncoded_amz_2025_p6.csv (8700 records)
[2026-01-01T15:55:06.812558] CSV has 45 columns
[2026-01-01T15:57:29.139805] Saving 8800 results to CSV...
[2026-01-01T15:57:29.237827] Saved CSV: data/output/amz_2025_p6/run_1/uncoded_amz_2025_p6.csv (8800 records)
[2026-01-01T15:57:29.237911] CSV has 45 columns
[2026-01-01T16:00:00.695232] Saving 8900 results to CSV...
[2026-01-01T16:00:00.792923] Saved CSV: data/output/amz_2025_p6/run_1/uncoded_amz_2025_p6.csv (8900 records)
[2026-01-01T16:00:00.793024] CSV has 45 columns
[2026-01-01T16:02:12.836205] Saving 9000 results to CSV...
[2026-01-01T16:02:12.930280] Saved CSV: data/output/amz_2025_p6/run_1/uncoded_amz_2025_p6.csv (9000 records)
[2026-01-01T16:02:12.930386] CSV has 45 columns
[2026-01-01T16:05:33.929069] Saving 9100 results to CSV...
[2026-01-01T16:05:34.026578] Saved CSV: data/output/amz_2025_p6/run_1/uncoded_amz_2025_p6.csv (9100 records)
[2026-01-01T16:05:34.026671] CSV has 45 columns
[2026-01-01T16:08:35.816781] Saving 9200 results to CSV...
[2026-01-01T16:08:35.905427] Saved CSV: data/output/amz_2025_p6/run_1/uncoded_amz_2025_p6.csv (9200 records)
[2026-01-01T16:08:35.905519] CSV has 45 columns
[2026-01-01T16:11:03.552147] Saving 9300 results to CSV...
[2026-01-01T16:11:03.648082] Saved CSV: data/output/amz_2025_p6/run_1/uncoded_amz_2025_p6.csv (9300 records)
[2026-01-01T16:11:03.648188] CSV has 45 columns
[2026-01-01T16:13:44.328583] Saving 9400 results to CSV...
[2026-01-01T16:13:44.422085] Saved CSV: data/output/amz_2025_p6/run_1/uncoded_amz_2025_p6.csv (9400 records)
[2026-01-01T16:13:44.422201] CSV has 45 columns
[2026-01-01T16:17:07.689868] Saving 9500 results to CSV...
[2026-01-01T16:17:07.786935] Saved CSV: data/output/amz_2025_p6/run_1/uncoded_amz_2025_p6.csv (9500 records)
[2026-01-01T16:17:07.787063] CSV has 45 columns
[2026-01-01T16:19:07.595485] Saving 9600 results to CSV...
[2026-01-01T16:19:07.686960] Saved CSV: data/output/amz_2025_p6/run_1/uncoded_amz_2025_p6.csv (9600 records)
[2026-01-01T16:19:07.687058] CSV has 45 columns
[2026-01-01T16:21:36.002698] Saving 9700 results to CSV...
[2026-01-01T16:21:36.094391] Saved CSV: data/output/amz_2025_p6/run_1/uncoded_amz_2025_p6.csv (9700 records)
[2026-01-01T16:21:36.094487] CSV has 45 columns
[2026-01-01T16:23:38.752149] Saving 9800 results to CSV...
[2026-01-01T16:23:38.846428] Saved CSV: data/output/amz_2025_p6/run_1/uncoded_amz_2025_p6.csv (9800 records)
[2026-01-01T16:23:38.846539] CSV has 45 columns
[2026-01-01T16:25:46.184456] Saving 9900 results to CSV...
[2026-01-01T16:25:46.278094] Saved CSV: data/output/amz_2025_p6/run_1/uncoded_amz_2025_p6.csv (9900 records)
[2026-01-01T16:25:46.278196] CSV has 45 columns
[2026-01-01T16:27:35.517158] Saving 10000 results to CSV...
[2026-01-01T16:27:35.620200] Saved CSV: data/output/amz_2025_p6/run_1/uncoded_amz_2025_p6.csv (10000 records)
[2026-01-01T16:27:35.620323] CSV has 45 columns
[2026-01-01T16:29:22.624309] Saving 10100 results to CSV...
[2026-01-01T16:29:22.732953] Saved CSV: data/output/amz_2025_p6/run_1/uncoded_amz_2025_p6.csv (10100 records)
[2026-01-01T16:29:22.733077] CSV has 45 columns
[2026-01-01T16:30:48.125274] Saving 10200 results to CSV...
[2026-01-01T16:30:48.226913] Saved CSV: data/output/amz_2025_p6/run_1/uncoded_amz_2025_p6.csv (10200 records)
[2026-01-01T16:30:48.227017] CSV has 45 columns
[2026-01-01T16:32:31.962470] Saving 10300 results to CSV...
[2026-01-01T16:32:32.055221] Saved CSV: data/output/amz_2025_p6/run_1/uncoded_amz_2025_p6.csv (10300 records)
[2026-01-01T16:32:32.055316] CSV has 45 columns
[2026-01-01T16:34:38.331093] Saving 10400 results to CSV...
[2026-01-01T16:34:38.429452] Saved CSV: data/output/amz_2025_p6/run_1/uncoded_amz_2025_p6.csv (10400 records)
[2026-01-01T16:34:38.429574] CSV has 45 columns
[2026-01-01T16:36:29.837047] Saving 10500 results to CSV...
[2026-01-01T16:36:29.942451] Saved CSV: data/output/amz_2025_p6/run_1/uncoded_amz_2025_p6.csv (10500 records)
[2026-01-01T16:36:29.942567] CSV has 45 columns
[2026-01-01T16:38:34.331991] Saving 10600 results to CSV...
[2026-01-01T16:38:34.439734] Saved CSV: data/output/amz_2025_p6/run_1/uncoded_amz_2025_p6.csv (10600 records)
[2026-01-01T16:38:34.439851] CSV has 45 columns
[2026-01-01T16:40:05.239183] Saving 10700 results to CSV...
[2026-01-01T16:40:05.349964] Saved CSV: data/output/amz_2025_p6/run_1/uncoded_amz_2025_p6.csv (10700 records)
[2026-01-01T16:40:05.350075] CSV has 45 columns
[2026-01-01T16:42:26.210679] Saving 10800 results to CSV...
[2026-01-01T16:42:26.304232] Saved CSV: data/output/amz_2025_p6/run_1/uncoded_amz_2025_p6.csv (10800 records)
[2026-01-01T16:42:26.304342] CSV has 45 columns
[2026-01-01T16:49:25.371711] Saving 10900 results to CSV...
[2026-01-01T16:49:25.474306] Saved CSV: data/output/amz_2025_p6/run_1/uncoded_amz_2025_p6.csv (10900 records)
[2026-01-01T16:49:25.474414] CSV has 45 columns
