[2025-12-23T18:30:43.016270] INFO: ==================================================
[2025-12-23T18:30:43.016446] INFO: STEP 1: SUBCATEGORY FILTERING
[2025-12-23T18:30:43.016481] INFO: ==================================================
[2025-12-23T18:30:43.016508] INFO: Input: 35,311 products
[2025-12-23T18:30:44.127672] INFO: 
[2025-12-23T18:30:44.127900] INFO: Results:
[2025-12-23T18:30:44.127947] INFO:   Removed by subcategory:   26,456
[2025-12-23T18:30:44.127979] INFO:   Removed by title keyword: 393
[2025-12-23T18:30:44.128007] INFO:   Total removed:            26,849
[2025-12-23T18:30:44.128033] INFO:   Not in lookup (kept):     12
[2025-12-23T18:30:44.128071] INFO:   Remapped (supplements):   8,843
[2025-12-23T18:30:44.128096] INFO:   Total passed forward:     8,462
[2025-12-23T18:30:44.128120] INFO: 
[2025-12-23T18:30:44.128145] INFO: Anomalies - Unknown subcategories:
[2025-12-23T18:30:44.128171] INFO:   - 'intimate moisturizers': 11 product(s)
[2025-12-23T18:30:44.128194] INFO:   - 'wildlife encounter protection': 1 product(s)
[2025-12-23T18:30:44.128218] INFO: 
[2025-12-23T18:30:44.128375] INFO: Unknown subcategories saved: audit/amz_2025_p7/run_2/unknown_subcategories.csv
[2025-12-23T18:30:44.128403] INFO: 
[2025-12-23T18:30:44.187013] INFO: All removed products: audit/amz_2025_p7/run_2/step1_subcategory_filtering/removed_all.csv
[2025-12-23T18:30:44.242746] INFO: Subcategory removals: audit/amz_2025_p7/run_2/step1_subcategory_filtering/removed_by_subcategory.csv
[2025-12-23T18:30:44.244671] INFO: Title keyword removals: audit/amz_2025_p7/run_2/step1_subcategory_filtering/removed_by_title_keyword.csv
[2025-12-23T18:30:44.244709] INFO: ==================================================
