[2026-01-01T02:29:50.285020] RUN START: uncoded_amz_2025_p7 | Run: run_1
[2026-01-01T02:29:50.288817] ================================================================================
[2026-01-01T02:29:50.288881] STARTING PRODUCTION ORCHESTRATOR
[2026-01-01T02:29:50.288924] ================================================================================
[2026-01-01T02:29:50.288960] Input file: data/input/uncoded_amz_2025_p7.csv
[2026-01-01T02:29:50.288996] Total records: 35311
[2026-01-01T02:29:50.289030] Max workers: 5
[2026-01-01T02:29:50.289068] Batch size: 100
[2026-01-01T02:29:50.289101] File ID: amz_2025_p7
[2026-01-01T02:29:50.289131] Run ID: run_1
[2026-01-01T02:29:50.337635] Batch 1 complete: 100 products processed
[2026-01-01T02:29:50.361868] Batch 2 complete: 100 products processed
[2026-01-01T02:29:50.385788] Batch 3 complete: 100 products processed
[2026-01-01T02:29:50.408744] Batch 4 complete: 100 products processed
[2026-01-01T02:29:50.431057] Batch 5 complete: 100 products processed
[2026-01-01T02:29:50.454156] Batch 6 complete: 100 products processed
[2026-01-01T02:29:50.477580] Batch 7 complete: 100 products processed
[2026-01-01T02:29:50.501989] Batch 8 complete: 100 products processed
[2026-01-01T02:29:50.525682] Batch 9 complete: 100 products processed
[2026-01-01T02:29:50.549245] Batch 10 complete: 100 products processed
[2026-01-01T02:29:50.573702] Batch 11 complete: 100 products processed
[2026-01-01T02:29:50.598705] Batch 12 complete: 100 products processed
[2026-01-01T02:29:50.620986] Batch 13 complete: 100 products processed
[2026-01-01T02:29:50.644816] Batch 14 complete: 100 products processed
[2026-01-01T02:29:50.666431] Batch 15 complete: 100 products processed
[2026-01-01T02:29:50.688013] Batch 16 complete: 100 products processed
[2026-01-01T02:29:50.709755] Batch 17 complete: 100 products processed
[2026-01-01T02:29:50.731892] Batch 18 complete: 100 products processed
[2026-01-01T02:29:50.754248] Batch 19 complete: 100 products processed
[2026-01-01T02:29:50.776578] Batch 20 complete: 100 products processed
[2026-01-01T02:29:50.799469] Batch 21 complete: 100 products processed
[2026-01-01T02:29:50.822132] Batch 22 complete: 100 products processed
[2026-01-01T02:29:50.845867] Batch 23 complete: 100 products processed
[2026-01-01T02:29:50.871969] Batch 24 complete: 100 products processed
[2026-01-01T02:29:50.898284] Batch 25 complete: 100 products processed
[2026-01-01T02:29:50.926305] Batch 26 complete: 100 products processed
[2026-01-01T02:29:50.954561] Batch 27 complete: 100 products processed
[2026-01-01T02:29:50.982422] Batch 28 complete: 100 products processed
[2026-01-01T02:29:51.008147] Batch 29 complete: 100 products processed
[2026-01-01T02:29:51.032537] Batch 30 complete: 100 products processed
[2026-01-01T02:29:51.057746] Batch 31 complete: 100 products processed
[2026-01-01T02:29:51.083109] Batch 32 complete: 100 products processed
[2026-01-01T02:29:51.111964] Batch 33 complete: 100 products processed
[2026-01-01T02:29:51.143091] Batch 34 complete: 100 products processed
[2026-01-01T02:29:51.169328] Batch 35 complete: 100 products processed
[2026-01-01T02:29:51.192120] Batch 36 complete: 100 products processed
[2026-01-01T02:29:51.214960] Batch 37 complete: 100 products processed
[2026-01-01T02:29:51.238181] Batch 38 complete: 100 products processed
[2026-01-01T02:29:51.260789] Batch 39 complete: 100 products processed
[2026-01-01T02:29:51.282771] Batch 40 complete: 100 products processed
[2026-01-01T02:29:51.305645] Batch 41 complete: 100 products processed
[2026-01-01T02:29:51.328959] Batch 42 complete: 100 products processed
[2026-01-01T02:29:51.352554] Batch 43 complete: 100 products processed
[2026-01-01T02:29:51.374942] Batch 44 complete: 100 products processed
[2026-01-01T02:29:51.396378] Batch 45 complete: 100 products processed
[2026-01-01T02:29:51.417911] Batch 46 complete: 100 products processed
[2026-01-01T02:29:51.439974] Batch 47 complete: 100 products processed
[2026-01-01T02:29:51.461102] Batch 48 complete: 100 products processed
[2026-01-01T02:29:51.484002] Batch 49 complete: 100 products processed
[2026-01-01T02:29:51.508564] Batch 50 complete: 100 products processed
[2026-01-01T02:29:51.532955] Batch 51 complete: 100 products processed
[2026-01-01T02:29:51.562428] Batch 52 complete: 100 products processed
[2026-01-01T02:29:51.585638] Batch 53 complete: 100 products processed
[2026-01-01T02:29:51.608264] Batch 54 complete: 100 products processed
[2026-01-01T02:29:51.630905] Batch 55 complete: 100 products processed
[2026-01-01T02:29:51.652164] Batch 56 complete: 100 products processed
[2026-01-01T02:29:51.674747] Batch 57 complete: 100 products processed
[2026-01-01T02:29:51.699392] Batch 58 complete: 100 products processed
[2026-01-01T02:29:51.722895] Batch 59 complete: 100 products processed
[2026-01-01T02:29:51.745292] Batch 60 complete: 100 products processed
[2026-01-01T02:29:51.766709] Batch 61 complete: 100 products processed
[2026-01-01T02:29:51.788820] Batch 62 complete: 100 products processed
[2026-01-01T02:29:51.810632] Batch 63 complete: 100 products processed
[2026-01-01T02:29:51.833370] Batch 64 complete: 100 products processed
[2026-01-01T02:29:51.856172] Batch 65 complete: 100 products processed
[2026-01-01T02:29:51.878162] Batch 66 complete: 100 products processed
[2026-01-01T02:29:51.900906] Batch 67 complete: 100 products processed
[2026-01-01T02:29:51.922745] Batch 68 complete: 100 products processed
[2026-01-01T02:29:51.945617] Batch 69 complete: 100 products processed
[2026-01-01T02:29:51.967704] Batch 70 complete: 100 products processed
[2026-01-01T02:29:51.988550] Batch 71 complete: 100 products processed
[2026-01-01T02:29:52.011384] Batch 72 complete: 100 products processed
[2026-01-01T02:29:52.033968] Batch 73 complete: 100 products processed
[2026-01-01T02:29:52.057133] Batch 74 complete: 100 products processed
[2026-01-01T02:29:52.078972] Batch 75 complete: 100 products processed
[2026-01-01T02:29:52.105812] Batch 76 complete: 100 products processed
[2026-01-01T02:29:52.133845] Batch 77 complete: 100 products processed
[2026-01-01T02:29:52.162031] Batch 78 complete: 100 products processed
[2026-01-01T02:29:52.188063] Batch 79 complete: 100 products processed
[2026-01-01T02:29:52.256098] Batch 80 complete: 100 products processed
[2026-01-01T02:29:52.306309] Batch 81 complete: 100 products processed
[2026-01-01T02:29:52.356096] Batch 82 complete: 100 products processed
[2026-01-01T02:29:52.379356] Batch 83 complete: 100 products processed
[2026-01-01T02:29:52.406910] Batch 84 complete: 100 products processed
[2026-01-01T02:29:52.430014] Batch 85 complete: 100 products processed
[2026-01-01T02:29:52.456601] Batch 86 complete: 100 products processed
[2026-01-01T02:29:52.482014] Batch 87 complete: 100 products processed
[2026-01-01T02:29:52.505298] Batch 88 complete: 100 products processed
[2026-01-01T02:29:52.532070] Batch 89 complete: 100 products processed
[2026-01-01T02:29:52.554923] Batch 90 complete: 100 products processed
[2026-01-01T02:29:52.582219] Batch 91 complete: 100 products processed
[2026-01-01T02:29:52.657373] Batch 92 complete: 100 products processed
[2026-01-01T02:29:52.700526] Batch 93 complete: 100 products processed
[2026-01-01T02:29:52.725115] Batch 94 complete: 100 products processed
[2026-01-01T02:29:52.752383] Batch 95 complete: 100 products processed
[2026-01-01T02:29:52.776878] Batch 96 complete: 100 products processed
[2026-01-01T02:29:52.801578] Batch 97 complete: 100 products processed
[2026-01-01T02:29:52.829001] Batch 98 complete: 100 products processed
[2026-01-01T02:29:52.853174] Batch 99 complete: 100 products processed
[2026-01-01T02:29:52.881097] Batch 100 complete: 100 products processed
[2026-01-01T02:29:52.912352] Batch 101 complete: 100 products processed
[2026-01-01T02:29:52.942501] Batch 102 complete: 100 products processed
[2026-01-01T02:29:52.963823] Batch 103 complete: 100 products processed
[2026-01-01T02:29:52.990814] Batch 104 complete: 100 products processed
[2026-01-01T02:29:53.015382] Batch 105 complete: 100 products processed
[2026-01-01T02:29:53.038015] Batch 106 complete: 100 products processed
[2026-01-01T02:29:53.066587] Batch 107 complete: 100 products processed
[2026-01-01T02:29:53.089697] Batch 108 complete: 100 products processed
[2026-01-01T02:29:53.115198] Batch 109 complete: 100 products processed
[2026-01-01T02:29:53.137720] Batch 110 complete: 100 products processed
[2026-01-01T02:29:53.161042] Batch 111 complete: 100 products processed
[2026-01-01T02:29:53.188341] Batch 112 complete: 100 products processed
[2026-01-01T02:29:53.208973] Batch 113 complete: 100 products processed
[2026-01-01T02:29:53.234859] Batch 114 complete: 100 products processed
[2026-01-01T02:29:53.257756] Batch 115 complete: 100 products processed
[2026-01-01T02:29:53.284307] Batch 116 complete: 100 products processed
[2026-01-01T02:29:53.306885] Batch 117 complete: 100 products processed
[2026-01-01T02:29:53.330543] Batch 118 complete: 100 products processed
[2026-01-01T02:29:53.357235] Batch 119 complete: 100 products processed
[2026-01-01T02:29:53.379080] Batch 120 complete: 100 products processed
[2026-01-01T02:29:53.405894] Batch 121 complete: 100 products processed
[2026-01-01T02:29:53.428183] Batch 122 complete: 100 products processed
[2026-01-01T02:29:53.449740] Batch 123 complete: 100 products processed
[2026-01-01T02:29:53.475625] Batch 124 complete: 100 products processed
[2026-01-01T02:29:53.497667] Batch 125 complete: 100 products processed
[2026-01-01T02:29:53.525343] Batch 126 complete: 100 products processed
[2026-01-01T02:29:53.547949] Batch 127 complete: 100 products processed
[2026-01-01T02:29:53.571514] Batch 128 complete: 100 products processed
[2026-01-01T02:29:53.597905] Batch 129 complete: 100 products processed
[2026-01-01T02:29:53.621866] Batch 130 complete: 100 products processed
[2026-01-01T02:29:53.656956] Batch 131 complete: 100 products processed
[2026-01-01T02:29:53.679291] Batch 132 complete: 100 products processed
[2026-01-01T02:29:53.704884] Batch 133 complete: 100 products processed
[2026-01-01T02:29:53.727441] Batch 134 complete: 100 products processed
[2026-01-01T02:29:53.757122] Batch 135 complete: 100 products processed
[2026-01-01T02:29:53.784538] Batch 136 complete: 100 products processed
[2026-01-01T02:29:53.807948] Batch 137 complete: 100 products processed
[2026-01-01T02:29:53.837244] Batch 138 complete: 100 products processed
[2026-01-01T02:29:53.859484] Batch 139 complete: 100 products processed
[2026-01-01T02:29:53.888791] Batch 140 complete: 100 products processed
[2026-01-01T02:29:53.911716] Batch 141 complete: 100 products processed
[2026-01-01T02:29:53.939029] Batch 142 complete: 100 products processed
[2026-01-01T02:29:53.962014] Batch 143 complete: 100 products processed
[2026-01-01T02:29:53.983971] Batch 144 complete: 100 products processed
[2026-01-01T02:29:54.009039] Batch 145 complete: 100 products processed
[2026-01-01T02:29:54.032344] Batch 146 complete: 100 products processed
[2026-01-01T02:29:54.059198] Batch 147 complete: 100 products processed
[2026-01-01T02:29:54.081441] Batch 148 complete: 100 products processed
[2026-01-01T02:29:54.104701] Batch 149 complete: 100 products processed
[2026-01-01T02:29:54.136295] Batch 150 complete: 100 products processed
[2026-01-01T02:29:54.166502] Batch 151 complete: 100 products processed
[2026-01-01T02:29:54.199038] Batch 152 complete: 100 products processed
[2026-01-01T02:29:54.224035] Batch 153 complete: 100 products processed
[2026-01-01T02:29:54.253148] Batch 154 complete: 100 products processed
[2026-01-01T02:29:54.278894] Batch 155 complete: 100 products processed
[2026-01-01T02:29:54.310245] Batch 156 complete: 100 products processed
[2026-01-01T02:29:54.337432] Batch 157 complete: 100 products processed
[2026-01-01T02:29:54.367204] Batch 158 complete: 100 products processed
[2026-01-01T02:29:54.391768] Batch 159 complete: 100 products processed
[2026-01-01T02:29:54.420678] Batch 160 complete: 100 products processed
[2026-01-01T02:29:54.446386] Batch 161 complete: 100 products processed
[2026-01-01T02:29:54.517860] Batch 162 complete: 100 products processed
[2026-01-01T02:29:54.560221] Batch 163 complete: 100 products processed
[2026-01-01T02:29:54.585380] Batch 164 complete: 100 products processed
[2026-01-01T02:29:54.616669] Batch 165 complete: 100 products processed
[2026-01-01T02:29:54.641995] Batch 166 complete: 100 products processed
[2026-01-01T02:29:54.672304] Batch 167 complete: 100 products processed
[2026-01-01T02:29:54.699485] Batch 168 complete: 100 products processed
[2026-01-01T02:29:54.729441] Batch 169 complete: 100 products processed
[2026-01-01T02:29:54.754764] Batch 170 complete: 100 products processed
[2026-01-01T02:29:54.783375] Batch 171 complete: 100 products processed
[2026-01-01T02:29:54.807780] Batch 172 complete: 100 products processed
[2026-01-01T02:29:54.836120] Batch 173 complete: 100 products processed
[2026-01-01T02:29:54.884292] Batch 174 complete: 100 products processed
[2026-01-01T02:29:54.916696] Batch 175 complete: 100 products processed
[2026-01-01T02:29:54.941190] Batch 176 complete: 100 products processed
[2026-01-01T02:29:54.967644] Batch 177 complete: 100 products processed
[2026-01-01T02:29:54.990920] Batch 178 complete: 100 products processed
[2026-01-01T02:29:55.016717] Batch 179 complete: 100 products processed
[2026-01-01T02:29:55.040015] Batch 180 complete: 100 products processed
[2026-01-01T02:29:55.062587] Batch 181 complete: 100 products processed
[2026-01-01T02:29:55.089849] Batch 182 complete: 100 products processed
[2026-01-01T02:29:55.113127] Batch 183 complete: 100 products processed
[2026-01-01T02:29:55.139247] Batch 184 complete: 100 products processed
[2026-01-01T02:29:55.163756] Batch 185 complete: 100 products processed
[2026-01-01T02:29:55.193619] Batch 186 complete: 100 products processed
[2026-01-01T02:29:55.219541] Batch 187 complete: 100 products processed
[2026-01-01T02:29:55.249498] Batch 188 complete: 100 products processed
[2026-01-01T02:29:55.317479] Batch 189 complete: 100 products processed
[2026-01-01T02:29:55.388361] Batch 190 complete: 100 products processed
[2026-01-01T02:29:55.440076] Batch 191 complete: 100 products processed
[2026-01-01T02:29:55.470324] Batch 192 complete: 100 products processed
[2026-01-01T02:29:55.491576] Batch 193 complete: 100 products processed
[2026-01-01T02:29:55.517433] Batch 194 complete: 100 products processed
[2026-01-01T02:29:55.539117] Batch 195 complete: 100 products processed
[2026-01-01T02:29:55.566385] Batch 196 complete: 100 products processed
[2026-01-01T02:29:55.589963] Batch 197 complete: 100 products processed
[2026-01-01T02:29:55.612878] Batch 198 complete: 100 products processed
[2026-01-01T02:29:55.637974] Batch 199 complete: 100 products processed
[2026-01-01T02:29:55.661563] Batch 200 complete: 100 products processed
[2026-01-01T02:29:55.687018] Batch 201 complete: 100 products processed
[2026-01-01T02:29:55.709923] Batch 202 complete: 100 products processed
[2026-01-01T02:29:55.733375] Batch 203 complete: 100 products processed
[2026-01-01T02:29:55.759917] Batch 204 complete: 100 products processed
[2026-01-01T02:29:55.782167] Batch 205 complete: 100 products processed
[2026-01-01T02:29:55.808472] Batch 206 complete: 100 products processed
[2026-01-01T02:29:55.831630] Batch 207 complete: 100 products processed
[2026-01-01T02:29:55.853876] Batch 208 complete: 100 products processed
[2026-01-01T02:29:55.881678] Batch 209 complete: 100 products processed
[2026-01-01T02:29:55.905326] Batch 210 complete: 100 products processed
[2026-01-01T02:29:55.942704] Batch 211 complete: 100 products processed
[2026-01-01T02:29:55.965826] Batch 212 complete: 100 products processed
[2026-01-01T02:29:55.990760] Batch 213 complete: 100 products processed
[2026-01-01T02:29:56.012586] Batch 214 complete: 100 products processed
[2026-01-01T02:29:56.035767] Batch 215 complete: 100 products processed
[2026-01-01T02:29:56.061990] Batch 216 complete: 100 products processed
[2026-01-01T02:29:56.087939] Batch 217 complete: 100 products processed
[2026-01-01T02:29:56.114994] Batch 218 complete: 100 products processed
[2026-01-01T02:29:56.137837] Batch 219 complete: 100 products processed
[2026-01-01T02:29:56.164416] Batch 220 complete: 100 products processed
[2026-01-01T02:29:56.186554] Batch 221 complete: 100 products processed
[2026-01-01T02:29:56.209599] Batch 222 complete: 100 products processed
[2026-01-01T02:29:56.235515] Batch 223 complete: 100 products processed
[2026-01-01T02:29:56.257584] Batch 224 complete: 100 products processed
[2026-01-01T02:29:56.284693] Batch 225 complete: 100 products processed
[2026-01-01T02:29:56.307112] Batch 226 complete: 100 products processed
[2026-01-01T02:29:56.328659] Batch 227 complete: 100 products processed
[2026-01-01T02:29:56.353074] Batch 228 complete: 100 products processed
[2026-01-01T02:29:56.375730] Batch 229 complete: 100 products processed
[2026-01-01T02:29:56.402854] Batch 230 complete: 100 products processed
[2026-01-01T02:29:56.425206] Batch 231 complete: 100 products processed
[2026-01-01T02:29:56.447373] Batch 232 complete: 100 products processed
[2026-01-01T02:29:56.475235] Batch 233 complete: 100 products processed
[2026-01-01T02:29:56.497649] Batch 234 complete: 100 products processed
[2026-01-01T02:29:56.527416] Batch 235 complete: 100 products processed
[2026-01-01T02:29:56.549503] Batch 236 complete: 100 products processed
[2026-01-01T02:29:56.572252] Batch 237 complete: 100 products processed
[2026-01-01T02:29:56.599458] Batch 238 complete: 100 products processed
[2026-01-01T02:29:56.622583] Batch 239 complete: 100 products processed
[2026-01-01T02:29:56.653253] Batch 240 complete: 100 products processed
[2026-01-01T02:29:56.678128] Batch 241 complete: 100 products processed
[2026-01-01T02:29:56.706948] Batch 242 complete: 100 products processed
[2026-01-01T02:29:56.732485] Batch 243 complete: 100 products processed
[2026-01-01T02:29:56.756632] Batch 244 complete: 100 products processed
[2026-01-01T02:29:56.784620] Batch 245 complete: 100 products processed
[2026-01-01T02:29:56.810295] Batch 246 complete: 100 products processed
[2026-01-01T02:29:56.839832] Batch 247 complete: 100 products processed
[2026-01-01T02:29:56.864635] Batch 248 complete: 100 products processed
[2026-01-01T02:29:56.895250] Batch 249 complete: 100 products processed
[2026-01-01T02:29:56.921054] Batch 250 complete: 100 products processed
[2026-01-01T02:29:56.981431] Batch 251 complete: 100 products processed
[2026-01-01T02:29:57.030244] Batch 252 complete: 100 products processed
[2026-01-01T02:29:57.054562] Batch 253 complete: 100 products processed
[2026-01-01T02:29:57.084103] Batch 254 complete: 100 products processed
[2026-01-01T02:29:57.109687] Batch 255 complete: 100 products processed
[2026-01-01T02:29:57.139993] Batch 256 complete: 100 products processed
[2026-01-01T02:29:57.163164] Batch 257 complete: 100 products processed
[2026-01-01T02:29:57.190571] Batch 258 complete: 100 products processed
[2026-01-01T02:29:57.215671] Batch 259 complete: 100 products processed
[2026-01-01T02:29:57.239782] Batch 260 complete: 100 products processed
[2026-01-01T02:29:57.269022] Batch 261 complete: 100 products processed
[2026-01-01T02:29:57.294500] Batch 262 complete: 100 products processed
[2026-01-01T02:29:57.322875] Batch 263 complete: 100 products processed
[2026-01-01T02:29:57.348767] Batch 264 complete: 100 products processed
[2026-01-01T02:29:57.381402] Batch 265 complete: 100 products processed
[2026-01-01T02:29:57.404831] Batch 266 complete: 100 products processed
[2026-01-01T02:29:57.429224] Batch 267 complete: 100 products processed
[2026-01-01T02:29:57.451643] Batch 268 complete: 100 products processed
[2026-01-01T02:29:57.474156] Batch 269 complete: 100 products processed
[2026-01-01T02:29:57.500476] Batch 270 complete: 100 products processed
[2026-01-01T02:29:57.521712] Batch 271 complete: 100 products processed
[2026-01-01T02:29:57.546607] Batch 272 complete: 100 products processed
[2026-01-01T02:29:57.569130] Batch 273 complete: 100 products processed
[2026-01-01T02:29:57.593078] Batch 274 complete: 100 products processed
[2026-01-01T02:29:57.619322] Batch 275 complete: 100 products processed
[2026-01-01T02:29:57.643173] Batch 276 complete: 100 products processed
[2026-01-01T02:29:57.669214] Batch 277 complete: 100 products processed
[2026-01-01T02:29:57.692257] Batch 278 complete: 100 products processed
[2026-01-01T02:29:57.714997] Batch 279 complete: 100 products processed
[2026-01-01T02:29:57.742596] Batch 280 complete: 100 products processed
[2026-01-01T02:29:57.765974] Batch 281 complete: 100 products processed
[2026-01-01T02:29:57.791490] Batch 282 complete: 100 products processed
[2026-01-01T02:29:57.815075] Batch 283 complete: 100 products processed
[2026-01-01T02:29:57.842342] Batch 284 complete: 100 products processed
[2026-01-01T02:29:57.865377] Batch 285 complete: 100 products processed
[2026-01-01T02:29:57.888463] Batch 286 complete: 100 products processed
[2026-01-01T02:29:57.916096] Batch 287 complete: 100 products processed
[2026-01-01T02:29:57.939864] Batch 288 complete: 100 products processed
[2026-01-01T02:29:57.966011] Batch 289 complete: 100 products processed
[2026-01-01T02:29:57.989469] Batch 290 complete: 100 products processed
[2026-01-01T02:29:58.012128] Batch 291 complete: 100 products processed
[2026-01-01T02:29:58.039780] Batch 292 complete: 100 products processed
[2026-01-01T02:29:58.063143] Batch 293 complete: 100 products processed
[2026-01-01T02:29:58.090571] Batch 294 complete: 100 products processed
[2026-01-01T02:29:58.114394] Batch 295 complete: 100 products processed
[2026-01-01T02:29:58.141274] Batch 296 complete: 100 products processed
[2026-01-01T02:29:58.164694] Batch 297 complete: 100 products processed
[2026-01-01T02:29:58.187108] Batch 298 complete: 100 products processed
[2026-01-01T02:29:58.212210] Batch 299 complete: 100 products processed
[2026-01-01T02:29:58.235763] Batch 300 complete: 100 products processed
[2026-01-01T02:29:58.262399] Batch 301 complete: 100 products processed
[2026-01-01T02:29:58.286936] Batch 302 complete: 100 products processed
[2026-01-01T02:29:58.308180] Batch 303 complete: 100 products processed
[2026-01-01T02:29:58.333886] Batch 304 complete: 100 products processed
[2026-01-01T02:29:58.357244] Batch 305 complete: 100 products processed
[2026-01-01T02:29:58.383246] Batch 306 complete: 100 products processed
[2026-01-01T02:29:58.406184] Batch 307 complete: 100 products processed
[2026-01-01T02:29:58.432849] Batch 308 complete: 100 products processed
[2026-01-01T02:29:58.454915] Batch 309 complete: 100 products processed
[2026-01-01T02:29:58.477756] Batch 310 complete: 100 products processed
[2026-01-01T02:29:58.504524] Batch 311 complete: 100 products processed
[2026-01-01T02:29:58.527297] Batch 312 complete: 100 products processed
[2026-01-01T02:29:58.553455] Batch 313 complete: 100 products processed
[2026-01-01T02:29:58.576174] Batch 314 complete: 100 products processed
[2026-01-01T02:29:58.600004] Batch 315 complete: 100 products processed
[2026-01-01T02:29:58.626697] Batch 316 complete: 100 products processed
[2026-01-01T02:29:58.649046] Batch 317 complete: 100 products processed
[2026-01-01T02:29:58.675779] Batch 318 complete: 100 products processed
[2026-01-01T02:29:58.703624] Batch 319 complete: 100 products processed
[2026-01-01T02:29:58.731448] Batch 320 complete: 100 products processed
[2026-01-01T02:29:58.755022] Batch 321 complete: 100 products processed
[2026-01-01T02:29:58.777924] Batch 322 complete: 100 products processed
[2026-01-01T02:29:58.809811] Batch 323 complete: 100 products processed
[2026-01-01T02:29:58.834761] Batch 324 complete: 100 products processed
[2026-01-01T02:29:58.866660] Batch 325 complete: 100 products processed
[2026-01-01T02:29:58.891096] Batch 326 complete: 100 products processed
[2026-01-01T02:29:58.949340] Batch 327 complete: 100 products processed
[2026-01-01T02:29:59.001571] Batch 328 complete: 100 products processed
[2026-01-01T02:29:59.030752] Batch 329 complete: 100 products processed
[2026-01-01T02:29:59.054487] Batch 330 complete: 100 products processed
[2026-01-01T02:29:59.077952] Batch 331 complete: 100 products processed
[2026-01-01T02:29:59.104984] Batch 332 complete: 100 products processed
[2026-01-01T02:29:59.128986] Batch 333 complete: 100 products processed
[2026-01-01T02:29:59.158068] Batch 334 complete: 100 products processed
[2026-01-01T02:29:59.183794] Batch 335 complete: 100 products processed
[2026-01-01T02:29:59.214885] Batch 336 complete: 100 products processed
[2026-01-01T02:29:59.239899] Batch 337 complete: 100 products processed
[2026-01-01T02:29:59.269801] Batch 338 complete: 100 products processed
[2026-01-01T02:29:59.296265] Batch 339 complete: 100 products processed
[2026-01-01T02:29:59.320048] Batch 340 complete: 100 products processed
[2026-01-01T02:29:59.349629] Batch 341 complete: 100 products processed
[2026-01-01T02:29:59.376669] Batch 342 complete: 100 products processed
[2026-01-01T02:29:59.407581] Batch 343 complete: 100 products processed
[2026-01-01T02:29:59.451734] Batch 344 complete: 100 products processed
[2026-01-01T02:29:59.506193] Batch 345 complete: 100 products processed
[2026-01-01T02:29:59.530001] Batch 346 complete: 100 products processed
[2026-01-01T02:29:59.553811] Batch 347 complete: 100 products processed
[2026-01-01T02:29:59.579416] Batch 348 complete: 100 products processed
[2026-01-01T02:29:59.601320] Batch 349 complete: 100 products processed
[2026-01-01T02:29:59.628205] Batch 350 complete: 100 products processed
[2026-01-01T02:29:59.650805] Batch 351 complete: 100 products processed
[2026-01-01T02:29:59.673655] Batch 352 complete: 100 products processed
[2026-01-01T02:29:59.698984] Batch 353 complete: 100 products processed
[2026-01-01T02:29:59.701953] Batch 354 complete: 11 products processed
[2026-01-01T02:29:59.820076] ================================================================================
[2026-01-01T02:29:59.820193] PROCESSING COMPLETE
[2026-01-01T02:29:59.820233] ================================================================================
[2026-01-01T02:29:59.820277] Success: 0, Filtered: 0, Errors: 0
[2026-01-01T02:29:59.820316] Total duration: 9.53s
[2026-01-01T02:29:59.820673] Run manifest saved: audit/amz_2025_p7/run_1/run_manifest.json
