[2026-01-04T22:48:25.146653] Saved: audit/100_records/run_9/final/B0DX7JCTT6.json
[2026-01-04T22:48:25.147026] Saved: audit/100_records/run_9/final/B0F47VTGSN.json
[2026-01-04T22:48:25.147332] Saved: audit/100_records/run_9/final/B0DYV8BKHY.json
[2026-01-04T22:48:25.147808] Saved: audit/100_records/run_9/final/B0CRSR8NZ4.json
[2026-01-04T22:48:25.148119] Saved: audit/100_records/run_9/final/B0F94G1PLD.json
[2026-01-04T22:48:25.148346] Saved: audit/100_records/run_9/final/B0D9W7H2VN.json
[2026-01-04T22:48:25.148627] Saved: audit/100_records/run_9/final/B0F48YTHV6.json
[2026-01-04T22:48:25.149081] Saved: audit/100_records/run_9/final/B0DT98X7C5.json
[2026-01-04T22:48:25.149333] Saved: audit/100_records/run_9/final/B003W0XMC8.json
[2026-01-04T22:48:25.149830] Saved: audit/100_records/run_9/final/B07661Z3YX.json
[2026-01-04T22:48:25.150423] Saved: audit/100_records/run_9/final/B07B5NW3LB.json
[2026-01-04T22:48:25.150761] Saved: audit/100_records/run_9/final/B0B9D4MM5Y.json
[2026-01-04T22:48:25.151097] Saved: audit/100_records/run_9/final/B00ORTRKRG.json
[2026-01-04T22:48:25.151701] Saved: audit/100_records/run_9/final/B0DYYKZJ9P.json
[2026-01-04T22:48:25.151980] Saved: audit/100_records/run_9/final/B00JIW5W90.json
[2026-01-04T22:48:25.152258] Saved: audit/100_records/run_9/final/B08249R3DT.json
[2026-01-04T22:48:25.152534] Saved: audit/100_records/run_9/final/B0B6HNQ6ST.json
[2026-01-04T22:48:25.152815] Saved: audit/100_records/run_9/final/B0F3XF36YF.json
[2026-01-04T22:48:25.153075] Saved: audit/100_records/run_9/final/B0DXVBS3CR.json
[2026-01-04T22:48:25.154900] Saved: audit/100_records/run_9/final/B0DWH2V3X5.json
[2026-01-04T22:48:25.155156] Saved: audit/100_records/run_9/final/B07534S4HQ.json
[2026-01-04T22:48:25.155380] Saved: audit/100_records/run_9/final/B0CLYZV7XF.json
[2026-01-04T22:48:25.155594] Saved: audit/100_records/run_9/final/B0FD3C138L.json
[2026-01-04T22:48:25.155827] Saved: audit/100_records/run_9/final/B07FJZ92MN.json
[2026-01-04T22:48:25.156073] Saved: audit/100_records/run_9/final/B0F321184C.json
[2026-01-04T22:48:25.156297] Saved: audit/100_records/run_9/final/B0DSZV5FCW.json
[2026-01-04T22:48:25.156512] Saved: audit/100_records/run_9/final/B081LFG6S4.json
[2026-01-04T22:48:25.156727] Saved: audit/100_records/run_9/final/B0F7848CK8.json
[2026-01-04T22:48:25.156957] Saved: audit/100_records/run_9/final/B0FDV4VJGD.json
[2026-01-04T22:48:25.157169] Saved: audit/100_records/run_9/final/B0CRKNCY5D.json
[2026-01-04T22:48:25.157471] Saved: audit/100_records/run_9/final/B077XK525F.json
[2026-01-04T22:48:25.157726] Saved: audit/100_records/run_9/final/B0DXX8PSYY.json
[2026-01-04T22:48:25.157960] Saved: audit/100_records/run_9/final/B0FD41XD7D.json
[2026-01-04T22:48:25.158178] Saved: audit/100_records/run_9/final/B0F2JNBG5Z.json
[2026-01-04T22:48:25.158456] Saved: audit/100_records/run_9/final/B0FD1WF2HJ.json
[2026-01-04T22:48:25.158672] Saved: audit/100_records/run_9/final/B0DSBQKLFL.json
[2026-01-04T22:48:25.158901] Saved: audit/100_records/run_9/final/B0F79V21TG.json
[2026-01-04T22:48:25.159129] Saved: audit/100_records/run_9/final/B08RMLXQFR.json
[2026-01-04T22:48:25.159360] Saved: audit/100_records/run_9/final/B0CS6J2YW7.json
[2026-01-04T22:48:25.159563] Saved: audit/100_records/run_9/final/B08C5NX1ML.json
[2026-01-04T22:48:25.159796] Saved: audit/100_records/run_9/final/B083JP1G11.json
[2026-01-04T22:48:25.159989] Saved: audit/100_records/run_9/final/B0C173H9J3.json
[2026-01-04T22:48:25.160176] Saved: audit/100_records/run_9/final/B0DQQFHBNJ.json
[2026-01-04T22:48:25.160451] Saved: audit/100_records/run_9/final/B00X4PDXPW.json
[2026-01-04T22:48:25.160734] Saved: audit/100_records/run_9/final/B0FF4D1YD8.json
[2026-01-04T22:48:25.161149] Saved: audit/100_records/run_9/final/B0DGGQ3XL8.json
[2026-01-04T22:48:25.161448] Saved: audit/100_records/run_9/final/B0F9CNJ4PF.json
[2026-01-04T22:48:25.161758] Saved: audit/100_records/run_9/final/B0FDH4WMJY.json
[2026-01-04T22:48:25.161977] Saved: audit/100_records/run_9/final/B07DNTYN7D.json
[2026-01-04T22:48:25.162266] Saved: audit/100_records/run_9/final/B0DQFBTG4K.json
[2026-01-04T22:48:25.162497] Saved: audit/100_records/run_9/final/B0785GPGXM.json
[2026-01-04T22:48:25.162700] Saved: audit/100_records/run_9/final/B0D5R231NR.json
[2026-01-04T22:48:25.162910] Saved: audit/100_records/run_9/final/B0DCG6HDHM.json
[2026-01-04T22:48:25.163226] Saved: audit/100_records/run_9/final/B0FFHS6LJ7.json
[2026-01-04T22:48:25.163434] Saved: audit/100_records/run_9/final/B0DM63Y1QR.json
[2026-01-04T22:48:25.163623] Saved: audit/100_records/run_9/final/B0F79VBBDD.json
[2026-01-04T22:48:25.163824] Saved: audit/100_records/run_9/final/B0CC1Z9H9J.json
[2026-01-04T22:48:25.164097] Saved: audit/100_records/run_9/final/B0F3QJ841K.json
[2026-01-04T22:48:25.164292] Saved: audit/100_records/run_9/final/B08XMRQM8F.json
[2026-01-04T22:48:25.164478] Saved: audit/100_records/run_9/final/B07SLC4F3Q.json
[2026-01-04T22:48:25.164690] Saved: audit/100_records/run_9/final/B07BZT4NR7.json
[2026-01-04T22:48:25.164878] Saved: audit/100_records/run_9/final/B0CGB15Y1B.json
[2026-01-04T22:48:25.165271] Saved: audit/100_records/run_9/final/B0D73JWQSJ.json
[2026-01-04T22:48:25.165460] Saved: audit/100_records/run_9/final/B0FBMFX7TK.json
[2026-01-04T22:48:25.165615] Saved: audit/100_records/run_9/final/B0DTKRM9SG.json
[2026-01-04T22:48:25.165769] Saved: audit/100_records/run_9/final/B0CGVWMH91.json
[2026-01-04T22:48:25.165978] Saved: audit/100_records/run_9/final/B0DSQMLMZ7.json
[2026-01-04T22:48:25.166203] Saved: audit/100_records/run_9/final/B0D7VVDC9M.json
[2026-01-04T22:48:25.166378] Saved: audit/100_records/run_9/final/B0D2XJSVGR.json
[2026-01-04T22:48:25.166555] Saved: audit/100_records/run_9/final/B0BH6FHLHM.json
[2026-01-04T22:48:25.166812] Saved: audit/100_records/run_9/final/B0DN2YNDNP.json
[2026-01-04T22:48:25.166983] Saved: audit/100_records/run_9/final/B0BKXSF3ZN.json
[2026-01-04T22:48:25.167144] Saved: audit/100_records/run_9/final/B0BD74DHWZ.json
[2026-01-04T22:48:25.167313] Saved: audit/100_records/run_9/final/B0F1DY5YC5.json
[2026-01-04T22:48:25.167480] Saved: audit/100_records/run_9/final/B0F293JPVV.json
[2026-01-04T22:48:25.167656] Saved: audit/100_records/run_9/final/B0F1DB7T64.json
[2026-01-04T22:48:25.167820] Saved: audit/100_records/run_9/final/B01M72N45A.json
[2026-01-04T22:48:25.168294] Saved: audit/100_records/run_9/final/B0F69PMFS4.json
[2026-01-04T22:48:25.168475] Saved: audit/100_records/run_9/final/B0F2F7H3R6.json
[2026-01-04T22:48:25.168655] Saved: audit/100_records/run_9/final/B0CR4JHJF6.json
[2026-01-04T22:48:25.168986] Saved: audit/100_records/run_9/final/B0DZHBRK94.json
[2026-01-04T22:48:25.169152] Saved: audit/100_records/run_9/final/B07GJL3RBD.json
[2026-01-04T22:48:25.169326] Saved: audit/100_records/run_9/final/B0F7C9DWG6.json
[2026-01-04T22:48:25.169506] Saved: audit/100_records/run_9/final/B086RYBTBF.json
[2026-01-04T22:48:25.169673] Saved: audit/100_records/run_9/final/B07VN5QTWG.json
[2026-01-04T22:48:25.169861] Saved: audit/100_records/run_9/final/B088FFV6YV.json
[2026-01-04T22:48:25.170072] Saved: audit/100_records/run_9/final/B0D2M79C6Y.json
[2026-01-04T22:48:25.170238] Saved: audit/100_records/run_9/final/B0F8PB7N9H.json
[2026-01-04T22:48:25.170394] Saved: audit/100_records/run_9/final/B08BGWRSX2.json
[2026-01-04T22:48:25.170564] Saved: audit/100_records/run_9/final/B0DNFN8T7Q.json
[2026-01-04T22:48:25.170720] Saved: audit/100_records/run_9/final/B0DB8J22CB.json
[2026-01-04T22:48:25.170980] Saved: audit/100_records/run_9/final/B0D93N7GZM.json
[2026-01-04T22:48:25.171151] Saved: audit/100_records/run_9/final/B0F3VLXJ42.json
[2026-01-04T22:48:25.171315] Saved: audit/100_records/run_9/final/B0FDB59YWX.json
[2026-01-04T22:48:25.171476] Saved: audit/100_records/run_9/final/B09SD3F2XN.json
[2026-01-04T22:48:25.171710] Saved: audit/100_records/run_9/final/B0B4MBM3D6.json
[2026-01-04T22:48:25.171866] Saved: audit/100_records/run_9/final/B0FC4GYHK5.json
[2026-01-04T22:48:25.172008] Saved: audit/100_records/run_9/final/B0D5Z131HZ.json
[2026-01-04T22:48:25.172200] Saved: audit/100_records/run_9/final/B09Z1F981N.json
[2026-01-04T22:48:25.172392] Saved: audit/100_records/run_9/final/B0D2L5D3QB.json
