[2026-01-04T22:46:06.903546] RUN START: uncoded_100_records | Run: run_9
[2026-01-04T22:46:06.903942] ================================================================================
[2026-01-04T22:46:06.903986] STARTING PRODUCTION ORCHESTRATOR
[2026-01-04T22:46:06.904016] ================================================================================
[2026-01-04T22:46:06.904044] Input file: data/input/uncoded_100_records.csv
[2026-01-04T22:46:06.904072] Total records: 100
[2026-01-04T22:46:06.904098] Max workers: 100
[2026-01-04T22:46:06.904125] Batch size: 100
[2026-01-04T22:46:06.904151] File ID: 100_records
[2026-01-04T22:46:06.904177] Run ID: run_9
[2026-01-04T22:48:25.172468] Batch 1 complete: 100 products processed
[2026-01-04T22:48:25.174964] ================================================================================
[2026-01-04T22:48:25.175008] PROCESSING COMPLETE
[2026-01-04T22:48:25.175047] ================================================================================
[2026-01-04T22:48:25.175087] Success: 25, Filtered: 0, Errors: 5
[2026-01-04T22:48:25.175127] Total cost: $0.0000
[2026-01-04T22:48:25.175166] Total tokens: 0 (input: 0, output: 0)
[2026-01-04T22:48:25.175204] Total duration: 138.27s
[2026-01-04T22:48:25.175245] Output CSV: data/output/100_records/run_9/uncoded_100_records.csv
[2026-01-04T22:48:25.175385] Run manifest saved: audit/100_records/run_9/run_manifest.json
