[2026-01-02T17:40:58.511969] Saved: audit/100_records/run_6/final/B0DX7JCTT6.json
[2026-01-02T17:40:58.512348] Saved: audit/100_records/run_6/final/B0F47VTGSN.json
[2026-01-02T17:40:58.512756] Saved: audit/100_records/run_6/final/B0DYV8BKHY.json
[2026-01-02T17:40:58.513153] Saved: audit/100_records/run_6/final/B0CRSR8NZ4.json
[2026-01-02T17:40:58.513430] Saved: audit/100_records/run_6/final/B0F94G1PLD.json
[2026-01-02T17:40:58.513658] Saved: audit/100_records/run_6/final/B0D9W7H2VN.json
[2026-01-02T17:40:58.513880] Saved: audit/100_records/run_6/final/B0F48YTHV6.json
[2026-01-02T17:40:58.514235] Saved: audit/100_records/run_6/final/B0DT98X7C5.json
[2026-01-02T17:40:58.514459] Saved: audit/100_records/run_6/final/B003W0XMC8.json
[2026-01-02T17:40:58.514739] Saved: audit/100_records/run_6/final/B07661Z3YX.json
[2026-01-02T17:40:58.514935] Saved: audit/100_records/run_6/final/B07B5NW3LB.json
[2026-01-02T17:40:58.515133] Saved: audit/100_records/run_6/final/B0B9D4MM5Y.json
[2026-01-02T17:40:58.515359] Saved: audit/100_records/run_6/final/B00ORTRKRG.json
[2026-01-02T17:40:58.515554] Saved: audit/100_records/run_6/final/B0DYYKZJ9P.json
[2026-01-02T17:40:58.515742] Saved: audit/100_records/run_6/final/B00JIW5W90.json
[2026-01-02T17:40:58.515927] Saved: audit/100_records/run_6/final/B08249R3DT.json
[2026-01-02T17:40:58.516120] Saved: audit/100_records/run_6/final/B0B6HNQ6ST.json
[2026-01-02T17:40:58.516330] Saved: audit/100_records/run_6/final/B0F3XF36YF.json
[2026-01-02T17:40:58.516537] Saved: audit/100_records/run_6/final/B0DXVBS3CR.json
[2026-01-02T17:40:58.517664] Saved: audit/100_records/run_6/final/B0DWH2V3X5.json
[2026-01-02T17:40:58.517891] Saved: audit/100_records/run_6/final/B07534S4HQ.json
[2026-01-02T17:40:58.518102] Saved: audit/100_records/run_6/final/B0CLYZV7XF.json
[2026-01-02T17:40:58.518374] Saved: audit/100_records/run_6/final/B0FD3C138L.json
[2026-01-02T17:40:58.518704] Saved: audit/100_records/run_6/final/B07FJZ92MN.json
[2026-01-02T17:40:58.519332] Saved: audit/100_records/run_6/final/B0F321184C.json
[2026-01-02T17:40:58.519708] Saved: audit/100_records/run_6/final/B0DSZV5FCW.json
[2026-01-02T17:40:58.520024] Saved: audit/100_records/run_6/final/B081LFG6S4.json
[2026-01-02T17:40:58.520245] Saved: audit/100_records/run_6/final/B0F7848CK8.json
[2026-01-02T17:40:58.520442] Saved: audit/100_records/run_6/final/B0FDV4VJGD.json
[2026-01-02T17:40:58.520643] Saved: audit/100_records/run_6/final/B0CRKNCY5D.json
[2026-01-02T17:40:58.520962] Saved: audit/100_records/run_6/final/B077XK525F.json
[2026-01-02T17:40:58.521163] Saved: audit/100_records/run_6/final/B0DXX8PSYY.json
[2026-01-02T17:40:58.521343] Saved: audit/100_records/run_6/final/B0FD41XD7D.json
[2026-01-02T17:40:58.521525] Saved: audit/100_records/run_6/final/B0F2JNBG5Z.json
[2026-01-02T17:40:58.521767] Saved: audit/100_records/run_6/final/B0FD1WF2HJ.json
[2026-01-02T17:40:58.521956] Saved: audit/100_records/run_6/final/B0DSBQKLFL.json
[2026-01-02T17:40:58.522140] Saved: audit/100_records/run_6/final/B0F79V21TG.json
[2026-01-02T17:40:58.522322] Saved: audit/100_records/run_6/final/B08RMLXQFR.json
[2026-01-02T17:40:58.522495] Saved: audit/100_records/run_6/final/B0CS6J2YW7.json
[2026-01-02T17:40:58.522683] Saved: audit/100_records/run_6/final/B08C5NX1ML.json
[2026-01-02T17:40:58.522888] Saved: audit/100_records/run_6/final/B083JP1G11.json
[2026-01-02T17:40:58.523063] Saved: audit/100_records/run_6/final/B0C173H9J3.json
[2026-01-02T17:40:58.523257] Saved: audit/100_records/run_6/final/B0DQQFHBNJ.json
[2026-01-02T17:40:58.523507] Saved: audit/100_records/run_6/final/B00X4PDXPW.json
[2026-01-02T17:40:58.523695] Saved: audit/100_records/run_6/final/B0FF4D1YD8.json
[2026-01-02T17:40:58.523876] Saved: audit/100_records/run_6/final/B0DGGQ3XL8.json
[2026-01-02T17:40:58.524061] Saved: audit/100_records/run_6/final/B0F9CNJ4PF.json
[2026-01-02T17:40:58.524343] Saved: audit/100_records/run_6/final/B0FDH4WMJY.json
[2026-01-02T17:40:58.524528] Saved: audit/100_records/run_6/final/B07DNTYN7D.json
[2026-01-02T17:40:58.524765] Saved: audit/100_records/run_6/final/B0DQFBTG4K.json
[2026-01-02T17:40:58.525062] Saved: audit/100_records/run_6/final/B0785GPGXM.json
[2026-01-02T17:40:58.525486] Saved: audit/100_records/run_6/final/B0D5R231NR.json
[2026-01-02T17:40:58.525655] Saved: audit/100_records/run_6/final/B0DCG6HDHM.json
[2026-01-02T17:40:58.525911] Saved: audit/100_records/run_6/final/B0FFHS6LJ7.json
[2026-01-02T17:40:58.526161] Saved: audit/100_records/run_6/final/B0DM63Y1QR.json
[2026-01-02T17:40:58.526324] Saved: audit/100_records/run_6/final/B0F79VBBDD.json
[2026-01-02T17:40:58.526483] Saved: audit/100_records/run_6/final/B0CC1Z9H9J.json
[2026-01-02T17:40:58.526709] Saved: audit/100_records/run_6/final/B0F3QJ841K.json
[2026-01-02T17:40:58.526871] Saved: audit/100_records/run_6/final/B08XMRQM8F.json
[2026-01-02T17:40:58.527028] Saved: audit/100_records/run_6/final/B07SLC4F3Q.json
[2026-01-02T17:40:58.527211] Saved: audit/100_records/run_6/final/B07BZT4NR7.json
[2026-01-02T17:40:58.527397] Saved: audit/100_records/run_6/final/B0CGB15Y1B.json
[2026-01-02T17:40:58.527711] Saved: audit/100_records/run_6/final/B0D73JWQSJ.json
[2026-01-02T17:40:58.528331] Saved: audit/100_records/run_6/final/B0FBMFX7TK.json
[2026-01-02T17:40:58.528549] Saved: audit/100_records/run_6/final/B0DTKRM9SG.json
[2026-01-02T17:40:58.528732] Saved: audit/100_records/run_6/final/B0CGVWMH91.json
[2026-01-02T17:40:58.528995] Saved: audit/100_records/run_6/final/B0DSQMLMZ7.json
[2026-01-02T17:40:58.529230] Saved: audit/100_records/run_6/final/B0D7VVDC9M.json
[2026-01-02T17:40:58.529387] Saved: audit/100_records/run_6/final/B0D2XJSVGR.json
[2026-01-02T17:40:58.529578] Saved: audit/100_records/run_6/final/B0BH6FHLHM.json
[2026-01-02T17:40:58.529798] Saved: audit/100_records/run_6/final/B0DN2YNDNP.json
[2026-01-02T17:40:58.529944] Saved: audit/100_records/run_6/final/B0BKXSF3ZN.json
[2026-01-02T17:40:58.530096] Saved: audit/100_records/run_6/final/B0BD74DHWZ.json
[2026-01-02T17:40:58.530238] Saved: audit/100_records/run_6/final/B0F1DY5YC5.json
[2026-01-02T17:40:58.530379] Saved: audit/100_records/run_6/final/B0F293JPVV.json
[2026-01-02T17:40:58.530530] Saved: audit/100_records/run_6/final/B0F1DB7T64.json
[2026-01-02T17:40:58.530690] Saved: audit/100_records/run_6/final/B01M72N45A.json
[2026-01-02T17:40:58.531028] Saved: audit/100_records/run_6/final/B0F69PMFS4.json
[2026-01-02T17:40:58.531180] Saved: audit/100_records/run_6/final/B0F2F7H3R6.json
[2026-01-02T17:40:58.531330] Saved: audit/100_records/run_6/final/B0CR4JHJF6.json
[2026-01-02T17:40:58.531481] Saved: audit/100_records/run_6/final/B0DZHBRK94.json
[2026-01-02T17:40:58.531634] Saved: audit/100_records/run_6/final/B07GJL3RBD.json
[2026-01-02T17:40:58.531783] Saved: audit/100_records/run_6/final/B0F7C9DWG6.json
[2026-01-02T17:40:58.531924] Saved: audit/100_records/run_6/final/B086RYBTBF.json
[2026-01-02T17:40:58.532067] Saved: audit/100_records/run_6/final/B07VN5QTWG.json
[2026-01-02T17:40:58.532292] Saved: audit/100_records/run_6/final/B088FFV6YV.json
[2026-01-02T17:40:58.532453] Saved: audit/100_records/run_6/final/B0D2M79C6Y.json
[2026-01-02T17:40:58.532596] Saved: audit/100_records/run_6/final/B0F8PB7N9H.json
[2026-01-02T17:40:58.532744] Saved: audit/100_records/run_6/final/B08BGWRSX2.json
[2026-01-02T17:40:58.532895] Saved: audit/100_records/run_6/final/B0DNFN8T7Q.json
[2026-01-02T17:40:58.533040] Saved: audit/100_records/run_6/final/B0DB8J22CB.json
[2026-01-02T17:40:58.533284] Saved: audit/100_records/run_6/final/B0D93N7GZM.json
[2026-01-02T17:40:58.533457] Saved: audit/100_records/run_6/final/B0F3VLXJ42.json
[2026-01-02T17:40:58.533604] Saved: audit/100_records/run_6/final/B0FDB59YWX.json
[2026-01-02T17:40:58.533762] Saved: audit/100_records/run_6/final/B09SD3F2XN.json
[2026-01-02T17:40:58.533987] Saved: audit/100_records/run_6/final/B0B4MBM3D6.json
[2026-01-02T17:40:58.534145] Saved: audit/100_records/run_6/final/B0FC4GYHK5.json
[2026-01-02T17:40:58.534287] Saved: audit/100_records/run_6/final/B0D5Z131HZ.json
[2026-01-02T17:40:58.534470] Saved: audit/100_records/run_6/final/B09Z1F981N.json
[2026-01-02T17:40:58.534616] Saved: audit/100_records/run_6/final/B0D2L5D3QB.json
