[2026-01-02T17:39:03.378221] RUN START: uncoded_100_records | Run: run_6
[2026-01-02T17:39:03.378843] ================================================================================
[2026-01-02T17:39:03.378892] STARTING PRODUCTION ORCHESTRATOR
[2026-01-02T17:39:03.378926] ================================================================================
[2026-01-02T17:39:03.378956] Input file: data/input/uncoded_100_records.csv
[2026-01-02T17:39:03.378988] Total records: 100
[2026-01-02T17:39:03.379018] Max workers: 100
[2026-01-02T17:39:03.379054] Batch size: 100
[2026-01-02T17:39:03.379086] File ID: 100_records
[2026-01-02T17:39:03.379117] Run ID: run_6
[2026-01-02T17:40:58.534944] Batch 1 complete: 100 products processed
[2026-01-02T17:40:58.537931] ================================================================================
[2026-01-02T17:40:58.537974] PROCESSING COMPLETE
[2026-01-02T17:40:58.538011] ================================================================================
[2026-01-02T17:40:58.538047] Success: 30, Filtered: 0, Errors: 0
[2026-01-02T17:40:58.538082] Total cost: $0.0000
[2026-01-02T17:40:58.538118] Total tokens: 0 (input: 0, output: 0)
[2026-01-02T17:40:58.538153] Total duration: 115.16s
[2026-01-02T17:40:58.538188] Output CSV: data/output/100_records/run_6/uncoded_100_records.csv
[2026-01-02T17:40:58.538530] Run manifest saved: audit/100_records/run_6/run_manifest.json
