[2026-01-02T17:39:03.379410] ============================================================
[2026-01-02T17:39:03.379480] STEP 3: POST-PROCESSING (Business Rules, HF, HLC)
[2026-01-02T17:39:03.379511] ============================================================
[2026-01-02T17:39:17.119662] [B083JP1G11] Applying business rules...
[2026-01-02T17:39:17.119878] [B083JP1G11] Category: None, Subcategory: None, Primary: None
[2026-01-02T17:39:17.120010] [B083JP1G11] High Level Category: REMOVE
[2026-01-02T17:39:17.120642] Saved: audit/100_records/run_6/step3_postprocess/B083JP1G11.json
[2026-01-02T17:39:17.120885] [B083JP1G11] COMPLETE in 13.71s
[2026-01-02T17:39:17.494236] [B00ORTRKRG] Applying business rules...
[2026-01-02T17:39:17.494408] [B00ORTRKRG] Category: , Subcategory: , Primary: R
[2026-01-02T17:39:17.497581] [B00ORTRKRG] Health Focus: UNKNOWN
[2026-01-02T17:39:17.497718] [B00ORTRKRG] High Level Category: REMOVE
[2026-01-02T17:39:17.498386] Saved: audit/100_records/run_6/step3_postprocess/B00ORTRKRG.json
[2026-01-02T17:39:17.498658] [B00ORTRKRG] COMPLETE in 14.12s
[2026-01-02T17:39:20.347559] [B07BZT4NR7] Applying business rules...
[2026-01-02T17:39:20.347692] [B07BZT4NR7] Category: None, Subcategory: None, Primary: None
[2026-01-02T17:39:20.347804] [B07BZT4NR7] High Level Category: REMOVE
[2026-01-02T17:39:20.348670] Saved: audit/100_records/run_6/step3_postprocess/B07BZT4NR7.json
[2026-01-02T17:39:20.348923] [B07BZT4NR7] COMPLETE in 16.93s
[2026-01-02T17:39:22.556252] [B0FBMFX7TK] Applying business rules...
[2026-01-02T17:39:22.556415] [B0FBMFX7TK] Category: , Subcategory: , Primary: R
[2026-01-02T17:39:22.556738] [B0FBMFX7TK] Health Focus: UNKNOWN
[2026-01-02T17:39:22.556839] [B0FBMFX7TK] High Level Category: REMOVE
[2026-01-02T17:39:22.557288] Saved: audit/100_records/run_6/step3_postprocess/B0FBMFX7TK.json
[2026-01-02T17:39:22.557392] [B0FBMFX7TK] COMPLETE in 19.14s
[2026-01-02T17:39:30.125528] [B0D2M79C6Y] Applying business rules...
[2026-01-02T17:39:30.125667] [B0D2M79C6Y] Category: None, Subcategory: None, Primary: None
[2026-01-02T17:39:30.125761] [B0D2M79C6Y] High Level Category: REMOVE
[2026-01-02T17:39:30.126388] Saved: audit/100_records/run_6/step3_postprocess/B0D2M79C6Y.json
[2026-01-02T17:39:30.126552] [B0D2M79C6Y] COMPLETE in 26.70s
[2026-01-02T17:39:31.567244] [B0D2L5D3QB] Applying business rules...
[2026-01-02T17:39:31.567371] [B0D2L5D3QB] Category: None, Subcategory: None, Primary: None
[2026-01-02T17:39:31.567466] [B0D2L5D3QB] High Level Category: REMOVE
[2026-01-02T17:39:31.567889] Saved: audit/100_records/run_6/step3_postprocess/B0D2L5D3QB.json
[2026-01-02T17:39:31.568205] [B0D2L5D3QB] COMPLETE in 28.14s
[2026-01-02T17:39:34.082623] [B0FC4GYHK5] Applying business rules...
[2026-01-02T17:39:34.082801] [B0FC4GYHK5] Category: None, Subcategory: None, Primary: None
[2026-01-02T17:39:34.082908] [B0FC4GYHK5] High Level Category: REMOVE
[2026-01-02T17:39:34.083437] Saved: audit/100_records/run_6/step3_postprocess/B0FC4GYHK5.json
[2026-01-02T17:39:34.083559] [B0FC4GYHK5] COMPLETE in 30.66s
[2026-01-02T17:39:47.564441] [B0DWH2V3X5] Applying business rules...
[2026-01-02T17:39:47.564665] [B0DWH2V3X5] Category: HERBAL REMEDIES, Subcategory: SINGLES, Primary: elderberry
[2026-01-02T17:39:47.564882] [B0DWH2V3X5] Health Focus: IMMUNE HEALTH
[2026-01-02T17:39:47.565026] [B0DWH2V3X5] High Level Category: PRIORITY VMS
[2026-01-02T17:39:47.565607] Saved: audit/100_records/run_6/step3_postprocess/B0DWH2V3X5.json
[2026-01-02T17:39:47.565737] [B0DWH2V3X5] COMPLETE in 44.18s
[2026-01-02T17:39:56.403549] [B0F3VLXJ42] Applying business rules...
[2026-01-02T17:39:56.403738] [B0F3VLXJ42] Category: SPORTS NUTRITION, Subcategory: PROTEIN, Primary: protein
[2026-01-02T17:39:56.404074] [B0F3VLXJ42] Health Focus: CARDIOVASCULAR HEALTH
[2026-01-02T17:39:56.404198] [B0F3VLXJ42] High Level Category: PRIORITY VMS
[2026-01-02T17:39:56.404697] Saved: audit/100_records/run_6/step3_postprocess/B0F3VLXJ42.json
[2026-01-02T17:39:56.404811] [B0F3VLXJ42] COMPLETE in 52.98s
[2026-01-02T17:39:58.080210] [B077XK525F] Applying business rules...
[2026-01-02T17:39:58.080634] [B077XK525F] Category: UNKNOWN, Subcategory: UNKNOWN, Primary: abrotanum
[2026-01-02T17:39:58.081041] [B077XK525F] Health Focus: UNKNOWN
[2026-01-02T17:39:58.081181] [B077XK525F] High Level Category: PRIORITY VMS
[2026-01-02T17:39:58.081908] Saved: audit/100_records/run_6/step3_postprocess/B077XK525F.json
[2026-01-02T17:39:58.082057] [B077XK525F] COMPLETE in 54.68s
[2026-01-02T17:39:59.182538] [B0785GPGXM] Applying business rules...
[2026-01-02T17:39:59.182589] [B0785GPGXM] Category: UNKNOWN, Subcategory: UNKNOWN, Primary: spigelia
[2026-01-02T17:39:59.182668] [B0785GPGXM] Health Focus: URINARY TRACT HEALTH
[2026-01-02T17:39:59.182702] [B0785GPGXM] High Level Category: PRIORITY VMS
[2026-01-02T17:39:59.182898] Saved: audit/100_records/run_6/step3_postprocess/B0785GPGXM.json
[2026-01-02T17:39:59.182936] [B0785GPGXM] COMPLETE in 55.77s
[2026-01-02T17:40:02.693648] [B0FDH4WMJY] Applying business rules...
[2026-01-02T17:40:02.693814] [B0FDH4WMJY] Category: , Subcategory: , Primary: blood flow
[2026-01-02T17:40:02.694450] [B0FDH4WMJY] Health Focus: COUGH, COLD & FLU
[2026-01-02T17:40:02.694642] [B0FDH4WMJY] High Level Category: REMOVE
[2026-01-02T17:40:02.695199] Saved: audit/100_records/run_6/step3_postprocess/B0FDH4WMJY.json
[2026-01-02T17:40:02.695348] [B0FDH4WMJY] COMPLETE in 59.29s
[2026-01-02T17:40:04.430968] [B0FD1WF2HJ] Applying business rules...
[2026-01-02T17:40:04.431197] [B0FD1WF2HJ] Category: , Subcategory: , Primary: red clover blossoms
[2026-01-02T17:40:04.432556] [B0FD1WF2HJ] Health Focus: REPRODUCTIVE HEALTH
[2026-01-02T17:40:04.433011] [B0FD1WF2HJ] High Level Category: REMOVE
[2026-01-02T17:40:04.433789] Saved: audit/100_records/run_6/step3_postprocess/B0FD1WF2HJ.json
[2026-01-02T17:40:04.433959] [B0FD1WF2HJ] COMPLETE in 61.03s
[2026-01-02T17:40:08.259555] [B0DM63Y1QR] Applying business rules...
[2026-01-02T17:40:08.259843] [B0DM63Y1QR] Category: , Subcategory: , Primary: creatine monohydrate
[2026-01-02T17:40:08.260504] [B0DM63Y1QR] Health Focus: UNKNOWN
[2026-01-02T17:40:08.260639] [B0DM63Y1QR] High Level Category: REMOVE
[2026-01-02T17:40:08.261278] Saved: audit/100_records/run_6/step3_postprocess/B0DM63Y1QR.json
[2026-01-02T17:40:08.261397] [B0DM63Y1QR] COMPLETE in 64.85s
[2026-01-02T17:40:14.105164] [B0FFHS6LJ7] Applying business rules...
[2026-01-02T17:40:14.105388] [B0FFHS6LJ7] Category: UNKNOWN, Subcategory: UNKNOWN, Primary: nopal cactus
[2026-01-02T17:40:14.106240] [B0FFHS6LJ7] Health Focus: BONE HEALTH
[2026-01-02T17:40:14.106378] [B0FFHS6LJ7] High Level Category: PRIORITY VMS
[2026-01-02T17:40:14.107202] Saved: audit/100_records/run_6/step3_postprocess/B0FFHS6LJ7.json
[2026-01-02T17:40:14.107351] [B0FFHS6LJ7] COMPLETE in 70.70s
[2026-01-02T17:40:14.566808] [B0BH6FHLHM] Applying business rules...
[2026-01-02T17:40:14.567095] [B0BH6FHLHM] Category: PROBIOTICS+, Subcategory: PREBIOTICS AND PROBIOTICS, Primary: probiotic
[2026-01-02T17:40:14.567474] [B0BH6FHLHM] Health Focus: BEAUTY
[2026-01-02T17:40:14.567619] [B0BH6FHLHM] High Level Category: PRIORITY VMS
[2026-01-02T17:40:14.568211] Saved: audit/100_records/run_6/step3_postprocess/B0BH6FHLHM.json
[2026-01-02T17:40:14.568649] [B0BH6FHLHM] COMPLETE in 71.15s
[2026-01-02T17:40:15.385822] [B0DSQMLMZ7] Applying business rules...
[2026-01-02T17:40:15.385941] [B0DSQMLMZ7] Category: SPORTS NUTRITION, Subcategory: PROTEIN, Primary: protein
[2026-01-02T17:40:15.386145] [B0DSQMLMZ7] Health Focus: CARDIOVASCULAR HEALTH
[2026-01-02T17:40:15.386240] [B0DSQMLMZ7] High Level Category: PRIORITY VMS
[2026-01-02T17:40:15.386680] Saved: audit/100_records/run_6/step3_postprocess/B0DSQMLMZ7.json
[2026-01-02T17:40:15.386798] [B0DSQMLMZ7] COMPLETE in 71.97s
[2026-01-02T17:40:18.283471] [B0F94G1PLD] Applying business rules...
[2026-01-02T17:40:18.283655] [B0F94G1PLD] Category: BASIC VITAMINS & MINERALS, Subcategory: LETTER VITAMINS, Primary: vitamin
[2026-01-02T17:40:18.284001] [B0F94G1PLD] Health Focus: BEAUTY
[2026-01-02T17:40:18.284171] [B0F94G1PLD] High Level Category: PRIORITY VMS
[2026-01-02T17:40:18.284771] Saved: audit/100_records/run_6/step3_postprocess/B0F94G1PLD.json
[2026-01-02T17:40:18.284959] [B0F94G1PLD] COMPLETE in 74.90s
[2026-01-02T17:40:18.641751] [B0F3QJ841K] Applying business rules...
[2026-01-02T17:40:18.642087] [B0F3QJ841K] Category: BASIC VITAMINS & MINERALS, Subcategory: MINERALS, Primary: magnesium
[2026-01-02T17:40:18.642440] [B0F3QJ841K] Health Focus: MOOD & STRESS SUPPORT
[2026-01-02T17:40:18.642647] [B0F3QJ841K] High Level Category: PRIORITY VMS
[2026-01-02T17:40:18.643346] Saved: audit/100_records/run_6/step3_postprocess/B0F3QJ841K.json
[2026-01-02T17:40:18.643509] [B0F3QJ841K] COMPLETE in 75.23s
[2026-01-02T17:40:20.203421] [B088FFV6YV] Applying business rules...
[2026-01-02T17:40:20.203663] [B088FFV6YV] Category: HERBAL REMEDIES, Subcategory: SINGLES, Primary: spirulina
[2026-01-02T17:40:20.203978] [B088FFV6YV] Health Focus: UNKNOWN
[2026-01-02T17:40:20.204103] [B088FFV6YV] High Level Category: PRIORITY VMS
[2026-01-02T17:40:20.204805] Saved: audit/100_records/run_6/step3_postprocess/B088FFV6YV.json
[2026-01-02T17:40:20.204934] [B088FFV6YV] COMPLETE in 76.78s
[2026-01-02T17:40:21.493652] [B07661Z3YX] Applying business rules...
[2026-01-02T17:40:21.493854] [B07661Z3YX] Category: , Subcategory: , Primary: coq10
[2026-01-02T17:40:21.494220] [B07661Z3YX] Health Focus: UNKNOWN
[2026-01-02T17:40:21.494441] [B07661Z3YX] High Level Category: REMOVE
[2026-01-02T17:40:21.495087] Saved: audit/100_records/run_6/step3_postprocess/B07661Z3YX.json
[2026-01-02T17:40:21.495256] [B07661Z3YX] COMPLETE in 78.11s
[2026-01-02T17:40:24.297276] [B0DN2YNDNP] Applying business rules...
[2026-01-02T17:40:24.297490] [B0DN2YNDNP] Category: , Subcategory: , Primary: mushroom
[2026-01-02T17:40:24.297866] [B0DN2YNDNP] Health Focus: IMMUNE HEALTH
[2026-01-02T17:40:24.298067] [B0DN2YNDNP] High Level Category: REMOVE
[2026-01-02T17:40:24.299021] Saved: audit/100_records/run_6/step3_postprocess/B0DN2YNDNP.json
[2026-01-02T17:40:24.299328] [B0DN2YNDNP] COMPLETE in 80.88s
[2026-01-02T17:40:25.105220] [B09Z1F981N] Applying business rules...
[2026-01-02T17:40:25.105372] [B09Z1F981N] Category: None, Subcategory: None, Primary: None
[2026-01-02T17:40:25.105520] [B09Z1F981N] High Level Category: REMOVE
[2026-01-02T17:40:25.106195] Saved: audit/100_records/run_6/step3_postprocess/B09Z1F981N.json
[2026-01-02T17:40:25.106386] [B09Z1F981N] COMPLETE in 81.68s
[2026-01-02T17:40:27.017000] [B0D93N7GZM] Applying business rules...
[2026-01-02T17:40:27.017183] [B0D93N7GZM] Category: BASIC VITAMINS & MINERALS, Subcategory: MINERALS, Primary: magnesium glycinate
[2026-01-02T17:40:27.017781] [B0D93N7GZM] Health Focus: DIGESTIVE HEALTH
[2026-01-02T17:40:27.017915] [B0D93N7GZM] High Level Category: PRIORITY VMS
[2026-01-02T17:40:27.019076] Saved: audit/100_records/run_6/step3_postprocess/B0D93N7GZM.json
[2026-01-02T17:40:27.019454] [B0D93N7GZM] COMPLETE in 83.59s
[2026-01-02T17:40:29.213601] [B0DQFBTG4K] Applying business rules...
[2026-01-02T17:40:29.213769] [B0DQFBTG4K] Category: SPORTS NUTRITION, Subcategory: PROTEIN, Primary: protein
[2026-01-02T17:40:29.214086] [B0DQFBTG4K] Health Focus: CARDIOVASCULAR HEALTH
[2026-01-02T17:40:29.214213] [B0DQFBTG4K] High Level Category: PRIORITY VMS
[2026-01-02T17:40:29.214863] Saved: audit/100_records/run_6/step3_postprocess/B0DQFBTG4K.json
[2026-01-02T17:40:29.215016] [B0DQFBTG4K] COMPLETE in 85.81s
[2026-01-02T17:40:29.284276] [B0DT98X7C5] Applying business rules...
[2026-01-02T17:40:29.284453] [B0DT98X7C5] Category: BASIC VITAMINS & MINERALS, Subcategory: DHEA & PREGNENOLONE & HORMONES, Primary: melatonin
[2026-01-02T17:40:29.284651] [B0DT98X7C5] Health Focus: SLEEP
[2026-01-02T17:40:29.284756] [B0DT98X7C5] High Level Category: PRIORITY VMS
[2026-01-02T17:40:29.285368] Saved: audit/100_records/run_6/step3_postprocess/B0DT98X7C5.json
[2026-01-02T17:40:29.285509] [B0DT98X7C5] COMPLETE in 85.90s
[2026-01-02T17:40:34.674897] [B0B4MBM3D6] Applying business rules...
[2026-01-02T17:40:34.675079] [B0B4MBM3D6] Category: FATTY ACIDS, Subcategory: HEMP/CBD, Primary: lobelia
[2026-01-02T17:40:34.675305] [B0B4MBM3D6] Health Focus: COUGH, COLD & FLU
[2026-01-02T17:40:34.675435] [B0B4MBM3D6] High Level Category: PRIORITY VMS
[2026-01-02T17:40:34.676392] Saved: audit/100_records/run_6/step3_postprocess/B0B4MBM3D6.json
[2026-01-02T17:40:34.676547] [B0B4MBM3D6] COMPLETE in 91.25s
[2026-01-02T17:40:42.665914] [B0CRSR8NZ4] Applying business rules...
[2026-01-02T17:40:42.666112] [B0CRSR8NZ4] Category: COMBINED MULTIVITAMINS, Subcategory: NON-SPECIFIC, Primary: multivitamin
[2026-01-02T17:40:42.666616] [B0CRSR8NZ4] Health Focus: OVERALL HEALTH
[2026-01-02T17:40:42.666736] [B0CRSR8NZ4] High Level Category: PRIORITY VMS
[2026-01-02T17:40:42.667425] Saved: audit/100_records/run_6/step3_postprocess/B0CRSR8NZ4.json
[2026-01-02T17:40:42.667564] [B0CRSR8NZ4] COMPLETE in 99.29s
[2026-01-02T17:40:46.665522] [B0D73JWQSJ] Applying business rules...
[2026-01-02T17:40:46.665730] [B0D73JWQSJ] Category: HERBAL REMEDIES, Subcategory: FORMULAS, Primary: acv
[2026-01-02T17:40:46.666038] [B0D73JWQSJ] Health Focus: UNKNOWN
[2026-01-02T17:40:46.666201] [B0D73JWQSJ] High Level Category: PRIORITY VMS
[2026-01-02T17:40:46.667007] Saved: audit/100_records/run_6/step3_postprocess/B0D73JWQSJ.json
[2026-01-02T17:40:46.667210] [B0D73JWQSJ] COMPLETE in 103.25s
[2026-01-02T17:40:58.495178] [B0F69PMFS4] Applying business rules...
[2026-01-02T17:40:58.495384] [B0F69PMFS4] Category: UNKNOWN, Subcategory: UNKNOWN, Primary: electrolyte
[2026-01-02T17:40:58.495746] [B0F69PMFS4] Health Focus: ENERGY SUPPORT
[2026-01-02T17:40:58.495933] [B0F69PMFS4] High Level Category: PRIORITY VMS
[2026-01-02T17:40:58.497028] Saved: audit/100_records/run_6/step3_postprocess/B0F69PMFS4.json
[2026-01-02T17:40:58.497180] [B0F69PMFS4] COMPLETE in 115.08s
