[2026-01-02T17:43:53.176008] Saved: audit/100_records/run_7/final/B0DX7JCTT6.json
[2026-01-02T17:43:53.176363] Saved: audit/100_records/run_7/final/B0F47VTGSN.json
[2026-01-02T17:43:53.176606] Saved: audit/100_records/run_7/final/B0DYV8BKHY.json
[2026-01-02T17:43:53.176988] Saved: audit/100_records/run_7/final/B0CRSR8NZ4.json
[2026-01-02T17:43:53.177292] Saved: audit/100_records/run_7/final/B0F94G1PLD.json
[2026-01-02T17:43:53.177520] Saved: audit/100_records/run_7/final/B0D9W7H2VN.json
[2026-01-02T17:43:53.177733] Saved: audit/100_records/run_7/final/B0F48YTHV6.json
[2026-01-02T17:43:53.178083] Saved: audit/100_records/run_7/final/B0DT98X7C5.json
[2026-01-02T17:43:53.178305] Saved: audit/100_records/run_7/final/B003W0XMC8.json
[2026-01-02T17:43:53.178572] Saved: audit/100_records/run_7/final/B07661Z3YX.json
[2026-01-02T17:43:53.178790] Saved: audit/100_records/run_7/final/B07B5NW3LB.json
[2026-01-02T17:43:53.179602] Saved: audit/100_records/run_7/final/B0B9D4MM5Y.json
[2026-01-02T17:43:53.180097] Saved: audit/100_records/run_7/final/B00ORTRKRG.json
[2026-01-02T17:43:53.180432] Saved: audit/100_records/run_7/final/B0DYYKZJ9P.json
[2026-01-02T17:43:53.180693] Saved: audit/100_records/run_7/final/B00JIW5W90.json
[2026-01-02T17:43:53.180941] Saved: audit/100_records/run_7/final/B08249R3DT.json
[2026-01-02T17:43:53.181188] Saved: audit/100_records/run_7/final/B0B6HNQ6ST.json
[2026-01-02T17:43:53.181423] Saved: audit/100_records/run_7/final/B0F3XF36YF.json
[2026-01-02T17:43:53.181655] Saved: audit/100_records/run_7/final/B0DXVBS3CR.json
[2026-01-02T17:43:53.182762] Saved: audit/100_records/run_7/final/B0DWH2V3X5.json
[2026-01-02T17:43:53.182976] Saved: audit/100_records/run_7/final/B07534S4HQ.json
[2026-01-02T17:43:53.183190] Saved: audit/100_records/run_7/final/B0CLYZV7XF.json
[2026-01-02T17:43:53.183400] Saved: audit/100_records/run_7/final/B0FD3C138L.json
[2026-01-02T17:43:53.183691] Saved: audit/100_records/run_7/final/B07FJZ92MN.json
[2026-01-02T17:43:53.183913] Saved: audit/100_records/run_7/final/B0F321184C.json
[2026-01-02T17:43:53.184152] Saved: audit/100_records/run_7/final/B0DSZV5FCW.json
[2026-01-02T17:43:53.184353] Saved: audit/100_records/run_7/final/B081LFG6S4.json
[2026-01-02T17:43:53.184558] Saved: audit/100_records/run_7/final/B0F7848CK8.json
[2026-01-02T17:43:53.184769] Saved: audit/100_records/run_7/final/B0FDV4VJGD.json
[2026-01-02T17:43:53.184976] Saved: audit/100_records/run_7/final/B0CRKNCY5D.json
[2026-01-02T17:43:53.185317] Saved: audit/100_records/run_7/final/B077XK525F.json
[2026-01-02T17:43:53.185538] Saved: audit/100_records/run_7/final/B0DXX8PSYY.json
[2026-01-02T17:43:53.185736] Saved: audit/100_records/run_7/final/B0FD41XD7D.json
[2026-01-02T17:43:53.185937] Saved: audit/100_records/run_7/final/B0F2JNBG5Z.json
[2026-01-02T17:43:53.186197] Saved: audit/100_records/run_7/final/B0FD1WF2HJ.json
[2026-01-02T17:43:53.186399] Saved: audit/100_records/run_7/final/B0DSBQKLFL.json
[2026-01-02T17:43:53.186587] Saved: audit/100_records/run_7/final/B0F79V21TG.json
[2026-01-02T17:43:53.186767] Saved: audit/100_records/run_7/final/B08RMLXQFR.json
[2026-01-02T17:43:53.186977] Saved: audit/100_records/run_7/final/B0CS6J2YW7.json
[2026-01-02T17:43:53.187184] Saved: audit/100_records/run_7/final/B08C5NX1ML.json
[2026-01-02T17:43:53.187457] Saved: audit/100_records/run_7/final/B083JP1G11.json
[2026-01-02T17:43:53.187656] Saved: audit/100_records/run_7/final/B0C173H9J3.json
[2026-01-02T17:43:53.187828] Saved: audit/100_records/run_7/final/B0DQQFHBNJ.json
[2026-01-02T17:43:53.188107] Saved: audit/100_records/run_7/final/B00X4PDXPW.json
[2026-01-02T17:43:53.188355] Saved: audit/100_records/run_7/final/B0FF4D1YD8.json
[2026-01-02T17:43:53.188695] Saved: audit/100_records/run_7/final/B0DGGQ3XL8.json
[2026-01-02T17:43:53.189084] Saved: audit/100_records/run_7/final/B0F9CNJ4PF.json
[2026-01-02T17:43:53.189360] Saved: audit/100_records/run_7/final/B0FDH4WMJY.json
[2026-01-02T17:43:53.189577] Saved: audit/100_records/run_7/final/B07DNTYN7D.json
[2026-01-02T17:43:53.189818] Saved: audit/100_records/run_7/final/B0DQFBTG4K.json
[2026-01-02T17:43:53.190038] Saved: audit/100_records/run_7/final/B0785GPGXM.json
[2026-01-02T17:43:53.190559] Saved: audit/100_records/run_7/final/B0D5R231NR.json
[2026-01-02T17:43:53.190856] Saved: audit/100_records/run_7/final/B0DCG6HDHM.json
[2026-01-02T17:43:53.191201] Saved: audit/100_records/run_7/final/B0FFHS6LJ7.json
[2026-01-02T17:43:53.191486] Saved: audit/100_records/run_7/final/B0DM63Y1QR.json
[2026-01-02T17:43:53.191684] Saved: audit/100_records/run_7/final/B0F79VBBDD.json
[2026-01-02T17:43:53.191872] Saved: audit/100_records/run_7/final/B0CC1Z9H9J.json
[2026-01-02T17:43:53.192123] Saved: audit/100_records/run_7/final/B0F3QJ841K.json
[2026-01-02T17:43:53.192325] Saved: audit/100_records/run_7/final/B08XMRQM8F.json
[2026-01-02T17:43:53.192516] Saved: audit/100_records/run_7/final/B07SLC4F3Q.json
[2026-01-02T17:43:53.192728] Saved: audit/100_records/run_7/final/B07BZT4NR7.json
[2026-01-02T17:43:53.192900] Saved: audit/100_records/run_7/final/B0CGB15Y1B.json
[2026-01-02T17:43:53.193142] Saved: audit/100_records/run_7/final/B0D73JWQSJ.json
[2026-01-02T17:43:53.193321] Saved: audit/100_records/run_7/final/B0FBMFX7TK.json
[2026-01-02T17:43:53.193487] Saved: audit/100_records/run_7/final/B0DTKRM9SG.json
[2026-01-02T17:43:53.193655] Saved: audit/100_records/run_7/final/B0CGVWMH91.json
[2026-01-02T17:43:53.193872] Saved: audit/100_records/run_7/final/B0DSQMLMZ7.json
[2026-01-02T17:43:53.194074] Saved: audit/100_records/run_7/final/B0D7VVDC9M.json
[2026-01-02T17:43:53.194240] Saved: audit/100_records/run_7/final/B0D2XJSVGR.json
[2026-01-02T17:43:53.194417] Saved: audit/100_records/run_7/final/B0BH6FHLHM.json
[2026-01-02T17:43:53.194631] Saved: audit/100_records/run_7/final/B0DN2YNDNP.json
[2026-01-02T17:43:53.194776] Saved: audit/100_records/run_7/final/B0BKXSF3ZN.json
[2026-01-02T17:43:53.194925] Saved: audit/100_records/run_7/final/B0BD74DHWZ.json
[2026-01-02T17:43:53.195074] Saved: audit/100_records/run_7/final/B0F1DY5YC5.json
[2026-01-02T17:43:53.195222] Saved: audit/100_records/run_7/final/B0F293JPVV.json
[2026-01-02T17:43:53.195364] Saved: audit/100_records/run_7/final/B0F1DB7T64.json
[2026-01-02T17:43:53.195527] Saved: audit/100_records/run_7/final/B01M72N45A.json
[2026-01-02T17:43:53.195957] Saved: audit/100_records/run_7/final/B0F69PMFS4.json
[2026-01-02T17:43:53.196116] Saved: audit/100_records/run_7/final/B0F2F7H3R6.json
[2026-01-02T17:43:53.196265] Saved: audit/100_records/run_7/final/B0CR4JHJF6.json
[2026-01-02T17:43:53.196409] Saved: audit/100_records/run_7/final/B0DZHBRK94.json
[2026-01-02T17:43:53.196555] Saved: audit/100_records/run_7/final/B07GJL3RBD.json
[2026-01-02T17:43:53.196695] Saved: audit/100_records/run_7/final/B0F7C9DWG6.json
[2026-01-02T17:43:53.196835] Saved: audit/100_records/run_7/final/B086RYBTBF.json
[2026-01-02T17:43:53.196977] Saved: audit/100_records/run_7/final/B07VN5QTWG.json
[2026-01-02T17:43:53.197212] Saved: audit/100_records/run_7/final/B088FFV6YV.json
[2026-01-02T17:43:53.197383] Saved: audit/100_records/run_7/final/B0D2M79C6Y.json
[2026-01-02T17:43:53.197529] Saved: audit/100_records/run_7/final/B0F8PB7N9H.json
[2026-01-02T17:43:53.197673] Saved: audit/100_records/run_7/final/B08BGWRSX2.json
[2026-01-02T17:43:53.197843] Saved: audit/100_records/run_7/final/B0DNFN8T7Q.json
[2026-01-02T17:43:53.198012] Saved: audit/100_records/run_7/final/B0DB8J22CB.json
[2026-01-02T17:43:53.198262] Saved: audit/100_records/run_7/final/B0D93N7GZM.json
[2026-01-02T17:43:53.198472] Saved: audit/100_records/run_7/final/B0F3VLXJ42.json
[2026-01-02T17:43:53.198625] Saved: audit/100_records/run_7/final/B0FDB59YWX.json
[2026-01-02T17:43:53.198777] Saved: audit/100_records/run_7/final/B09SD3F2XN.json
[2026-01-02T17:43:53.199178] Saved: audit/100_records/run_7/final/B0B4MBM3D6.json
[2026-01-02T17:43:53.199342] Saved: audit/100_records/run_7/final/B0FC4GYHK5.json
[2026-01-02T17:43:53.199488] Saved: audit/100_records/run_7/final/B0D5Z131HZ.json
[2026-01-02T17:43:53.199753] Saved: audit/100_records/run_7/final/B09Z1F981N.json
[2026-01-02T17:43:53.199943] Saved: audit/100_records/run_7/final/B0D2L5D3QB.json
