[2026-01-02T17:42:15.853805] RUN START: uncoded_100_records | Run: run_7
[2026-01-02T17:42:15.854179] ================================================================================
[2026-01-02T17:42:15.854220] STARTING PRODUCTION ORCHESTRATOR
[2026-01-02T17:42:15.854253] ================================================================================
[2026-01-02T17:42:15.854283] Input file: data/input/uncoded_100_records.csv
[2026-01-02T17:42:15.854311] Total records: 100
[2026-01-02T17:42:15.854338] Max workers: 100
[2026-01-02T17:42:15.854362] Batch size: 100
[2026-01-02T17:42:15.854385] File ID: 100_records
[2026-01-02T17:42:15.854407] Run ID: run_7
[2026-01-02T17:43:53.201367] Batch 1 complete: 100 products processed
[2026-01-02T17:43:53.204546] ================================================================================
[2026-01-02T17:43:53.204591] PROCESSING COMPLETE
[2026-01-02T17:43:53.204630] ================================================================================
[2026-01-02T17:43:53.204668] Success: 30, Filtered: 0, Errors: 0
[2026-01-02T17:43:53.204705] Total cost: $0.0000
[2026-01-02T17:43:53.204744] Total tokens: 0 (input: 0, output: 0)
[2026-01-02T17:43:53.204781] Total duration: 97.35s
[2026-01-02T17:43:53.204818] Output CSV: data/output/100_records/run_7/uncoded_100_records.csv
[2026-01-02T17:43:53.204985] Run manifest saved: audit/100_records/run_7/run_manifest.json
