[2026-01-02T17:42:15.854646] ============================================================
[2026-01-02T17:42:15.854705] STEP 3: POST-PROCESSING (Business Rules, HF, HLC)
[2026-01-02T17:42:15.854730] ============================================================
[2026-01-02T17:42:28.107744] [B0FBMFX7TK] Applying business rules...
[2026-01-02T17:42:28.107915] [B0FBMFX7TK] Category: None, Subcategory: None, Primary: None
[2026-01-02T17:42:28.108042] [B0FBMFX7TK] High Level Category: REMOVE
[2026-01-02T17:42:28.109062] Saved: audit/100_records/run_7/step3_postprocess/B0FBMFX7TK.json
[2026-01-02T17:42:28.109571] [B0FBMFX7TK] COMPLETE in 12.22s
[2026-01-02T17:42:32.355571] [B0785GPGXM] Applying business rules...
[2026-01-02T17:42:32.355714] [B0785GPGXM] Category: None, Subcategory: None, Primary: None
[2026-01-02T17:42:32.355817] [B0785GPGXM] High Level Category: REMOVE
[2026-01-02T17:42:32.356339] Saved: audit/100_records/run_7/step3_postprocess/B0785GPGXM.json
[2026-01-02T17:42:32.356476] [B0785GPGXM] COMPLETE in 16.47s
[2026-01-02T17:42:34.754287] [B00ORTRKRG] Applying business rules...
[2026-01-02T17:42:34.754494] [B00ORTRKRG] Category: , Subcategory: , Primary: R
[2026-01-02T17:42:34.758169] [B00ORTRKRG] Health Focus: UNKNOWN
[2026-01-02T17:42:34.758789] [B00ORTRKRG] High Level Category: REMOVE
[2026-01-02T17:42:34.760329] Saved: audit/100_records/run_7/step3_postprocess/B00ORTRKRG.json
[2026-01-02T17:42:34.760585] [B00ORTRKRG] COMPLETE in 18.90s
[2026-01-02T17:42:35.263022] [B083JP1G11] Applying business rules...
[2026-01-02T17:42:35.263193] [B083JP1G11] Category: , Subcategory: , Primary: R
[2026-01-02T17:42:35.263518] [B083JP1G11] Health Focus: UNKNOWN
[2026-01-02T17:42:35.263648] [B083JP1G11] High Level Category: REMOVE
[2026-01-02T17:42:35.264130] Saved: audit/100_records/run_7/step3_postprocess/B083JP1G11.json
[2026-01-02T17:42:35.264249] [B083JP1G11] COMPLETE in 19.38s
[2026-01-02T17:42:36.230500] [B0D2M79C6Y] Applying business rules...
[2026-01-02T17:42:36.230608] [B0D2M79C6Y] Category: None, Subcategory: None, Primary: None
[2026-01-02T17:42:36.230700] [B0D2M79C6Y] High Level Category: REMOVE
[2026-01-02T17:42:36.231063] Saved: audit/100_records/run_7/step3_postprocess/B0D2M79C6Y.json
[2026-01-02T17:42:36.231167] [B0D2M79C6Y] COMPLETE in 20.33s
[2026-01-02T17:42:43.360631] [B07BZT4NR7] Applying business rules...
[2026-01-02T17:42:43.361105] [B07BZT4NR7] Category: , Subcategory: , Primary: R
[2026-01-02T17:42:43.361434] [B07BZT4NR7] Health Focus: UNKNOWN
[2026-01-02T17:42:43.361545] [B07BZT4NR7] High Level Category: REMOVE
[2026-01-02T17:42:43.362136] Saved: audit/100_records/run_7/step3_postprocess/B07BZT4NR7.json
[2026-01-02T17:42:43.362259] [B07BZT4NR7] COMPLETE in 27.47s
[2026-01-02T17:42:47.946501] [B0DWH2V3X5] Applying business rules...
[2026-01-02T17:42:47.946825] [B0DWH2V3X5] Category: HERBAL REMEDIES, Subcategory: SINGLES, Primary: elderberry
[2026-01-02T17:42:47.947335] [B0DWH2V3X5] Health Focus: IMMUNE HEALTH
[2026-01-02T17:42:47.947562] [B0DWH2V3X5] High Level Category: PRIORITY VMS
[2026-01-02T17:42:47.948333] Saved: audit/100_records/run_7/step3_postprocess/B0DWH2V3X5.json
[2026-01-02T17:42:47.949298] [B0DWH2V3X5] COMPLETE in 32.08s
[2026-01-02T17:42:49.523763] [B0FC4GYHK5] Applying business rules...
[2026-01-02T17:42:49.523895] [B0FC4GYHK5] Category: None, Subcategory: None, Primary: None
[2026-01-02T17:42:49.523994] [B0FC4GYHK5] High Level Category: REMOVE
[2026-01-02T17:42:49.524453] Saved: audit/100_records/run_7/step3_postprocess/B0FC4GYHK5.json
[2026-01-02T17:42:49.524572] [B0FC4GYHK5] COMPLETE in 33.62s
[2026-01-02T17:42:58.715864] [B0FFHS6LJ7] Applying business rules...
[2026-01-02T17:42:58.716188] [B0FFHS6LJ7] Category: UNKNOWN, Subcategory: UNKNOWN, Primary: nopal cactus
[2026-01-02T17:42:58.717058] [B0FFHS6LJ7] Health Focus: BONE HEALTH
[2026-01-02T17:42:58.717270] [B0FFHS6LJ7] High Level Category: PRIORITY VMS
[2026-01-02T17:42:58.718186] Saved: audit/100_records/run_7/step3_postprocess/B0FFHS6LJ7.json
[2026-01-02T17:42:58.718358] [B0FFHS6LJ7] COMPLETE in 42.83s
[2026-01-02T17:43:01.491936] [B077XK525F] Applying business rules...
[2026-01-02T17:43:01.492349] [B077XK525F] Category: None, Subcategory: None, Primary: abrotanum
[2026-01-02T17:43:01.492636] [B077XK525F] Health Focus: UNKNOWN
[2026-01-02T17:43:01.492766] [B077XK525F] High Level Category: REMOVE
[2026-01-02T17:43:01.493473] Saved: audit/100_records/run_7/step3_postprocess/B077XK525F.json
[2026-01-02T17:43:01.493620] [B077XK525F] COMPLETE in 45.62s
[2026-01-02T17:43:04.470989] [B0F3VLXJ42] Applying business rules...
[2026-01-02T17:43:04.471470] [B0F3VLXJ42] Category: SPORTS NUTRITION, Subcategory: PROTEIN, Primary: protein
[2026-01-02T17:43:04.471767] [B0F3VLXJ42] Health Focus: CARDIOVASCULAR HEALTH
[2026-01-02T17:43:04.471917] [B0F3VLXJ42] High Level Category: PRIORITY VMS
[2026-01-02T17:43:04.472676] Saved: audit/100_records/run_7/step3_postprocess/B0F3VLXJ42.json
[2026-01-02T17:43:04.472829] [B0F3VLXJ42] COMPLETE in 48.57s
[2026-01-02T17:43:06.041242] [B07661Z3YX] Applying business rules...
[2026-01-02T17:43:06.041494] [B07661Z3YX] Category: BASIC VITAMINS & MINERALS, Subcategory: COENZYME Q10, Primary: coq10
[2026-01-02T17:43:06.041722] [B07661Z3YX] Health Focus: UNKNOWN
[2026-01-02T17:43:06.041819] [B07661Z3YX] High Level Category: PRIORITY VMS
[2026-01-02T17:43:06.042435] Saved: audit/100_records/run_7/step3_postprocess/B07661Z3YX.json
[2026-01-02T17:43:06.042542] [B07661Z3YX] COMPLETE in 50.19s
[2026-01-02T17:43:09.774799] [B0D2L5D3QB] Applying business rules...
[2026-01-02T17:43:09.774998] [B0D2L5D3QB] Category: UNKNOWN, Subcategory: UNKNOWN, Primary: nano defense pro
[2026-01-02T17:43:09.775641] [B0D2L5D3QB] Health Focus: UNKNOWN
[2026-01-02T17:43:09.775830] [B0D2L5D3QB] High Level Category: PRIORITY VMS
[2026-01-02T17:43:09.776796] Saved: audit/100_records/run_7/step3_postprocess/B0D2L5D3QB.json
[2026-01-02T17:43:09.776978] [B0D2L5D3QB] COMPLETE in 53.87s
[2026-01-02T17:43:12.538474] [B088FFV6YV] Applying business rules...
[2026-01-02T17:43:12.538735] [B088FFV6YV] Category: HERBAL REMEDIES, Subcategory: SINGLES, Primary: spirulina
[2026-01-02T17:43:12.539127] [B088FFV6YV] Health Focus: UNKNOWN
[2026-01-02T17:43:12.539546] [B088FFV6YV] High Level Category: PRIORITY VMS
[2026-01-02T17:43:12.540846] Saved: audit/100_records/run_7/step3_postprocess/B088FFV6YV.json
[2026-01-02T17:43:12.541082] [B088FFV6YV] COMPLETE in 56.64s
[2026-01-02T17:43:12.562504] [B0FDH4WMJY] Applying business rules...
[2026-01-02T17:43:12.562673] [B0FDH4WMJY] Category: FATTY ACIDS, Subcategory: HEMP/CBD, Primary: blood flow
[2026-01-02T17:43:12.563305] [B0FDH4WMJY] Health Focus: COUGH, COLD & FLU
[2026-01-02T17:43:12.563465] [B0FDH4WMJY] High Level Category: PRIORITY VMS
[2026-01-02T17:43:12.563976] Saved: audit/100_records/run_7/step3_postprocess/B0FDH4WMJY.json
[2026-01-02T17:43:12.564090] [B0FDH4WMJY] COMPLETE in 56.68s
[2026-01-02T17:43:14.689386] [B0FD1WF2HJ] Applying business rules...
[2026-01-02T17:43:14.689692] [B0FD1WF2HJ] Category: FATTY ACIDS, Subcategory: HEMP/CBD, Primary: red clover blossoms
[2026-01-02T17:43:14.691801] [B0FD1WF2HJ] Health Focus: REPRODUCTIVE HEALTH
[2026-01-02T17:43:14.692160] [B0FD1WF2HJ] High Level Category: PRIORITY VMS
[2026-01-02T17:43:14.693083] Saved: audit/100_records/run_7/step3_postprocess/B0FD1WF2HJ.json
[2026-01-02T17:43:14.693248] [B0FD1WF2HJ] COMPLETE in 58.81s
[2026-01-02T17:43:16.904607] [B0BH6FHLHM] Applying business rules...
[2026-01-02T17:43:16.904795] [B0BH6FHLHM] Category: PROBIOTICS+, Subcategory: PREBIOTICS AND PROBIOTICS, Primary: probiotic
[2026-01-02T17:43:16.905113] [B0BH6FHLHM] Health Focus: BEAUTY
[2026-01-02T17:43:16.905234] [B0BH6FHLHM] High Level Category: PRIORITY VMS
[2026-01-02T17:43:16.905944] Saved: audit/100_records/run_7/step3_postprocess/B0BH6FHLHM.json
[2026-01-02T17:43:16.906099] [B0BH6FHLHM] COMPLETE in 61.01s
[2026-01-02T17:43:18.144926] [B0DSQMLMZ7] Applying business rules...
[2026-01-02T17:43:18.145118] [B0DSQMLMZ7] Category: SPORTS NUTRITION, Subcategory: PROTEIN, Primary: protein
[2026-01-02T17:43:18.145389] [B0DSQMLMZ7] Health Focus: CARDIOVASCULAR HEALTH
[2026-01-02T17:43:18.145500] [B0DSQMLMZ7] High Level Category: PRIORITY VMS
[2026-01-02T17:43:18.146449] Saved: audit/100_records/run_7/step3_postprocess/B0DSQMLMZ7.json
[2026-01-02T17:43:18.146635] [B0DSQMLMZ7] COMPLETE in 62.25s
[2026-01-02T17:43:24.316151] [B0DQFBTG4K] Applying business rules...
[2026-01-02T17:43:24.316227] [B0D93N7GZM] Applying business rules...
[2026-01-02T17:43:24.316404] [B0DQFBTG4K] Category: SPORTS NUTRITION, Subcategory: PROTEIN, Primary: protein
[2026-01-02T17:43:24.316519] [B0D93N7GZM] Category: BASIC VITAMINS & MINERALS, Subcategory: MINERALS, Primary: magnesium glycinate
[2026-01-02T17:43:24.317012] [B0DQFBTG4K] Health Focus: CARDIOVASCULAR HEALTH
[2026-01-02T17:43:24.317516] [B0D93N7GZM] Health Focus: DIGESTIVE HEALTH
[2026-01-02T17:43:24.317591] [B0DQFBTG4K] High Level Category: PRIORITY VMS
[2026-01-02T17:43:24.317653] [B0D93N7GZM] High Level Category: PRIORITY VMS
[2026-01-02T17:43:24.318492] Saved: audit/100_records/run_7/step3_postprocess/B0DQFBTG4K.json
[2026-01-02T17:43:24.318522] Saved: audit/100_records/run_7/step3_postprocess/B0D93N7GZM.json
[2026-01-02T17:43:24.318664] [B0DQFBTG4K] COMPLETE in 68.43s
[2026-01-02T17:43:24.318718] [B0D93N7GZM] COMPLETE in 68.42s
[2026-01-02T17:43:27.285730] [B0DM63Y1QR] Applying business rules...
[2026-01-02T17:43:27.286107] [B0DM63Y1QR] Category: ACTIVE NUTRITION, Subcategory: PERFORMANCE NUTRITION, Primary: creatine monohydrate
[2026-01-02T17:43:27.286824] [B0DM63Y1QR] Health Focus: UNKNOWN
[2026-01-02T17:43:27.287120] [B0DM63Y1QR] High Level Category: NON-PRIORITY VMS
[2026-01-02T17:43:27.287834] Saved: audit/100_records/run_7/step3_postprocess/B0DM63Y1QR.json
[2026-01-02T17:43:27.287971] [B0DM63Y1QR] COMPLETE in 71.40s
[2026-01-02T17:43:27.304542] [B09Z1F981N] Applying business rules...
[2026-01-02T17:43:27.304728] [B09Z1F981N] Category: None, Subcategory: None, Primary: electrolytes
[2026-01-02T17:43:27.305017] [B09Z1F981N] Health Focus: ENERGY SUPPORT
[2026-01-02T17:43:27.305145] [B09Z1F981N] High Level Category: REMOVE
[2026-01-02T17:43:27.305873] Saved: audit/100_records/run_7/step3_postprocess/B09Z1F981N.json
[2026-01-02T17:43:27.306034] [B09Z1F981N] COMPLETE in 71.40s
[2026-01-02T17:43:27.626895] [B0F3QJ841K] Applying business rules...
[2026-01-02T17:43:27.627136] [B0F3QJ841K] Category: BASIC VITAMINS & MINERALS, Subcategory: MINERALS, Primary: magnesium
[2026-01-02T17:43:27.627358] [B0F3QJ841K] Health Focus: MOOD & STRESS SUPPORT
[2026-01-02T17:43:27.627481] [B0F3QJ841K] High Level Category: PRIORITY VMS
[2026-01-02T17:43:27.628069] Saved: audit/100_records/run_7/step3_postprocess/B0F3QJ841K.json
[2026-01-02T17:43:27.628198] [B0F3QJ841K] COMPLETE in 71.74s
[2026-01-02T17:43:30.754420] [B0F94G1PLD] Applying business rules...
[2026-01-02T17:43:30.754691] [B0F94G1PLD] Category: BASIC VITAMINS & MINERALS, Subcategory: LETTER VITAMINS, Primary: vitamin
[2026-01-02T17:43:30.755122] [B0F94G1PLD] Health Focus: BEAUTY
[2026-01-02T17:43:30.755406] [B0F94G1PLD] High Level Category: PRIORITY VMS
[2026-01-02T17:43:30.756058] Saved: audit/100_records/run_7/step3_postprocess/B0F94G1PLD.json
[2026-01-02T17:43:30.756195] [B0F94G1PLD] COMPLETE in 74.90s
[2026-01-02T17:43:34.867948] [B0DT98X7C5] Applying business rules...
[2026-01-02T17:43:34.868274] [B0DT98X7C5] Category: BASIC VITAMINS & MINERALS, Subcategory: DHEA & PREGNENOLONE & HORMONES, Primary: melatonin
[2026-01-02T17:43:34.868517] [B0DT98X7C5] Health Focus: SLEEP
[2026-01-02T17:43:34.868650] [B0DT98X7C5] High Level Category: PRIORITY VMS
[2026-01-02T17:43:34.870198] Saved: audit/100_records/run_7/step3_postprocess/B0DT98X7C5.json
[2026-01-02T17:43:34.870568] [B0DT98X7C5] COMPLETE in 79.01s
[2026-01-02T17:43:36.437110] [B0CRSR8NZ4] Applying business rules...
[2026-01-02T17:43:36.437286] [B0CRSR8NZ4] Category: COMBINED MULTIVITAMINS, Subcategory: NON-SPECIFIC, Primary: multivitamin
[2026-01-02T17:43:36.437665] [B0CRSR8NZ4] Health Focus: OVERALL HEALTH
[2026-01-02T17:43:36.437824] [B0CRSR8NZ4] High Level Category: PRIORITY VMS
[2026-01-02T17:43:36.438519] Saved: audit/100_records/run_7/step3_postprocess/B0CRSR8NZ4.json
[2026-01-02T17:43:36.438643] [B0CRSR8NZ4] COMPLETE in 80.58s
[2026-01-02T17:43:38.851493] [B0DN2YNDNP] Applying business rules...
[2026-01-02T17:43:38.851721] [B0DN2YNDNP] Category: Other Mushroom, Subcategory: HEMP/CBD, Primary: super mushroom
[2026-01-02T17:43:38.852341] [B0DN2YNDNP] Health Focus: UNKNOWN
[2026-01-02T17:43:38.852489] [B0DN2YNDNP] High Level Category: PRIORITY VMS
[2026-01-02T17:43:38.853199] Saved: audit/100_records/run_7/step3_postprocess/B0DN2YNDNP.json
[2026-01-02T17:43:38.853342] [B0DN2YNDNP] COMPLETE in 82.96s
[2026-01-02T17:43:40.241967] [B0D73JWQSJ] Applying business rules...
[2026-01-02T17:43:40.242195] [B0D73JWQSJ] Category: COMBINED MULTIVITAMINS, Subcategory: NON-SPECIFIC, Primary: multivitamin
[2026-01-02T17:43:40.242493] [B0D73JWQSJ] Health Focus: OVERALL HEALTH
[2026-01-02T17:43:40.242618] [B0D73JWQSJ] High Level Category: PRIORITY VMS
[2026-01-02T17:43:40.243290] Saved: audit/100_records/run_7/step3_postprocess/B0D73JWQSJ.json
[2026-01-02T17:43:40.243457] [B0D73JWQSJ] COMPLETE in 84.35s
[2026-01-02T17:43:42.513572] [B0B4MBM3D6] Applying business rules...
[2026-01-02T17:43:42.513757] [B0B4MBM3D6] Category: FATTY ACIDS, Subcategory: HEMP/CBD, Primary: lobelia
[2026-01-02T17:43:42.513923] [B0B4MBM3D6] Health Focus: COUGH, COLD & FLU
[2026-01-02T17:43:42.514028] [B0B4MBM3D6] High Level Category: PRIORITY VMS
[2026-01-02T17:43:42.514719] Saved: audit/100_records/run_7/step3_postprocess/B0B4MBM3D6.json
[2026-01-02T17:43:42.514910] [B0B4MBM3D6] COMPLETE in 86.61s
[2026-01-02T17:43:53.157814] [B0F69PMFS4] Applying business rules...
[2026-01-02T17:43:53.158078] [B0F69PMFS4] Category: UNKNOWN, Subcategory: UNKNOWN, Primary: electrolyte
[2026-01-02T17:43:53.158401] [B0F69PMFS4] Health Focus: ENERGY SUPPORT
[2026-01-02T17:43:53.158529] [B0F69PMFS4] High Level Category: PRIORITY VMS
[2026-01-02T17:43:53.160315] Saved: audit/100_records/run_7/step3_postprocess/B0F69PMFS4.json
[2026-01-02T17:43:53.160876] [B0F69PMFS4] COMPLETE in 97.26s
