[2026-01-01T02:33:08.381323] ============================================================
[2026-01-01T02:33:08.381406] STEP 1: NON-SUPPLEMENT FILTERING
[2026-01-01T02:33:08.381437] ============================================================
[2026-01-01T02:33:08.382387] [B0DX7JCTT6] Checking: bakuchiol retinol rejuvenation serum, anti-aging face serum hydrates skin, reduc...
[2026-01-01T02:33:08.382646] [B0DYV8BKHY] Checking: vilosatibetansingingbowlsetãmeditationsoundbowlhandcraftedinnepalwithstriker&2p...
[2026-01-01T02:33:08.382879] [B0F94G1PLD] Checking: (2 pack) presgera capsules - presgera supplements pills advanced formula for wel...
[2026-01-01T02:33:08.382564] [B0F47VTGSN] Checking: silicone pillow, face massage pillow face pillow cushion pad spa beauty salon sk...
[2026-01-01T02:33:08.382735] [B0CRSR8NZ4] Checking: liquidhealth ultimate bariatric liquid vitamin supplement bundle - daily bariatr...
[2026-01-01T02:33:08.387571] [B0DX7JCTT6] FILTERED OUT: Amazon subcategory marked as REMOVE
[2026-01-01T02:33:08.389595] [B0D9W7H2VN] Checking: la fermiere hibiscus raspberry yogurt, 5.6 oz...
[2026-01-01T02:33:08.391584] [B0DYV8BKHY] FILTERED OUT: Amazon subcategory marked as REMOVE
[2026-01-01T02:33:08.393018] [B0CRSR8NZ4] PASSED - REMAP: COMBINED MULTIVITAMINS/NON-SPECIFIC
[2026-01-01T02:33:08.393489] [B0F94G1PLD] PASSED - REMAP: HERBAL REMEDIES/NON-SPECIFIC
[2026-01-01T02:33:08.392575] [B0F47VTGSN] FILTERED OUT: Amazon subcategory marked as REMOVE
[2026-01-01T02:33:08.404330] [B0D9W7H2VN] FILTERED OUT: Amazon subcategory marked as REMOVE
[2026-01-01T02:33:08.404442] [B0F94G1PLD] PASSED filtering
[2026-01-01T02:33:08.404058] [B0F48YTHV6] Checking: siliconescarsheets-(1.6ãx60ã)scartaperollforc-section,surgery,tummytuck,keloid...
[2026-01-01T02:33:08.403967] [B0CRSR8NZ4] PASSED filtering
[2026-01-01T02:33:08.404663] [B003W0XMC8] Checking: blumenthal button shank remover...
[2026-01-01T02:33:08.404472] [B0DT98X7C5] Checking: gpgpgreenpeoplemelatonin5mgextrastrengthadultextrastrengthsupplement,sleepaidwit...
[2026-01-01T02:33:08.404990] [B0F48YTHV6] FILTERED OUT: Amazon subcategory marked as REMOVE
[2026-01-01T02:33:08.405309] [B0DT98X7C5] PASSED - REMAP: BASIC VITAMINS & MINERALS/DHEA & PREGNENOLONE & HORMONES
[2026-01-01T02:33:08.405476] [B003W0XMC8] FILTERED OUT: Amazon subcategory marked as REMOVE
[2026-01-01T02:33:08.405970] [B07661Z3YX] Checking: doctor's best high absorption coq10 with bioperine, gluten free, naturally ferme...
[2026-01-01T02:33:08.406282] [B07B5NW3LB] Checking: vanta 112 razor black...
[2026-01-01T02:33:08.406314] [B0DT98X7C5] PASSED filtering
[2026-01-01T02:33:08.406509] [B07661Z3YX] PASSED - REMAP: BASIC VITAMINS & MINERALS/MINERALS
[2026-01-01T02:33:08.406693] [B07B5NW3LB] FILTERED OUT: Amazon subcategory marked as REMOVE
[2026-01-01T02:33:08.406821] [B07661Z3YX] PASSED filtering
[2026-01-01T02:33:08.406872] [B0B9D4MM5Y] Checking: hearing aid stethoscope, stethoscope for hearing air device professional high co...
[2026-01-01T02:33:08.407346] [B0B9D4MM5Y] FILTERED OUT: Amazon subcategory marked as REMOVE
[2026-01-01T02:33:08.407484] [B00ORTRKRG] Checking: 1/2 oz ball style lead drop shot weights hand poured (100 per pack) s & j's tack...
[2026-01-01T02:33:08.407654] [B00ORTRKRG] PASSED - REMAP: MISCELLANEOUS SUPPLEMENTS/NON-SPECIFIC
[2026-01-01T02:33:08.407699] [B00ORTRKRG] PASSED filtering
