[2026-01-01T17:11:18.103442] Saved: audit/100_records/run_4/final/B0DX7JCTT6.json
[2026-01-01T17:11:18.103801] Saved: audit/100_records/run_4/final/B0F47VTGSN.json
[2026-01-01T17:11:18.104038] Saved: audit/100_records/run_4/final/B0DYV8BKHY.json
[2026-01-01T17:11:18.104419] Saved: audit/100_records/run_4/final/B0CRSR8NZ4.json
[2026-01-01T17:11:18.104687] Saved: audit/100_records/run_4/final/B0F94G1PLD.json
[2026-01-01T17:11:18.104898] Saved: audit/100_records/run_4/final/B0D9W7H2VN.json
[2026-01-01T17:11:18.105117] Saved: audit/100_records/run_4/final/B0F48YTHV6.json
[2026-01-01T17:11:18.105434] Saved: audit/100_records/run_4/final/B0DT98X7C5.json
[2026-01-01T17:11:18.105617] Saved: audit/100_records/run_4/final/B003W0XMC8.json
[2026-01-01T17:11:18.105849] Saved: audit/100_records/run_4/final/B07661Z3YX.json
[2026-01-01T17:11:18.106040] Saved: audit/100_records/run_4/final/B07B5NW3LB.json
[2026-01-01T17:11:18.106239] Saved: audit/100_records/run_4/final/B0B9D4MM5Y.json
[2026-01-01T17:11:18.106457] Saved: audit/100_records/run_4/final/B00ORTRKRG.json
[2026-01-01T17:11:18.106643] Saved: audit/100_records/run_4/final/B0DYYKZJ9P.json
[2026-01-01T17:11:18.106842] Saved: audit/100_records/run_4/final/B00JIW5W90.json
[2026-01-01T17:11:18.107042] Saved: audit/100_records/run_4/final/B08249R3DT.json
[2026-01-01T17:11:18.107234] Saved: audit/100_records/run_4/final/B0B6HNQ6ST.json
[2026-01-01T17:11:18.107416] Saved: audit/100_records/run_4/final/B0F3XF36YF.json
[2026-01-01T17:11:18.107593] Saved: audit/100_records/run_4/final/B0DXVBS3CR.json
[2026-01-01T17:11:18.108971] Saved: audit/100_records/run_4/final/B0DWH2V3X5.json
[2026-01-01T17:11:18.109295] Saved: audit/100_records/run_4/final/B07534S4HQ.json
[2026-01-01T17:11:18.109559] Saved: audit/100_records/run_4/final/B0CLYZV7XF.json
[2026-01-01T17:11:18.109799] Saved: audit/100_records/run_4/final/B0FD3C138L.json
[2026-01-01T17:11:18.110021] Saved: audit/100_records/run_4/final/B07FJZ92MN.json
[2026-01-01T17:11:18.110235] Saved: audit/100_records/run_4/final/B0F321184C.json
[2026-01-01T17:11:18.110440] Saved: audit/100_records/run_4/final/B0DSZV5FCW.json
[2026-01-01T17:11:18.110652] Saved: audit/100_records/run_4/final/B081LFG6S4.json
[2026-01-01T17:11:18.110849] Saved: audit/100_records/run_4/final/B0F7848CK8.json
[2026-01-01T17:11:18.111058] Saved: audit/100_records/run_4/final/B0FDV4VJGD.json
[2026-01-01T17:11:18.111272] Saved: audit/100_records/run_4/final/B0CRKNCY5D.json
[2026-01-01T17:11:18.111576] Saved: audit/100_records/run_4/final/B077XK525F.json
[2026-01-01T17:11:18.111760] Saved: audit/100_records/run_4/final/B0DXX8PSYY.json
[2026-01-01T17:11:18.111927] Saved: audit/100_records/run_4/final/B0FD41XD7D.json
[2026-01-01T17:11:18.112119] Saved: audit/100_records/run_4/final/B0F2JNBG5Z.json
[2026-01-01T17:11:18.112364] Saved: audit/100_records/run_4/final/B0FD1WF2HJ.json
[2026-01-01T17:11:18.112573] Saved: audit/100_records/run_4/final/B0DSBQKLFL.json
[2026-01-01T17:11:18.112768] Saved: audit/100_records/run_4/final/B0F79V21TG.json
[2026-01-01T17:11:18.112952] Saved: audit/100_records/run_4/final/B08RMLXQFR.json
[2026-01-01T17:11:18.113134] Saved: audit/100_records/run_4/final/B0CS6J2YW7.json
[2026-01-01T17:11:18.113329] Saved: audit/100_records/run_4/final/B08C5NX1ML.json
[2026-01-01T17:11:18.113520] Saved: audit/100_records/run_4/final/B083JP1G11.json
[2026-01-01T17:11:18.113687] Saved: audit/100_records/run_4/final/B0C173H9J3.json
[2026-01-01T17:11:18.113882] Saved: audit/100_records/run_4/final/B0DQQFHBNJ.json
[2026-01-01T17:11:18.114134] Saved: audit/100_records/run_4/final/B00X4PDXPW.json
[2026-01-01T17:11:18.114320] Saved: audit/100_records/run_4/final/B0FF4D1YD8.json
[2026-01-01T17:11:18.114518] Saved: audit/100_records/run_4/final/B0DGGQ3XL8.json
[2026-01-01T17:11:18.114727] Saved: audit/100_records/run_4/final/B0F9CNJ4PF.json
[2026-01-01T17:11:18.114963] Saved: audit/100_records/run_4/final/B0FDH4WMJY.json
[2026-01-01T17:11:18.115154] Saved: audit/100_records/run_4/final/B07DNTYN7D.json
[2026-01-01T17:11:18.115411] Saved: audit/100_records/run_4/final/B0DQFBTG4K.json
[2026-01-01T17:11:18.115728] Saved: audit/100_records/run_4/final/B0785GPGXM.json
[2026-01-01T17:11:18.115941] Saved: audit/100_records/run_4/final/B0D5R231NR.json
[2026-01-01T17:11:18.116134] Saved: audit/100_records/run_4/final/B0DCG6HDHM.json
[2026-01-01T17:11:18.116392] Saved: audit/100_records/run_4/final/B0FFHS6LJ7.json
[2026-01-01T17:11:18.116610] Saved: audit/100_records/run_4/final/B0DM63Y1QR.json
[2026-01-01T17:11:18.116816] Saved: audit/100_records/run_4/final/B0F79VBBDD.json
[2026-01-01T17:11:18.117004] Saved: audit/100_records/run_4/final/B0CC1Z9H9J.json
[2026-01-01T17:11:18.117222] Saved: audit/100_records/run_4/final/B0F3QJ841K.json
[2026-01-01T17:11:18.117387] Saved: audit/100_records/run_4/final/B08XMRQM8F.json
[2026-01-01T17:11:18.117549] Saved: audit/100_records/run_4/final/B07SLC4F3Q.json
[2026-01-01T17:11:18.117722] Saved: audit/100_records/run_4/final/B07BZT4NR7.json
[2026-01-01T17:11:18.118206] Saved: audit/100_records/run_4/final/B0CGB15Y1B.json
[2026-01-01T17:11:18.118543] Saved: audit/100_records/run_4/final/B0D73JWQSJ.json
[2026-01-01T17:11:18.118749] Saved: audit/100_records/run_4/final/B0FBMFX7TK.json
[2026-01-01T17:11:18.118926] Saved: audit/100_records/run_4/final/B0DTKRM9SG.json
[2026-01-01T17:11:18.119086] Saved: audit/100_records/run_4/final/B0CGVWMH91.json
[2026-01-01T17:11:18.119318] Saved: audit/100_records/run_4/final/B0DSQMLMZ7.json
[2026-01-01T17:11:18.119536] Saved: audit/100_records/run_4/final/B0D7VVDC9M.json
[2026-01-01T17:11:18.119704] Saved: audit/100_records/run_4/final/B0D2XJSVGR.json
[2026-01-01T17:11:18.119892] Saved: audit/100_records/run_4/final/B0BH6FHLHM.json
[2026-01-01T17:11:18.120050] Saved: audit/100_records/run_4/final/B0DN2YNDNP.json
[2026-01-01T17:11:18.120202] Saved: audit/100_records/run_4/final/B0BKXSF3ZN.json
[2026-01-01T17:11:18.120344] Saved: audit/100_records/run_4/final/B0BD74DHWZ.json
[2026-01-01T17:11:18.120495] Saved: audit/100_records/run_4/final/B0F1DY5YC5.json
[2026-01-01T17:11:18.120642] Saved: audit/100_records/run_4/final/B0F293JPVV.json
[2026-01-01T17:11:18.120788] Saved: audit/100_records/run_4/final/B0F1DB7T64.json
[2026-01-01T17:11:18.120936] Saved: audit/100_records/run_4/final/B01M72N45A.json
[2026-01-01T17:11:18.121346] Saved: audit/100_records/run_4/final/B0F69PMFS4.json
[2026-01-01T17:11:18.121500] Saved: audit/100_records/run_4/final/B0F2F7H3R6.json
[2026-01-01T17:11:18.121640] Saved: audit/100_records/run_4/final/B0CR4JHJF6.json
[2026-01-01T17:11:18.121781] Saved: audit/100_records/run_4/final/B0DZHBRK94.json
[2026-01-01T17:11:18.121921] Saved: audit/100_records/run_4/final/B07GJL3RBD.json
[2026-01-01T17:11:18.122062] Saved: audit/100_records/run_4/final/B0F7C9DWG6.json
[2026-01-01T17:11:18.122205] Saved: audit/100_records/run_4/final/B086RYBTBF.json
[2026-01-01T17:11:18.122357] Saved: audit/100_records/run_4/final/B07VN5QTWG.json
[2026-01-01T17:11:18.122587] Saved: audit/100_records/run_4/final/B088FFV6YV.json
[2026-01-01T17:11:18.122787] Saved: audit/100_records/run_4/final/B0D2M79C6Y.json
[2026-01-01T17:11:18.122942] Saved: audit/100_records/run_4/final/B0F8PB7N9H.json
[2026-01-01T17:11:18.123112] Saved: audit/100_records/run_4/final/B08BGWRSX2.json
[2026-01-01T17:11:18.123252] Saved: audit/100_records/run_4/final/B0DNFN8T7Q.json
[2026-01-01T17:11:18.123384] Saved: audit/100_records/run_4/final/B0DB8J22CB.json
[2026-01-01T17:11:18.123588] Saved: audit/100_records/run_4/final/B0D93N7GZM.json
[2026-01-01T17:11:18.123755] Saved: audit/100_records/run_4/final/B0F3VLXJ42.json
[2026-01-01T17:11:18.123898] Saved: audit/100_records/run_4/final/B0FDB59YWX.json
[2026-01-01T17:11:18.124040] Saved: audit/100_records/run_4/final/B09SD3F2XN.json
[2026-01-01T17:11:18.124250] Saved: audit/100_records/run_4/final/B0B4MBM3D6.json
[2026-01-01T17:11:18.124419] Saved: audit/100_records/run_4/final/B0FC4GYHK5.json
[2026-01-01T17:11:18.124547] Saved: audit/100_records/run_4/final/B0D5Z131HZ.json
[2026-01-01T17:11:18.124846] Saved: audit/100_records/run_4/final/B09Z1F981N.json
[2026-01-01T17:11:18.124990] Saved: audit/100_records/run_4/final/B0D2L5D3QB.json
