[2026-01-01T17:09:01.770148] RUN START: uncoded_100_records | Run: run_4
[2026-01-01T17:09:01.771181] ================================================================================
[2026-01-01T17:09:01.771222] STARTING PRODUCTION ORCHESTRATOR
[2026-01-01T17:09:01.771255] ================================================================================
[2026-01-01T17:09:01.771282] Input file: data/input/uncoded_100_records.csv
[2026-01-01T17:09:01.771308] Total records: 100
[2026-01-01T17:09:01.771336] Max workers: 100
[2026-01-01T17:09:01.771364] Batch size: 100
[2026-01-01T17:09:01.771388] File ID: 100_records
[2026-01-01T17:09:01.771411] Run ID: run_4
[2026-01-01T17:11:18.125052] Batch 1 complete: 100 products processed
[2026-01-01T17:11:18.127963] ================================================================================
[2026-01-01T17:11:18.128006] PROCESSING COMPLETE
[2026-01-01T17:11:18.128041] ================================================================================
[2026-01-01T17:11:18.128077] Success: 28, Filtered: 0, Errors: 2
[2026-01-01T17:11:18.128114] Total cost: $0.0000
[2026-01-01T17:11:18.128149] Total tokens: 0 (input: 0, output: 0)
[2026-01-01T17:11:18.128183] Total duration: 136.36s
[2026-01-01T17:11:18.128217] Output CSV: data/output/100_records/run_4/uncoded_100_records.csv
[2026-01-01T17:11:18.128347] Run manifest saved: audit/100_records/run_4/run_manifest.json
