[2026-01-01T17:09:01.771659] ============================================================
[2026-01-01T17:09:01.771720] STEP 3: POST-PROCESSING (Business Rules, HF, HLC)
[2026-01-01T17:09:01.771746] ============================================================
[2026-01-01T17:09:13.305181] [B0FBMFX7TK] Applying business rules...
[2026-01-01T17:09:13.305338] [B0FBMFX7TK] Category: None, Subcategory: None, Primary: None
[2026-01-01T17:09:13.305455] [B0FBMFX7TK] High Level Category: REMOVE
[2026-01-01T17:09:13.306018] Saved: audit/100_records/run_4/step3_postprocess/B0FBMFX7TK.json
[2026-01-01T17:09:13.306140] [B0FBMFX7TK] COMPLETE in 11.50s
[2026-01-01T17:09:14.163111] [B083JP1G11] Applying business rules...
[2026-01-01T17:09:14.163227] [B083JP1G11] Category: None, Subcategory: None, Primary: None
[2026-01-01T17:09:14.163328] [B083JP1G11] High Level Category: REMOVE
[2026-01-01T17:09:14.163816] Saved: audit/100_records/run_4/step3_postprocess/B083JP1G11.json
[2026-01-01T17:09:14.163952] [B083JP1G11] COMPLETE in 12.37s
[2026-01-01T17:09:14.703287] [B00ORTRKRG] Applying business rules...
[2026-01-01T17:09:14.703504] [B00ORTRKRG] Category: , Subcategory: , Primary: value
[2026-01-01T17:09:14.708690] [B00ORTRKRG] Health Focus: SLEEP
[2026-01-01T17:09:14.709012] [B00ORTRKRG] High Level Category: REMOVE
[2026-01-01T17:09:14.709671] Saved: audit/100_records/run_4/step3_postprocess/B00ORTRKRG.json
[2026-01-01T17:09:14.709871] [B00ORTRKRG] COMPLETE in 12.94s
[2026-01-01T17:09:17.059461] [B07BZT4NR7] Applying business rules...
[2026-01-01T17:09:17.059633] [B07BZT4NR7] Category: None, Subcategory: None, Primary: None
[2026-01-01T17:09:17.059750] [B07BZT4NR7] High Level Category: REMOVE
[2026-01-01T17:09:17.060246] Saved: audit/100_records/run_4/step3_postprocess/B07BZT4NR7.json
[2026-01-01T17:09:17.060378] [B07BZT4NR7] COMPLETE in 15.26s
[2026-01-01T17:09:21.459628] [B0D2L5D3QB] Applying business rules...
[2026-01-01T17:09:21.459788] [B0D2L5D3QB] Category: None, Subcategory: None, Primary: None
[2026-01-01T17:09:21.459879] [B0D2L5D3QB] High Level Category: REMOVE
[2026-01-01T17:09:21.460294] Saved: audit/100_records/run_4/step3_postprocess/B0D2L5D3QB.json
[2026-01-01T17:09:21.460392] [B0D2L5D3QB] COMPLETE in 19.64s
[2026-01-01T17:09:36.313858] [B0DWH2V3X5] Applying business rules...
[2026-01-01T17:09:36.314178] [B0DWH2V3X5] Category: HERBAL REMEDIES, Subcategory: SINGLES, Primary: elderberry
[2026-01-01T17:09:36.314412] [B0DWH2V3X5] Health Focus: IMMUNE HEALTH
[2026-01-01T17:09:36.314539] [B0DWH2V3X5] High Level Category: PRIORITY VMS
[2026-01-01T17:09:36.315217] Saved: audit/100_records/run_4/step3_postprocess/B0DWH2V3X5.json
[2026-01-01T17:09:36.315383] [B0DWH2V3X5] COMPLETE in 34.53s
[2026-01-01T17:09:52.703782] [B0785GPGXM] Applying business rules...
[2026-01-01T17:09:52.704129] [B0785GPGXM] Category: UNKNOWN, Subcategory: UNKNOWN, Primary: spigelia
[2026-01-01T17:09:52.704520] [B0785GPGXM] Health Focus: URINARY TRACT HEALTH
[2026-01-01T17:09:52.704643] [B0785GPGXM] High Level Category: PRIORITY VMS
[2026-01-01T17:09:52.705515] Saved: audit/100_records/run_4/step3_postprocess/B0785GPGXM.json
[2026-01-01T17:09:52.705644] [B0785GPGXM] COMPLETE in 50.91s
[2026-01-01T17:09:53.273360] [B077XK525F] Applying business rules...
[2026-01-01T17:09:53.273526] [B077XK525F] Category: UNKNOWN, Subcategory: UNKNOWN, Primary: abrotanum
[2026-01-01T17:09:53.273819] [B077XK525F] Health Focus: UNKNOWN
[2026-01-01T17:09:53.273924] [B077XK525F] High Level Category: PRIORITY VMS
[2026-01-01T17:09:53.274538] Saved: audit/100_records/run_4/step3_postprocess/B077XK525F.json
[2026-01-01T17:09:53.274652] [B077XK525F] COMPLETE in 51.48s
[2026-01-01T17:09:57.044218] [B0BH6FHLHM] Applying business rules...
[2026-01-01T17:09:57.044428] [B0BH6FHLHM] Category: , Subcategory: , Primary: value
[2026-01-01T17:09:57.044872] [B0BH6FHLHM] Health Focus: SLEEP
[2026-01-01T17:09:57.045140] [B0BH6FHLHM] High Level Category: REMOVE
[2026-01-01T17:09:57.045795] Saved: audit/100_records/run_4/step3_postprocess/B0BH6FHLHM.json
[2026-01-01T17:09:57.045974] [B0BH6FHLHM] COMPLETE in 55.24s
[2026-01-01T17:09:57.141872] [B0F3VLXJ42] Applying business rules...
[2026-01-01T17:09:57.142160] [B0F3VLXJ42] Category: SPORTS NUTRITION, Subcategory: PROTEIN, Primary: protein
[2026-01-01T17:09:57.142537] [B0F3VLXJ42] Health Focus: CARDIOVASCULAR HEALTH
[2026-01-01T17:09:57.142677] [B0F3VLXJ42] High Level Category: PRIORITY VMS
[2026-01-01T17:09:57.143247] Saved: audit/100_records/run_4/step3_postprocess/B0F3VLXJ42.json
[2026-01-01T17:09:57.143386] [B0F3VLXJ42] COMPLETE in 55.33s
[2026-01-01T17:09:59.100538] [B07661Z3YX] Applying business rules...
[2026-01-01T17:09:59.100690] [B07661Z3YX] Category: BASIC VITAMINS & MINERALS, Subcategory: COENZYME Q10, Primary: coq10
[2026-01-01T17:09:59.101013] [B07661Z3YX] Health Focus: UNKNOWN
[2026-01-01T17:09:59.101119] [B07661Z3YX] High Level Category: PRIORITY VMS
[2026-01-01T17:09:59.101548] Saved: audit/100_records/run_4/step3_postprocess/B07661Z3YX.json
[2026-01-01T17:09:59.101649] [B07661Z3YX] COMPLETE in 57.33s
[2026-01-01T17:10:02.630505] [B0DM63Y1QR] Applying business rules...
[2026-01-01T17:10:02.630648] [B0DM63Y1QR] Category: ACTIVE NUTRITION, Subcategory: PERFORMANCE NUTRITION, Primary: creatine monohydrate
[2026-01-01T17:10:02.631498] [B0DM63Y1QR] Health Focus: UNKNOWN
[2026-01-01T17:10:02.631714] [B0DM63Y1QR] High Level Category: NON-PRIORITY VMS
[2026-01-01T17:10:02.632198] Saved: audit/100_records/run_4/step3_postprocess/B0DM63Y1QR.json
[2026-01-01T17:10:02.632319] [B0DM63Y1QR] COMPLETE in 60.83s
[2026-01-01T17:10:04.438437] [B0FD1WF2HJ] Applying business rules...
[2026-01-01T17:10:04.438666] [B0FD1WF2HJ] Category: , Subcategory: , Primary: value
[2026-01-01T17:10:04.439124] [B0FD1WF2HJ] Health Focus: SLEEP
[2026-01-01T17:10:04.439313] [B0FD1WF2HJ] High Level Category: REMOVE
[2026-01-01T17:10:04.440013] Saved: audit/100_records/run_4/step3_postprocess/B0FD1WF2HJ.json
[2026-01-01T17:10:04.440160] [B0FD1WF2HJ] COMPLETE in 62.64s
[2026-01-01T17:10:07.029763] [B0DSQMLMZ7] Applying business rules...
[2026-01-01T17:10:07.029994] [B0DSQMLMZ7] Category: SPORTS NUTRITION, Subcategory: PROTEIN, Primary: protein
[2026-01-01T17:10:07.030352] [B0DSQMLMZ7] Health Focus: CARDIOVASCULAR HEALTH
[2026-01-01T17:10:07.030478] [B0DSQMLMZ7] High Level Category: PRIORITY VMS
[2026-01-01T17:10:07.031203] Saved: audit/100_records/run_4/step3_postprocess/B0DSQMLMZ7.json
[2026-01-01T17:10:07.031327] [B0DSQMLMZ7] COMPLETE in 65.22s
[2026-01-01T17:10:07.101989] [B088FFV6YV] Applying business rules...
[2026-01-01T17:10:07.102192] [B088FFV6YV] Category: HERBAL REMEDIES, Subcategory: SINGLES, Primary: spirulina
[2026-01-01T17:10:07.102512] [B088FFV6YV] Health Focus: UNKNOWN
[2026-01-01T17:10:07.102637] [B088FFV6YV] High Level Category: PRIORITY VMS
[2026-01-01T17:10:07.103317] Saved: audit/100_records/run_4/step3_postprocess/B088FFV6YV.json
[2026-01-01T17:10:07.103458] [B088FFV6YV] COMPLETE in 65.29s
[2026-01-01T17:10:07.812301] [B0F94G1PLD] Applying business rules...
[2026-01-01T17:10:07.812464] [B0F94G1PLD] Category: , Subcategory: , Primary: value
[2026-01-01T17:10:07.812789] [B0F94G1PLD] Health Focus: SLEEP
[2026-01-01T17:10:07.812925] [B0F94G1PLD] High Level Category: REMOVE
[2026-01-01T17:10:07.813487] Saved: audit/100_records/run_4/step3_postprocess/B0F94G1PLD.json
[2026-01-01T17:10:07.813629] [B0F94G1PLD] COMPLETE in 66.04s
[2026-01-01T17:10:08.577320] [B0D2M79C6Y] Applying business rules...
[2026-01-01T17:10:08.577503] [B0D2M79C6Y] Category: None, Subcategory: None, Primary: None
[2026-01-01T17:10:08.578025] [B0D2M79C6Y] High Level Category: REMOVE
[2026-01-01T17:10:08.579318] Saved: audit/100_records/run_4/step3_postprocess/B0D2M79C6Y.json
[2026-01-01T17:10:08.579503] [B0D2M79C6Y] COMPLETE in 66.76s
[2026-01-01T17:10:10.073092] [B0FC4GYHK5] Applying business rules...
[2026-01-01T17:10:10.073266] [B0FC4GYHK5] Category: UNKNOWN, Subcategory: UNKNOWN, Primary: herbal
[2026-01-01T17:10:10.073590] [B0FC4GYHK5] Health Focus: WEIGHT MANAGEMENT
[2026-01-01T17:10:10.073709] [B0FC4GYHK5] High Level Category: PRIORITY VMS
[2026-01-01T17:10:10.074359] Saved: audit/100_records/run_4/step3_postprocess/B0FC4GYHK5.json
[2026-01-01T17:10:10.074557] [B0FC4GYHK5] COMPLETE in 68.26s
[2026-01-01T17:10:14.403800] [B0FDH4WMJY] Applying business rules...
[2026-01-01T17:10:14.403966] [B0FDH4WMJY] Category: FATTY ACIDS, Subcategory: HEMP/CBD, Primary: blood flow
[2026-01-01T17:10:14.404676] [B0FDH4WMJY] Health Focus: COUGH, COLD & FLU
[2026-01-01T17:10:14.404882] [B0FDH4WMJY] High Level Category: PRIORITY VMS
[2026-01-01T17:10:14.405747] Saved: audit/100_records/run_4/step3_postprocess/B0FDH4WMJY.json
[2026-01-01T17:10:14.405892] [B0FDH4WMJY] COMPLETE in 72.61s
[2026-01-01T17:10:16.903675] [B09Z1F981N] Applying business rules...
[2026-01-01T17:10:16.903898] [B09Z1F981N] Category: UNKNOWN, Subcategory: UNKNOWN, Primary: electrolytes
[2026-01-01T17:10:16.904247] [B09Z1F981N] Health Focus: ENERGY SUPPORT
[2026-01-01T17:10:16.904393] [B09Z1F981N] High Level Category: PRIORITY VMS
[2026-01-01T17:10:16.905330] Saved: audit/100_records/run_4/step3_postprocess/B09Z1F981N.json
[2026-01-01T17:10:16.905490] [B09Z1F981N] COMPLETE in 75.09s
[2026-01-01T17:10:17.378812] [B0B4MBM3D6] Applying business rules...
[2026-01-01T17:10:17.379078] [B0B4MBM3D6] Category: FATTY ACIDS, Subcategory: HEMP/CBD, Primary: lobelia
[2026-01-01T17:10:17.379442] [B0B4MBM3D6] Health Focus: COUGH, COLD & FLU
[2026-01-01T17:10:17.379619] [B0B4MBM3D6] High Level Category: PRIORITY VMS
[2026-01-01T17:10:17.380610] Saved: audit/100_records/run_4/step3_postprocess/B0B4MBM3D6.json
[2026-01-01T17:10:17.380752] [B0B4MBM3D6] COMPLETE in 75.56s
[2026-01-01T17:10:19.625323] [B0F3QJ841K] Applying business rules...
[2026-01-01T17:10:19.625512] [B0F3QJ841K] Category: , Subcategory: , Primary: value
[2026-01-01T17:10:19.625932] [B0F3QJ841K] Health Focus: SLEEP
[2026-01-01T17:10:19.626070] [B0F3QJ841K] High Level Category: REMOVE
[2026-01-01T17:10:19.626665] Saved: audit/100_records/run_4/step3_postprocess/B0F3QJ841K.json
[2026-01-01T17:10:19.626802] [B0F3QJ841K] COMPLETE in 77.82s
[2026-01-01T17:10:23.108330] [B0DQFBTG4K] Applying business rules...
[2026-01-01T17:10:23.108652] [B0DQFBTG4K] Category: SPORTS NUTRITION, Subcategory: PROTEIN, Primary: protein
[2026-01-01T17:10:23.109240] [B0DQFBTG4K] Health Focus: CARDIOVASCULAR HEALTH
[2026-01-01T17:10:23.109650] [B0DQFBTG4K] High Level Category: PRIORITY VMS
[2026-01-01T17:10:23.110466] Saved: audit/100_records/run_4/step3_postprocess/B0DQFBTG4K.json
[2026-01-01T17:10:23.110603] [B0DQFBTG4K] COMPLETE in 81.31s
[2026-01-01T17:10:23.722953] [B0DT98X7C5] Applying business rules...
[2026-01-01T17:10:23.723133] [B0DT98X7C5] Category: BASIC VITAMINS & MINERALS, Subcategory: DHEA & PREGNENOLONE & HORMONES, Primary: melatonin
[2026-01-01T17:10:23.723320] [B0DT98X7C5] Health Focus: SLEEP
[2026-01-01T17:10:23.723437] [B0DT98X7C5] High Level Category: PRIORITY VMS
[2026-01-01T17:10:23.724133] Saved: audit/100_records/run_4/step3_postprocess/B0DT98X7C5.json
[2026-01-01T17:10:23.724279] [B0DT98X7C5] COMPLETE in 81.95s
[2026-01-01T17:10:29.870428] [B0FFHS6LJ7] Applying business rules...
[2026-01-01T17:10:29.870630] [B0FFHS6LJ7] Category: UNKNOWN, Subcategory: UNKNOWN, Primary: nopal cactus
[2026-01-01T17:10:29.871181] [B0FFHS6LJ7] Health Focus: BONE HEALTH
[2026-01-01T17:10:29.871320] [B0FFHS6LJ7] High Level Category: PRIORITY VMS
[2026-01-01T17:10:29.872043] Saved: audit/100_records/run_4/step3_postprocess/B0FFHS6LJ7.json
[2026-01-01T17:10:29.872205] [B0FFHS6LJ7] COMPLETE in 88.07s
[2026-01-01T17:10:38.982119] [B0D73JWQSJ] Applying business rules...
[2026-01-01T17:10:38.982415] [B0D73JWQSJ] Category: UNKNOWN, Subcategory: UNKNOWN, Primary: acv
[2026-01-01T17:10:38.982687] [B0D73JWQSJ] Health Focus: UNKNOWN
[2026-01-01T17:10:38.982797] [B0D73JWQSJ] High Level Category: PRIORITY VMS
[2026-01-01T17:10:38.983424] Saved: audit/100_records/run_4/step3_postprocess/B0D73JWQSJ.json
[2026-01-01T17:10:38.983565] [B0D73JWQSJ] COMPLETE in 97.18s
[2026-01-01T17:10:49.265418] [B0CRSR8NZ4] Applying business rules...
[2026-01-01T17:10:49.265623] [B0CRSR8NZ4] Category: COMBINED MULTIVITAMINS, Subcategory: NON-SPECIFIC, Primary: multivitamin
[2026-01-01T17:10:49.265963] [B0CRSR8NZ4] Health Focus: OVERALL HEALTH
[2026-01-01T17:10:49.266157] [B0CRSR8NZ4] High Level Category: PRIORITY VMS
[2026-01-01T17:10:49.266752] Saved: audit/100_records/run_4/step3_postprocess/B0CRSR8NZ4.json
[2026-01-01T17:10:49.266881] [B0CRSR8NZ4] COMPLETE in 107.49s
[2026-01-01T17:11:18.083393] [B0F69PMFS4] Applying business rules...
[2026-01-01T17:11:18.083585] [B0F69PMFS4] Category: UNKNOWN, Subcategory: UNKNOWN, Primary: electrolyte
[2026-01-01T17:11:18.083950] [B0F69PMFS4] Health Focus: ENERGY SUPPORT
[2026-01-01T17:11:18.084100] [B0F69PMFS4] High Level Category: PRIORITY VMS
[2026-01-01T17:11:18.085386] Saved: audit/100_records/run_4/step3_postprocess/B0F69PMFS4.json
[2026-01-01T17:11:18.085559] [B0F69PMFS4] COMPLETE in 136.27s
